Using pre-set license
Built from '2020.2/staging' branch; Version is '2020.2.7f1 (c53830e277f1) revision 12924976'; Using compiler version '192528614'; Build Type 'Release'
OS: 'Windows 8.1  (6.3.0) 64bit' Language: 'ru' Physical Memory: 3942 MB
BatchMode: 1, IsHumanControllingUs: 0, StartBugReporterOnCrash: 0, Is64bit: 1, IsPro: 0

 COMMAND LINE ARGUMENTS:
C:\Program Files\Unity\2020.2.7f1\Editor\Unity.exe
-adb2
-batchMode
-noUpm
-name
AssetImportWorker0
-projectPath
C:/Program Files/Unity/Projects/Balloform
-logFile
Logs/AssetImportWorker0.log
-srvPort
9285
Successfully changed project path to: C:/Program Files/Unity/Projects/Balloform
C:/Program Files/Unity/Projects/Balloform
Using Asset Import Pipeline V2.
Default GameObject BitMask: Water already registered

Refreshing native plugins compatible for Editor in 110.07 ms, found 0 plugins.
Preloading 0 native plugins for Editor in 0.00 ms.
Initialize engine version: 2020.2.7f1 (c53830e277f1)
[Subsystems] Discovering subsystems at path C:/Program Files/Unity/2020.2.7f1/Editor/Data/Resources/UnitySubsystems
[Subsystems] Discovering subsystems at path C:/Program Files/Unity/Projects/Balloform/Assets
GfxDevice: creating device client; threaded=0
d3d11: QueryInterface(IDXGIFactory5) failed (80004002).
Direct3D:
    Version:  Direct3D 11.0 [level 11.1]
    Renderer: Intel(R) HD Graphics (ID=0x22b1)
    Vendor:   
    VRAM:     1760 MB
    Driver:   20.19.15.4835
Initialize mono
Mono path[0] = 'C:/Program Files/Unity/2020.2.7f1/Editor/Data/Managed'
Mono path[1] = 'C:/Program Files/Unity/2020.2.7f1/Editor/Data/MonoBleedingEdge/lib/mono/unityjit'
Mono config path = 'C:/Program Files/Unity/2020.2.7f1/Editor/Data/MonoBleedingEdge/etc'
Using monoOptions --debugger-agent=transport=dt_socket,embedding=1,server=y,suspend=n,address=127.0.0.1:56804
Begin MonoManager ReloadAssembly
Registering precompiled unity dll's ...
Register platform support module: C:/Program Files/Unity/2020.2.7f1/Editor/Data/PlaybackEngines/WebGLSupport/UnityEditor.WebGL.Extensions.dll
Register platform support module: C:/Program Files/Unity/2020.2.7f1/Editor/Data/PlaybackEngines/WindowsStandaloneSupport/UnityEditor.WindowsStandalone.Extensions.dll
Registered in 0.005783 seconds.
Native extension for WindowsStandalone target not found
Native extension for WebGL target not found
Refreshing native plugins compatible for Editor in 107.21 ms, found 0 plugins.
Preloading 0 native plugins for Editor in 0.00 ms.
Invoked RoslynAnalysisRunner static constructor.
RoslynAnalysisRunner will not be running.
RoslynAnalysisRunner has terminated.
Mono: successfully reloaded assembly
- Completed reload, in  6.702 seconds
Platform modules already initialized, skipping
Registering precompiled user dll's ...
Registered in 0.002504 seconds.
Begin MonoManager ReloadAssembly
Native extension for WindowsStandalone target not found
Native extension for WebGL target not found
Refreshing native plugins compatible for Editor in 1.00 ms, found 0 plugins.
Preloading 0 native plugins for Editor in 0.00 ms.
Invoked RoslynAnalysisRunner static constructor.
RoslynAnalysisRunner will not be running.
RoslynAnalysisRunner has terminated.
Mono: successfully reloaded assembly
- Completed reload, in  3.373 seconds
Platform modules already initialized, skipping
========================================================================
Worker process is ready to serve import requests
Default GameObject BitMask: Water already registered
0x00007ff7b6a244ec (Unity) StackWalker::GetCurrentCallstack
0x00007ff7b6a2c8c9 (Unity) StackWalker::ShowCallstack
0x00007ff7b7efc75c (Unity) GetStacktrace
0x00007ff7b8fe58b3 (Unity) DebugStringToFile
0x00007ff7b5a1ccb7 (Unity) TagManager::RegisterLayer
0x00007ff7b5a0eb04 (Unity) TagManager::Transfer<YAMLRead>
0x00007ff7b5a281da (Unity) TagManager::VirtualRedirectTransfer
0x00007ff7b697dffd (Unity) SerializedFile::ReadObject
0x00007ff7b6942d33 (Unity) PersistentManager::ReloadFromDisk
0x00007ff7b8035236 (Unity) ReloadSerializedSingletons
0x00007ff7b8031d54 (Unity) core::mutable_function<void __cdecl(void)>::DispatchT<<lambda_49602865df1b2360de2e510115da6397> >::Dispatch
0x00007ff7b80fb812 (Unity) asio::detail::completion_handler<core::mutable_function<void __cdecl(void)> >::do_complete
0x00007ff7b80fd970 (Unity) asio::detail::win_iocp_io_service::do_one
0x00007ff7b81010d6 (Unity) asio::io_service::run
0x00007ff7b8077220 (Unity) RunAssetImportWorkerClientV2
0x00007ff7b8077270 (Unity) RunAssetImporterV2
0x00007ff7b758faa6 (Unity) Application::InitializeProject
0x00007ff7b7f09d32 (Unity) WinMain
0x00007ff7b9d79576 (Unity) __scrt_common_main_seh
0x00007fff104813f2 (KERNEL32) BaseThreadInitThunk
0x00007fff107554f4 (ntdll) RtlUserThreadStart

Launched and connected shader compiler UnityShaderCompiler.exe after 0.08 seconds
Refreshing native plugins compatible for Editor in 0.76 ms, found 0 plugins.
Preloading 0 native plugins for Editor in 0.00 ms.
Unloading 1199 Unused Serialized files (Serialized files now loaded: 0)
System memory in use before: 60.9 MB.
System memory in use after: 61.0 MB.

Unloading 9 unused Assets to reduce memory usage. Loaded Objects now: 1640.
Total: 5.968191 ms (FindLiveObjects: 0.539537 ms CreateObjectMapping: 0.135044 ms MarkObjects: 5.044001 ms  DeleteObjects: 0.246408 ms)

========================================================================
Received Import Request.
  path: Assets/Scripts/Menu/levelChange.cs
  artifactKey: Guid(7b0ceda223a798643a16f533ed1f1094) Importer(815301076,1909f56bfc062723c751e8b465ee728b)
Start importing Assets/Scripts/Menu/levelChange.cs using Guid(7b0ceda223a798643a16f533ed1f1094) Importer(815301076,1909f56bfc062723c751e8b465ee728b)  -> (artifact id: 'f8cd65f8183802bae4e26b891cfaf6eb') in 0.074167 seconds
  Import took 0.080993 seconds .

========================================================================
Received Import Request.
  Time since last request: 0.935905 seconds.
  path: Assets/Scripts/Menu/levelChange.cs
  artifactKey: Guid(7b0ceda223a798643a16f533ed1f1094) Importer(815301076,1909f56bfc062723c751e8b465ee728b)
Start importing Assets/Scripts/Menu/levelChange.cs using Guid(7b0ceda223a798643a16f533ed1f1094) Importer(815301076,1909f56bfc062723c751e8b465ee728b)  -> (artifact id: 'f8cd65f8183802bae4e26b891cfaf6eb') in 0.009183 seconds
  Import took 0.015288 seconds .

========================================================================
Received Prepare
Default GameObject BitMask: Water already registered
0x00007ff7b6a244ec (Unity) StackWalker::GetCurrentCallstack
0x00007ff7b6a2c8c9 (Unity) StackWalker::ShowCallstack
0x00007ff7b7efc75c (Unity) GetStacktrace
0x00007ff7b8fe58b3 (Unity) DebugStringToFile
0x00007ff7b5a1ccb7 (Unity) TagManager::RegisterLayer
0x00007ff7b5a0eb04 (Unity) TagManager::Transfer<YAMLRead>
0x00007ff7b5a281da (Unity) TagManager::VirtualRedirectTransfer
0x00007ff7b697dffd (Unity) SerializedFile::ReadObject
0x00007ff7b6942d33 (Unity) PersistentManager::ReloadFromDisk
0x00007ff7b8035236 (Unity) ReloadSerializedSingletons
0x00007ff7b8030226 (Unity) <lambda_79a3ebc38cb5166d44d10a16a21fca24>::operator()
0x00007ff7b80fb812 (Unity) asio::detail::completion_handler<core::mutable_function<void __cdecl(void)> >::do_complete
0x00007ff7b80fd970 (Unity) asio::detail::win_iocp_io_service::do_one
0x00007ff7b81010fe (Unity) asio::io_service::run
0x00007ff7b8077220 (Unity) RunAssetImportWorkerClientV2
0x00007ff7b8077270 (Unity) RunAssetImporterV2
0x00007ff7b758faa6 (Unity) Application::InitializeProject
0x00007ff7b7f09d32 (Unity) WinMain
0x00007ff7b9d79576 (Unity) __scrt_common_main_seh
0x00007fff104813f2 (KERNEL32) BaseThreadInitThunk
0x00007fff107554f4 (ntdll) RtlUserThreadStart

Registering precompiled user dll's ...
Registered in 0.002686 seconds.
Begin MonoManager ReloadAssembly
Native extension for WindowsStandalone target not found
Native extension for WebGL target not found
Refreshing native plugins compatible for Editor in 0.78 ms, found 0 plugins.
Preloading 0 native plugins for Editor in 0.00 ms.
Invoked RoslynAnalysisRunner static constructor.
RoslynAnalysisRunner will not be running.
RoslynAnalysisRunner has terminated.
Mono: successfully reloaded assembly
- Completed reload, in  3.275 seconds
Platform modules already initialized, skipping
Switching build target platform(5) subTarget(0) extendedPlatform(0) -> platform(9) subTarget(16777218) extendedPlatform(0)
Refreshing native plugins compatible for Editor in 0.74 ms, found 0 plugins.
Preloading 0 native plugins for Editor in 0.00 ms.
Unloading 1182 Unused Serialized files (Serialized files now loaded: 0)
System memory in use before: 59.6 MB.
System memory in use after: 59.7 MB.

Unloading 5 unused Assets to reduce memory usage. Loaded Objects now: 1642.
Total: 5.406893 ms (FindLiveObjects: 0.542737 ms CreateObjectMapping: 0.112644 ms MarkObjects: 4.686230 ms  DeleteObjects: 0.060802 ms)

AssetImportParameters requested are different than current active one (requested -> active):
  custom:graphics/normal-map-encoding: 01000000000000000000000000000000 -> 02000000000000000000000000000000
========================================================================
Received Prepare
Default GameObject BitMask: Water already registered
0x00007ff7b6a244ec (Unity) StackWalker::GetCurrentCallstack
0x00007ff7b6a2c8c9 (Unity) StackWalker::ShowCallstack
0x00007ff7b7efc75c (Unity) GetStacktrace
0x00007ff7b8fe58b3 (Unity) DebugStringToFile
0x00007ff7b5a1ccb7 (Unity) TagManager::RegisterLayer
0x00007ff7b5a0eb04 (Unity) TagManager::Transfer<YAMLRead>
0x00007ff7b5a281da (Unity) TagManager::VirtualRedirectTransfer
0x00007ff7b697dffd (Unity) SerializedFile::ReadObject
0x00007ff7b6942d33 (Unity) PersistentManager::ReloadFromDisk
0x00007ff7b8035236 (Unity) ReloadSerializedSingletons
0x00007ff7b8030226 (Unity) <lambda_79a3ebc38cb5166d44d10a16a21fca24>::operator()
0x00007ff7b80fb812 (Unity) asio::detail::completion_handler<core::mutable_function<void __cdecl(void)> >::do_complete
0x00007ff7b80fd970 (Unity) asio::detail::win_iocp_io_service::do_one
0x00007ff7b81010fe (Unity) asio::io_service::run
0x00007ff7b8077220 (Unity) RunAssetImportWorkerClientV2
0x00007ff7b8077270 (Unity) RunAssetImporterV2
0x00007ff7b758faa6 (Unity) Application::InitializeProject
0x00007ff7b7f09d32 (Unity) WinMain
0x00007ff7b9d79576 (Unity) __scrt_common_main_seh
0x00007fff104813f2 (KERNEL32) BaseThreadInitThunk
0x00007fff107554f4 (ntdll) RtlUserThreadStart

Registering precompiled user dll's ...
Registered in 0.002158 seconds.
Begin MonoManager ReloadAssembly
Native extension for WindowsStandalone target not found
Native extension for WebGL target not found
Refreshing native plugins compatible for Editor in 0.79 ms, found 0 plugins.
Preloading 0 native plugins for Editor in 0.00 ms.
Invoked RoslynAnalysisRunner static constructor.
RoslynAnalysisRunner will not be running.
RoslynAnalysisRunner has terminated.
Mono: successfully reloaded assembly
- Completed reload, in  3.024 seconds
Platform modules already initialized, skipping
Switching build target platform(5) subTarget(0) extendedPlatform(0) -> platform(9) subTarget(16777218) extendedPlatform(0)
Refreshing native plugins compatible for Editor in 0.76 ms, found 0 plugins.
Preloading 0 native plugins for Editor in 0.00 ms.
Unloading 1182 Unused Serialized files (Serialized files now loaded: 0)
System memory in use before: 59.6 MB.
System memory in use after: 59.7 MB.

Unloading 4 unused Assets to reduce memory usage. Loaded Objects now: 1645.
Total: 5.304490 ms (FindLiveObjects: 0.490256 ms CreateObjectMapping: 0.110084 ms MarkObjects: 4.648469 ms  DeleteObjects: 0.049922 ms)

AssetImportParameters requested are different than current active one (requested -> active):
  custom:graphics/normal-map-encoding: 01000000000000000000000000000000 -> 02000000000000000000000000000000
========================================================================
Received Prepare
Default GameObject BitMask: Water already registered
0x00007ff7b6a244ec (Unity) StackWalker::GetCurrentCallstack
0x00007ff7b6a2c8c9 (Unity) StackWalker::ShowCallstack
0x00007ff7b7efc75c (Unity) GetStacktrace
0x00007ff7b8fe58b3 (Unity) DebugStringToFile
0x00007ff7b5a1ccb7 (Unity) TagManager::RegisterLayer
0x00007ff7b5a0eb04 (Unity) TagManager::Transfer<YAMLRead>
0x00007ff7b5a281da (Unity) TagManager::VirtualRedirectTransfer
0x00007ff7b697dffd (Unity) SerializedFile::ReadObject
0x00007ff7b6942d33 (Unity) PersistentManager::ReloadFromDisk
0x00007ff7b8035236 (Unity) ReloadSerializedSingletons
0x00007ff7b8030226 (Unity) <lambda_79a3ebc38cb5166d44d10a16a21fca24>::operator()
0x00007ff7b80fb812 (Unity) asio::detail::completion_handler<core::mutable_function<void __cdecl(void)> >::do_complete
0x00007ff7b80fd970 (Unity) asio::detail::win_iocp_io_service::do_one
0x00007ff7b81010fe (Unity) asio::io_service::run
0x00007ff7b8077220 (Unity) RunAssetImportWorkerClientV2
0x00007ff7b8077270 (Unity) RunAssetImporterV2
0x00007ff7b758faa6 (Unity) Application::InitializeProject
0x00007ff7b7f09d32 (Unity) WinMain
0x00007ff7b9d79576 (Unity) __scrt_common_main_seh
0x00007fff104813f2 (KERNEL32) BaseThreadInitThunk
0x00007fff107554f4 (ntdll) RtlUserThreadStart

Registering precompiled user dll's ...
Registered in 0.002298 seconds.
Begin MonoManager ReloadAssembly
Native extension for WindowsStandalone target not found
Native extension for WebGL target not found
Refreshing native plugins compatible for Editor in 1.16 ms, found 0 plugins.
Preloading 0 native plugins for Editor in 0.00 ms.
Invoked RoslynAnalysisRunner static constructor.
RoslynAnalysisRunner will not be running.
RoslynAnalysisRunner has terminated.
Mono: successfully reloaded assembly
- Completed reload, in  3.418 seconds
Platform modules already initialized, skipping
Switching build target platform(5) subTarget(0) extendedPlatform(0) -> platform(9) subTarget(16777218) extendedPlatform(0)
Refreshing native plugins compatible for Editor in 0.73 ms, found 0 plugins.
Preloading 0 native plugins for Editor in 0.00 ms.
Unloading 1182 Unused Serialized files (Serialized files now loaded: 0)
System memory in use before: 59.6 MB.
System memory in use after: 59.7 MB.

Unloading 4 unused Assets to reduce memory usage. Loaded Objects now: 1648.
Total: 11.522929 ms (FindLiveObjects: 1.614772 ms CreateObjectMapping: 0.250888 ms MarkObjects: 9.591347 ms  DeleteObjects: 0.061442 ms)

AssetImportParameters requested are different than current active one (requested -> active):
  custom:graphics/normal-map-encoding: 01000000000000000000000000000000 -> 02000000000000000000000000000000
========================================================================
Received Import Request.
  Time since last request: 185.545712 seconds.
  path: Assets/Scripts/Menu/levelChange.cs
  artifactKey: Guid(7b0ceda223a798643a16f533ed1f1094) Importer(815301076,1909f56bfc062723c751e8b465ee728b)
Start importing Assets/Scripts/Menu/levelChange.cs using Guid(7b0ceda223a798643a16f533ed1f1094) Importer(815301076,1909f56bfc062723c751e8b465ee728b)  -> (artifact id: 'a9ba6f8125bfcfb12a6ae0fe13609c5f') in 0.025955 seconds
  Import took 0.037665 seconds .

========================================================================
Received Import Request.
  Time since last request: 0.305095 seconds.
  path: Assets/Scripts/Menu/levelChange.cs
  artifactKey: Guid(7b0ceda223a798643a16f533ed1f1094) Importer(815301076,1909f56bfc062723c751e8b465ee728b)
Start importing Assets/Scripts/Menu/levelChange.cs using Guid(7b0ceda223a798643a16f533ed1f1094) Importer(815301076,1909f56bfc062723c751e8b465ee728b)  -> (artifact id: 'a9ba6f8125bfcfb12a6ae0fe13609c5f') in 0.011917 seconds
  Import took 0.020161 seconds .

========================================================================
Received Prepare
Default GameObject BitMask: Water already registered
0x00007ff7b6a244ec (Unity) StackWalker::GetCurrentCallstack
0x00007ff7b6a2c8c9 (Unity) StackWalker::ShowCallstack
0x00007ff7b7efc75c (Unity) GetStacktrace
0x00007ff7b8fe58b3 (Unity) DebugStringToFile
0x00007ff7b5a1ccb7 (Unity) TagManager::RegisterLayer
0x00007ff7b5a0eb04 (Unity) TagManager::Transfer<YAMLRead>
0x00007ff7b5a281da (Unity) TagManager::VirtualRedirectTransfer
0x00007ff7b697dffd (Unity) SerializedFile::ReadObject
0x00007ff7b6942d33 (Unity) PersistentManager::ReloadFromDisk
0x00007ff7b8035236 (Unity) ReloadSerializedSingletons
0x00007ff7b8030226 (Unity) <lambda_79a3ebc38cb5166d44d10a16a21fca24>::operator()
0x00007ff7b80fb812 (Unity) asio::detail::completion_handler<core::mutable_function<void __cdecl(void)> >::do_complete
0x00007ff7b80fd970 (Unity) asio::detail::win_iocp_io_service::do_one
0x00007ff7b81010fe (Unity) asio::io_service::run
0x00007ff7b8077220 (Unity) RunAssetImportWorkerClientV2
0x00007ff7b8077270 (Unity) RunAssetImporterV2
0x00007ff7b758faa6 (Unity) Application::InitializeProject
0x00007ff7b7f09d32 (Unity) WinMain
0x00007ff7b9d79576 (Unity) __scrt_common_main_seh
0x00007fff104813f2 (KERNEL32) BaseThreadInitThunk
0x00007fff107554f4 (ntdll) RtlUserThreadStart

Registering precompiled user dll's ...
Registered in 0.002244 seconds.
Begin MonoManager ReloadAssembly
Native extension for WindowsStandalone target not found
Native extension for WebGL target not found
Refreshing native plugins compatible for Editor in 0.89 ms, found 0 plugins.
Preloading 0 native plugins for Editor in 0.00 ms.
Invoked RoslynAnalysisRunner static constructor.
RoslynAnalysisRunner will not be running.
RoslynAnalysisRunner has terminated.
Mono: successfully reloaded assembly
- Completed reload, in  3.328 seconds
Platform modules already initialized, skipping
Switching build target platform(5) subTarget(0) extendedPlatform(0) -> platform(9) subTarget(16777218) extendedPlatform(0)
Refreshing native plugins compatible for Editor in 0.82 ms, found 0 plugins.
Preloading 0 native plugins for Editor in 0.00 ms.
Unloading 1182 Unused Serialized files (Serialized files now loaded: 0)
System memory in use before: 59.6 MB.
System memory in use after: 59.8 MB.

Unloading 4 unused Assets to reduce memory usage. Loaded Objects now: 1651.
Total: 5.407533 ms (FindLiveObjects: 0.565778 ms CreateObjectMapping: 0.119044 ms MarkObjects: 4.666389 ms  DeleteObjects: 0.053122 ms)

AssetImportParameters requested are different than current active one (requested -> active):
  custom:graphics/normal-map-encoding: 01000000000000000000000000000000 -> 02000000000000000000000000000000
========================================================================
Received Import Request.
  Time since last request: 31.868940 seconds.
  path: Assets/Prefabs/sysObj.prefab
  artifactKey: Guid(cfa0c1485b4a00240b7cf481c34181a1) Importer(815301076,1909f56bfc062723c751e8b465ee728b)
Start importing Assets/Prefabs/sysObj.prefab using Guid(cfa0c1485b4a00240b7cf481c34181a1) Importer(815301076,1909f56bfc062723c751e8b465ee728b)  -> (artifact id: '8d086a4a862a8682b3e4deae73648a08') in 0.134470 seconds
  Import took 0.141830 seconds .

========================================================================
Received Import Request.
  Time since last request: 0.000681 seconds.
  path: Assets/Prefabs/sticky_gel.prefab
  artifactKey: Guid(37684a6e037d44a4a9ca195689703a5d) Importer(815301076,1909f56bfc062723c751e8b465ee728b)
Start importing Assets/Prefabs/sticky_gel.prefab using Guid(37684a6e037d44a4a9ca195689703a5d) Importer(815301076,1909f56bfc062723c751e8b465ee728b)  -> (artifact id: '0cc2d0f4e3c02532b96fbce8d31e19e0') in 0.460899 seconds
  Import took 0.469361 seconds .

========================================================================
Received Import Request.
  Time since last request: 1.383135 seconds.
  path: Assets/Scenes/level_0.unity
  artifactKey: Guid(2cda990e2423bbf4892e6590ba056729) Importer(815301076,1909f56bfc062723c751e8b465ee728b)
Start importing Assets/Scenes/level_0.unity using Guid(2cda990e2423bbf4892e6590ba056729) Importer(815301076,1909f56bfc062723c751e8b465ee728b)  -> (artifact id: '74ee74fa92029b382bce58217f38de2b') in 0.049998 seconds
  Import took 0.058019 seconds .

========================================================================
Received Prepare
Default GameObject BitMask: Water already registered
0x00007ff7b6a244ec (Unity) StackWalker::GetCurrentCallstack
0x00007ff7b6a2c8c9 (Unity) StackWalker::ShowCallstack
0x00007ff7b7efc75c (Unity) GetStacktrace
0x00007ff7b8fe58b3 (Unity) DebugStringToFile
0x00007ff7b5a1ccb7 (Unity) TagManager::RegisterLayer
0x00007ff7b5a0eb04 (Unity) TagManager::Transfer<YAMLRead>
0x00007ff7b5a281da (Unity) TagManager::VirtualRedirectTransfer
0x00007ff7b697dffd (Unity) SerializedFile::ReadObject
0x00007ff7b6942d33 (Unity) PersistentManager::ReloadFromDisk
0x00007ff7b8035236 (Unity) ReloadSerializedSingletons
0x00007ff7b8030226 (Unity) <lambda_79a3ebc38cb5166d44d10a16a21fca24>::operator()
0x00007ff7b80fb812 (Unity) asio::detail::completion_handler<core::mutable_function<void __cdecl(void)> >::do_complete
0x00007ff7b80fd970 (Unity) asio::detail::win_iocp_io_service::do_one
0x00007ff7b81010fe (Unity) asio::io_service::run
0x00007ff7b8077220 (Unity) RunAssetImportWorkerClientV2
0x00007ff7b8077270 (Unity) RunAssetImporterV2
0x00007ff7b758faa6 (Unity) Application::InitializeProject
0x00007ff7b7f09d32 (Unity) WinMain
0x00007ff7b9d79576 (Unity) __scrt_common_main_seh
0x00007fff104813f2 (KERNEL32) BaseThreadInitThunk
0x00007fff107554f4 (ntdll) RtlUserThreadStart

Registering precompiled user dll's ...
Registered in 0.181570 seconds.
Begin MonoManager ReloadAssembly
Native extension for WindowsStandalone target not found
Native extension for WebGL target not found
Refreshing native plugins compatible for Editor in 0.78 ms, found 0 plugins.
Preloading 0 native plugins for Editor in 0.00 ms.
Invoked RoslynAnalysisRunner static constructor.
RoslynAnalysisRunner will not be running.
RoslynAnalysisRunner has terminated.
Mono: successfully reloaded assembly
- Completed reload, in  6.942 seconds
Platform modules already initialized, skipping
Switching build target platform(5) subTarget(0) extendedPlatform(0) -> platform(9) subTarget(16777218) extendedPlatform(0)
Refreshing native plugins compatible for Editor in 0.73 ms, found 0 plugins.
Preloading 0 native plugins for Editor in 0.00 ms.
Unloading 1182 Unused Serialized files (Serialized files now loaded: 0)
System memory in use before: 62.8 MB.
System memory in use after: 62.9 MB.

Unloading 4 unused Assets to reduce memory usage. Loaded Objects now: 1661.
Total: 6.635092 ms (FindLiveObjects: 0.744344 ms CreateObjectMapping: 0.188806 ms MarkObjects: 5.642421 ms  DeleteObjects: 0.055042 ms)

AssetImportParameters requested are different than current active one (requested -> active):
  custom:graphics/normal-map-encoding: 01000000000000000000000000000000 -> 02000000000000000000000000000000
========================================================================
Received Import Request.
  Time since last request: 78.001581 seconds.
  path: Assets/Scripts/Menu/storage.cs
  artifactKey: Guid(111baad4da2f03d4fa93a922d555fde8) Importer(815301076,1909f56bfc062723c751e8b465ee728b)
Start importing Assets/Scripts/Menu/storage.cs using Guid(111baad4da2f03d4fa93a922d555fde8) Importer(815301076,1909f56bfc062723c751e8b465ee728b)  -> (artifact id: '4e2d2b971ec1a0c20697f62e612f2c8f') in 0.051738 seconds
  Import took 0.062474 seconds .

========================================================================
Received Import Request.
  Time since last request: 72.857099 seconds.
  path: Assets/Scripts/Menu/manager2.cs
  artifactKey: Guid(8962fc6da83bd184e882e786aead58b2) Importer(815301076,1909f56bfc062723c751e8b465ee728b)
Start importing Assets/Scripts/Menu/manager2.cs using Guid(8962fc6da83bd184e882e786aead58b2) Importer(815301076,1909f56bfc062723c751e8b465ee728b)  -> (artifact id: '9401d9f79d93c151f420752881e12f0f') in 0.034267 seconds
  Import took 0.045298 seconds .

========================================================================
Received Prepare
Default GameObject BitMask: Water already registered
0x00007ff7b6a244ec (Unity) StackWalker::GetCurrentCallstack
0x00007ff7b6a2c8c9 (Unity) StackWalker::ShowCallstack
0x00007ff7b7efc75c (Unity) GetStacktrace
0x00007ff7b8fe58b3 (Unity) DebugStringToFile
0x00007ff7b5a1ccb7 (Unity) TagManager::RegisterLayer
0x00007ff7b5a0eb04 (Unity) TagManager::Transfer<YAMLRead>
0x00007ff7b5a281da (Unity) TagManager::VirtualRedirectTransfer
0x00007ff7b697dffd (Unity) SerializedFile::ReadObject
0x00007ff7b6942d33 (Unity) PersistentManager::ReloadFromDisk
0x00007ff7b8035236 (Unity) ReloadSerializedSingletons
0x00007ff7b8030226 (Unity) <lambda_79a3ebc38cb5166d44d10a16a21fca24>::operator()
0x00007ff7b80fb812 (Unity) asio::detail::completion_handler<core::mutable_function<void __cdecl(void)> >::do_complete
0x00007ff7b80fd970 (Unity) asio::detail::win_iocp_io_service::do_one
0x00007ff7b81010fe (Unity) asio::io_service::run
0x00007ff7b8077220 (Unity) RunAssetImportWorkerClientV2
0x00007ff7b8077270 (Unity) RunAssetImporterV2
0x00007ff7b758faa6 (Unity) Application::InitializeProject
0x00007ff7b7f09d32 (Unity) WinMain
0x00007ff7b9d79576 (Unity) __scrt_common_main_seh
0x00007fff104813f2 (KERNEL32) BaseThreadInitThunk
0x00007fff107554f4 (ntdll) RtlUserThreadStart

Registering precompiled user dll's ...
Registered in 0.002469 seconds.
Begin MonoManager ReloadAssembly
Native extension for WindowsStandalone target not found
Native extension for WebGL target not found
Refreshing native plugins compatible for Editor in 0.83 ms, found 0 plugins.
Preloading 0 native plugins for Editor in 0.00 ms.
Invoked RoslynAnalysisRunner static constructor.
RoslynAnalysisRunner will not be running.
RoslynAnalysisRunner has terminated.
Mono: successfully reloaded assembly
- Completed reload, in  3.158 seconds
Platform modules already initialized, skipping
Switching build target platform(5) subTarget(0) extendedPlatform(0) -> platform(9) subTarget(16777218) extendedPlatform(0)
Refreshing native plugins compatible for Editor in 0.73 ms, found 0 plugins.
Preloading 0 native plugins for Editor in 0.00 ms.
Unloading 1182 Unused Serialized files (Serialized files now loaded: 0)
System memory in use before: 62.8 MB.
System memory in use after: 62.9 MB.

Unloading 4 unused Assets to reduce memory usage. Loaded Objects now: 1664.
Total: 5.691702 ms (FindLiveObjects: 0.562578 ms CreateObjectMapping: 0.113284 ms MarkObjects: 4.961439 ms  DeleteObjects: 0.051842 ms)

AssetImportParameters requested are different than current active one (requested -> active):
  custom:graphics/normal-map-encoding: 01000000000000000000000000000000 -> 02000000000000000000000000000000
========================================================================
Received Prepare
Default GameObject BitMask: Water already registered
0x00007ff7b6a244ec (Unity) StackWalker::GetCurrentCallstack
0x00007ff7b6a2c8c9 (Unity) StackWalker::ShowCallstack
0x00007ff7b7efc75c (Unity) GetStacktrace
0x00007ff7b8fe58b3 (Unity) DebugStringToFile
0x00007ff7b5a1ccb7 (Unity) TagManager::RegisterLayer
0x00007ff7b5a0eb04 (Unity) TagManager::Transfer<YAMLRead>
0x00007ff7b5a281da (Unity) TagManager::VirtualRedirectTransfer
0x00007ff7b697dffd (Unity) SerializedFile::ReadObject
0x00007ff7b6942d33 (Unity) PersistentManager::ReloadFromDisk
0x00007ff7b8035236 (Unity) ReloadSerializedSingletons
0x00007ff7b8030226 (Unity) <lambda_79a3ebc38cb5166d44d10a16a21fca24>::operator()
0x00007ff7b80fb812 (Unity) asio::detail::completion_handler<core::mutable_function<void __cdecl(void)> >::do_complete
0x00007ff7b80fd970 (Unity) asio::detail::win_iocp_io_service::do_one
0x00007ff7b81010fe (Unity) asio::io_service::run
0x00007ff7b8077220 (Unity) RunAssetImportWorkerClientV2
0x00007ff7b8077270 (Unity) RunAssetImporterV2
0x00007ff7b758faa6 (Unity) Application::InitializeProject
0x00007ff7b7f09d32 (Unity) WinMain
0x00007ff7b9d79576 (Unity) __scrt_common_main_seh
0x00007fff104813f2 (KERNEL32) BaseThreadInitThunk
0x00007fff107554f4 (ntdll) RtlUserThreadStart

Registering precompiled user dll's ...
Registered in 0.002769 seconds.
Begin MonoManager ReloadAssembly
Native extension for WindowsStandalone target not found
Native extension for WebGL target not found
Refreshing native plugins compatible for Editor in 0.75 ms, found 0 plugins.
Preloading 0 native plugins for Editor in 0.00 ms.
Invoked RoslynAnalysisRunner static constructor.
RoslynAnalysisRunner will not be running.
RoslynAnalysisRunner has terminated.
Mono: successfully reloaded assembly
- Completed reload, in  3.201 seconds
Platform modules already initialized, skipping
Switching build target platform(5) subTarget(0) extendedPlatform(0) -> platform(9) subTarget(16777218) extendedPlatform(0)
Refreshing native plugins compatible for Editor in 0.75 ms, found 0 plugins.
Preloading 0 native plugins for Editor in 0.00 ms.
Unloading 1182 Unused Serialized files (Serialized files now loaded: 0)
System memory in use before: 62.8 MB.
System memory in use after: 62.9 MB.

Unloading 4 unused Assets to reduce memory usage. Loaded Objects now: 1667.
Total: 6.028353 ms (FindLiveObjects: 0.560018 ms CreateObjectMapping: 0.120964 ms MarkObjects: 5.289129 ms  DeleteObjects: 0.054402 ms)

AssetImportParameters requested are different than current active one (requested -> active):
  custom:graphics/normal-map-encoding: 01000000000000000000000000000000 -> 02000000000000000000000000000000
========================================================================
Received Import Request.
  Time since last request: 321.202822 seconds.
  path: Assets/Scenes/Menu.unity
  artifactKey: Guid(d66a82970eaffed4ea2ea5b1ad343bcc) Importer(815301076,1909f56bfc062723c751e8b465ee728b)
Start importing Assets/Scenes/Menu.unity using Guid(d66a82970eaffed4ea2ea5b1ad343bcc) Importer(815301076,1909f56bfc062723c751e8b465ee728b)  -> (artifact id: 'cdd2e9eda016eca305b9d6efe77ce9b3') in 0.073263 seconds
  Import took 0.080799 seconds .

