Using pre-set license
Built from '2020.2/release' branch; Version is '2020.2.1f1 (270dd8c3da1c) revision 2559448'; Using compiler version '192528614'; Build Type 'Release'
OS: 'Windows 8.1  (6.3.0) 64bit' Language: 'ru' Physical Memory: 8090 MB
BatchMode: 1, IsHumanControllingUs: 0, StartBugReporterOnCrash: 0, Is64bit: 1, IsPro: 0

 COMMAND LINE ARGUMENTS:
D:\Program Files\Unity\2020.2.1f1\Editor\Unity.exe
-adb2
-batchMode
-noUpm
-name
AssetImportWorker3
-projectPath
D:/Program Files/Unity/Projects/Balloform
-logFile
Logs/AssetImportWorker3.log
-srvPort
56458
Successfully changed project path to: D:/Program Files/Unity/Projects/Balloform
D:/Program Files/Unity/Projects/Balloform
Using Asset Import Pipeline V2.
Default GameObject BitMask: Water already registered

Refreshing native plugins compatible for Editor in 53.82 ms, found 0 plugins.
Preloading 0 native plugins for Editor in 0.00 ms.
Initialize engine version: 2020.2.1f1 (270dd8c3da1c)
[Subsystems] Discovering subsystems at path D:/Program Files/Unity/2020.2.1f1/Editor/Data/Resources/UnitySubsystems
[Subsystems] Discovering subsystems at path D:/Program Files/Unity/Projects/Balloform/Assets
GfxDevice: creating device client; threaded=0
d3d11: QueryInterface(IDXGIFactory5) failed (80004002).
Direct3D:
    Version:  Direct3D 11.0 [level 11.1]
    Renderer: Intel(R) HD Graphics 5500 (ID=0x1616)
    Vendor:   
    VRAM:     3840 MB
    Driver:   20.19.15.5058
Initialize mono
Mono path[0] = 'D:/Program Files/Unity/2020.2.1f1/Editor/Data/Managed'
Mono path[1] = 'D:/Program Files/Unity/2020.2.1f1/Editor/Data/MonoBleedingEdge/lib/mono/unityjit'
Mono config path = 'D:/Program Files/Unity/2020.2.1f1/Editor/Data/MonoBleedingEdge/etc'
Using monoOptions --debugger-agent=transport=dt_socket,embedding=1,server=y,suspend=n,address=127.0.0.1:56844
Begin MonoManager ReloadAssembly
Registering precompiled unity dll's ...
Register platform support module: D:/Program Files/Unity/2020.2.1f1/Editor/Data/PlaybackEngines/WebGLSupport/UnityEditor.WebGL.Extensions.dll
Register platform support module: D:/Program Files/Unity/2020.2.1f1/Editor/Data/PlaybackEngines/WindowsStandaloneSupport/UnityEditor.WindowsStandalone.Extensions.dll
Registered in 0.001307 seconds.
Native extension for WindowsStandalone target not found
Native extension for WebGL target not found
Refreshing native plugins compatible for Editor in 50.75 ms, found 0 plugins.
Preloading 0 native plugins for Editor in 0.00 ms.
Invoked RoslynAnalysisRunner static constructor.
RoslynAnalysisRunner will not be running.
RoslynAnalysisRunner has terminated.
Mono: successfully reloaded assembly
- Completed reload, in  3.673 seconds
Platform modules already initialized, skipping
Registering precompiled user dll's ...
Registered in 0.000706 seconds.
Begin MonoManager ReloadAssembly
Native extension for WindowsStandalone target not found
Native extension for WebGL target not found
Refreshing native plugins compatible for Editor in 0.42 ms, found 0 plugins.
Preloading 0 native plugins for Editor in 0.00 ms.
Invoked RoslynAnalysisRunner static constructor.
RoslynAnalysisRunner will not be running.
RoslynAnalysisRunner has terminated.
Mono: successfully reloaded assembly
- Completed reload, in  1.477 seconds
Platform modules already initialized, skipping
========================================================================
Worker process is ready to serve import requests
Default GameObject BitMask: Water already registered
0x00007ff77a328c8c (Unity) StackWalker::GetCurrentCallstack
0x00007ff77a331069 (Unity) StackWalker::ShowCallstack
0x00007ff77b80564c (Unity) GetStacktrace
0x00007ff77c8c4803 (Unity) DebugStringToFile
0x00007ff77931f9e1 (Unity) TagManager::RegisterLayer
0x00007ff7793117f4 (Unity) TagManager::Transfer<YAMLRead>
0x00007ff77932b11a (Unity) TagManager::VirtualRedirectTransfer
0x00007ff77a28314d (Unity) SerializedFile::ReadObject
0x00007ff77a247da4 (Unity) PersistentManager::ReloadFromDisk
0x00007ff77b93ce36 (Unity) ReloadSerializedSingletons
0x00007ff77b939ba8 (Unity) core::mutable_function<void __cdecl(void)>::DispatchT<<lambda_fcb3dc580908b27842de90ec87b23da6> >::Dispatch
0x00007ff77ba020d2 (Unity) asio::detail::completion_handler<core::mutable_function<void __cdecl(void)> >::do_complete
0x00007ff77ba04230 (Unity) asio::detail::win_iocp_io_service::do_one
0x00007ff77ba07996 (Unity) asio::io_service::run
0x00007ff77b97dd50 (Unity) RunAssetImportWorkerClientV2
0x00007ff77b97dda0 (Unity) RunAssetImporterV2
0x00007ff77ae9d73b (Unity) Application::InitializeProject
0x00007ff77b812be2 (Unity) WinMain
0x00007ff77d658fc6 (Unity) __scrt_common_main_seh
0x00007ffddc7c13d2 (KERNEL32) BaseThreadInitThunk
0x00007ffddcb354f4 (ntdll) RtlUserThreadStart

Launched and connected shader compiler UnityShaderCompiler.exe after 0.24 seconds
Refreshing native plugins compatible for Editor in 0.57 ms, found 0 plugins.
Preloading 0 native plugins for Editor in 0.00 ms.
Unloading 1180 Unused Serialized files (Serialized files now loaded: 0)
System memory in use before: 58.8 MB.
System memory in use after: 58.8 MB.

Unloading 9 unused Assets to reduce memory usage. Loaded Objects now: 1622.
Total: 3.985908 ms (FindLiveObjects: 0.260698 ms CreateObjectMapping: 0.092373 ms MarkObjects: 3.533279 ms  DeleteObjects: 0.097505 ms)

========================================================================
Received Import Request.
  path: Assets/Scripts/triggerMove.cs
  artifactKey: Guid(d83f82095724410499767bf153f0e5d0) Importer(815301076,1909f56bfc062723c751e8b465ee728b)
Start importing Assets/Scripts/triggerMove.cs using Guid(d83f82095724410499767bf153f0e5d0) Importer(815301076,1909f56bfc062723c751e8b465ee728b)  -> (artifact id: '19b38318aaa13ce0bcb2296ff62c6229') in 0.091299 seconds
  Import took 0.094272 seconds .

========================================================================
Received Prepare
Default GameObject BitMask: Water already registered
0x00007ff77a328c8c (Unity) StackWalker::GetCurrentCallstack
0x00007ff77a331069 (Unity) StackWalker::ShowCallstack
0x00007ff77b80564c (Unity) GetStacktrace
0x00007ff77c8c4803 (Unity) DebugStringToFile
0x00007ff77931f9e1 (Unity) TagManager::RegisterLayer
0x00007ff7793117f4 (Unity) TagManager::Transfer<YAMLRead>
0x00007ff77932b11a (Unity) TagManager::VirtualRedirectTransfer
0x00007ff77a28314d (Unity) SerializedFile::ReadObject
0x00007ff77a247da4 (Unity) PersistentManager::ReloadFromDisk
0x00007ff77b93ce36 (Unity) ReloadSerializedSingletons
0x00007ff77b937e9a (Unity) <lambda_7a4e346ad56c093be607e8c3dc54f69c>::operator()
0x00007ff77ba020d2 (Unity) asio::detail::completion_handler<core::mutable_function<void __cdecl(void)> >::do_complete
0x00007ff77ba04230 (Unity) asio::detail::win_iocp_io_service::do_one
0x00007ff77ba079be (Unity) asio::io_service::run
0x00007ff77b97dd50 (Unity) RunAssetImportWorkerClientV2
0x00007ff77b97dda0 (Unity) RunAssetImporterV2
0x00007ff77ae9d73b (Unity) Application::InitializeProject
0x00007ff77b812be2 (Unity) WinMain
0x00007ff77d658fc6 (Unity) __scrt_common_main_seh
0x00007ffddc7c13d2 (KERNEL32) BaseThreadInitThunk
0x00007ffddcb354f4 (ntdll) RtlUserThreadStart

Registering precompiled user dll's ...
Registered in 0.002019 seconds.
Begin MonoManager ReloadAssembly
Native extension for WindowsStandalone target not found
Native extension for WebGL target not found
Refreshing native plugins compatible for Editor in 0.35 ms, found 0 plugins.
Preloading 0 native plugins for Editor in 0.00 ms.
Invoked RoslynAnalysisRunner static constructor.
RoslynAnalysisRunner will not be running.
RoslynAnalysisRunner has terminated.
Mono: successfully reloaded assembly
- Completed reload, in  1.743 seconds
Platform modules already initialized, skipping
Refreshing native plugins compatible for Editor in 0.58 ms, found 0 plugins.
Preloading 0 native plugins for Editor in 0.00 ms.
Unloading 1176 Unused Serialized files (Serialized files now loaded: 0)
System memory in use before: 58.8 MB.
System memory in use after: 58.9 MB.

Unloading 4 unused Assets to reduce memory usage. Loaded Objects now: 1625.
Total: 3.247948 ms (FindLiveObjects: 0.271988 ms CreateObjectMapping: 0.086728 ms MarkObjects: 2.855875 ms  DeleteObjects: 0.030791 ms)

========================================================================
Received Import Request.
  Time since last request: 413.070068 seconds.
  path: Assets/Scripts/triggerMove.cs
  artifactKey: Guid(d83f82095724410499767bf153f0e5d0) Importer(815301076,1909f56bfc062723c751e8b465ee728b)
Start importing Assets/Scripts/triggerMove.cs using Guid(d83f82095724410499767bf153f0e5d0) Importer(815301076,1909f56bfc062723c751e8b465ee728b)  -> (artifact id: '0ad48e9c25e8c5e2734c8fe9a7b95a50') in 0.011616 seconds
  Import took 0.017497 seconds .

========================================================================
Received Import Request.
  Time since last request: 4.806400 seconds.
  path: Assets/Prefabs/trigger.prefab
  artifactKey: Guid(59b743b0d58eac8429b97a4b72bf809e) Importer(815301076,1909f56bfc062723c751e8b465ee728b)
Start importing Assets/Prefabs/trigger.prefab using Guid(59b743b0d58eac8429b97a4b72bf809e) Importer(815301076,1909f56bfc062723c751e8b465ee728b)  -> (artifact id: '302741503c47dae64939c66677f40870') in 1.304612 seconds
  Import took 1.308750 seconds .

========================================================================
Received Prepare
Default GameObject BitMask: Water already registered
0x00007ff77a328c8c (Unity) StackWalker::GetCurrentCallstack
0x00007ff77a331069 (Unity) StackWalker::ShowCallstack
0x00007ff77b80564c (Unity) GetStacktrace
0x00007ff77c8c4803 (Unity) DebugStringToFile
0x00007ff77931f9e1 (Unity) TagManager::RegisterLayer
0x00007ff7793117f4 (Unity) TagManager::Transfer<YAMLRead>
0x00007ff77932b11a (Unity) TagManager::VirtualRedirectTransfer
0x00007ff77a28314d (Unity) SerializedFile::ReadObject
0x00007ff77a247da4 (Unity) PersistentManager::ReloadFromDisk
0x00007ff77b93ce36 (Unity) ReloadSerializedSingletons
0x00007ff77b937e9a (Unity) <lambda_7a4e346ad56c093be607e8c3dc54f69c>::operator()
0x00007ff77ba020d2 (Unity) asio::detail::completion_handler<core::mutable_function<void __cdecl(void)> >::do_complete
0x00007ff77ba04230 (Unity) asio::detail::win_iocp_io_service::do_one
0x00007ff77ba079be (Unity) asio::io_service::run
0x00007ff77b97dd50 (Unity) RunAssetImportWorkerClientV2
0x00007ff77b97dda0 (Unity) RunAssetImporterV2
0x00007ff77ae9d73b (Unity) Application::InitializeProject
0x00007ff77b812be2 (Unity) WinMain
0x00007ff77d658fc6 (Unity) __scrt_common_main_seh
0x00007ffddc7c13d2 (KERNEL32) BaseThreadInitThunk
0x00007ffddcb354f4 (ntdll) RtlUserThreadStart

Registering precompiled user dll's ...
Registered in 0.000663 seconds.
Begin MonoManager ReloadAssembly
Native extension for WindowsStandalone target not found
Native extension for WebGL target not found
Refreshing native plugins compatible for Editor in 0.36 ms, found 0 plugins.
Preloading 0 native plugins for Editor in 0.00 ms.
Invoked RoslynAnalysisRunner static constructor.
RoslynAnalysisRunner will not be running.
RoslynAnalysisRunner has terminated.
Mono: successfully reloaded assembly
- Completed reload, in  1.658 seconds
Platform modules already initialized, skipping
Refreshing native plugins compatible for Editor in 0.58 ms, found 0 plugins.
Preloading 0 native plugins for Editor in 0.00 ms.
Unloading 1177 Unused Serialized files (Serialized files now loaded: 0)
System memory in use before: 62.1 MB.
System memory in use after: 62.2 MB.

Unloading 4 unused Assets to reduce memory usage. Loaded Objects now: 1635.
Total: 4.286121 ms (FindLiveObjects: 0.442879 ms CreateObjectMapping: 0.396179 ms MarkObjects: 3.410114 ms  DeleteObjects: 0.032331 ms)

========================================================================
Received Prepare
Default GameObject BitMask: Water already registered
0x00007ff77a328c8c (Unity) StackWalker::GetCurrentCallstack
0x00007ff77a331069 (Unity) StackWalker::ShowCallstack
0x00007ff77b80564c (Unity) GetStacktrace
0x00007ff77c8c4803 (Unity) DebugStringToFile
0x00007ff77931f9e1 (Unity) TagManager::RegisterLayer
0x00007ff7793117f4 (Unity) TagManager::Transfer<YAMLRead>
0x00007ff77932b11a (Unity) TagManager::VirtualRedirectTransfer
0x00007ff77a28314d (Unity) SerializedFile::ReadObject
0x00007ff77a247da4 (Unity) PersistentManager::ReloadFromDisk
0x00007ff77b93ce36 (Unity) ReloadSerializedSingletons
0x00007ff77b937e9a (Unity) <lambda_7a4e346ad56c093be607e8c3dc54f69c>::operator()
0x00007ff77ba020d2 (Unity) asio::detail::completion_handler<core::mutable_function<void __cdecl(void)> >::do_complete
0x00007ff77ba04230 (Unity) asio::detail::win_iocp_io_service::do_one
0x00007ff77ba079be (Unity) asio::io_service::run
0x00007ff77b97dd50 (Unity) RunAssetImportWorkerClientV2
0x00007ff77b97dda0 (Unity) RunAssetImporterV2
0x00007ff77ae9d73b (Unity) Application::InitializeProject
0x00007ff77b812be2 (Unity) WinMain
0x00007ff77d658fc6 (Unity) __scrt_common_main_seh
0x00007ffddc7c13d2 (KERNEL32) BaseThreadInitThunk
0x00007ffddcb354f4 (ntdll) RtlUserThreadStart

Registering precompiled user dll's ...
Registered in 0.001106 seconds.
Begin MonoManager ReloadAssembly
Native extension for WindowsStandalone target not found
Native extension for WebGL target not found
Refreshing native plugins compatible for Editor in 0.40 ms, found 0 plugins.
Preloading 0 native plugins for Editor in 0.00 ms.
Invoked RoslynAnalysisRunner static constructor.
RoslynAnalysisRunner will not be running.
RoslynAnalysisRunner has terminated.
Mono: successfully reloaded assembly
- Completed reload, in  2.148 seconds
Platform modules already initialized, skipping
Refreshing native plugins compatible for Editor in 9.00 ms, found 0 plugins.
Preloading 0 native plugins for Editor in 0.00 ms.
Unloading 1177 Unused Serialized files (Serialized files now loaded: 0)
System memory in use before: 62.2 MB.
System memory in use after: 62.3 MB.

Unloading 4 unused Assets to reduce memory usage. Loaded Objects now: 1638.
Total: 3.861204 ms (FindLiveObjects: 0.420299 ms CreateObjectMapping: 0.179615 ms MarkObjects: 3.230500 ms  DeleteObjects: 0.028738 ms)

========================================================================
Received Prepare
Default GameObject BitMask: Water already registered
0x00007ff77a328c8c (Unity) StackWalker::GetCurrentCallstack
0x00007ff77a331069 (Unity) StackWalker::ShowCallstack
0x00007ff77b80564c (Unity) GetStacktrace
0x00007ff77c8c4803 (Unity) DebugStringToFile
0x00007ff77931f9e1 (Unity) TagManager::RegisterLayer
0x00007ff7793117f4 (Unity) TagManager::Transfer<YAMLRead>
0x00007ff77932b11a (Unity) TagManager::VirtualRedirectTransfer
0x00007ff77a28314d (Unity) SerializedFile::ReadObject
0x00007ff77a247da4 (Unity) PersistentManager::ReloadFromDisk
0x00007ff77b93ce36 (Unity) ReloadSerializedSingletons
0x00007ff77b937e9a (Unity) <lambda_7a4e346ad56c093be607e8c3dc54f69c>::operator()
0x00007ff77ba020d2 (Unity) asio::detail::completion_handler<core::mutable_function<void __cdecl(void)> >::do_complete
0x00007ff77ba04230 (Unity) asio::detail::win_iocp_io_service::do_one
0x00007ff77ba079be (Unity) asio::io_service::run
0x00007ff77b97dd50 (Unity) RunAssetImportWorkerClientV2
0x00007ff77b97dda0 (Unity) RunAssetImporterV2
0x00007ff77ae9d73b (Unity) Application::InitializeProject
0x00007ff77b812be2 (Unity) WinMain
0x00007ff77d658fc6 (Unity) __scrt_common_main_seh
0x00007ffddc7c13d2 (KERNEL32) BaseThreadInitThunk
0x00007ffddcb354f4 (ntdll) RtlUserThreadStart

Registering precompiled user dll's ...
Registered in 0.000793 seconds.
Begin MonoManager ReloadAssembly
Native extension for WindowsStandalone target not found
Native extension for WebGL target not found
Refreshing native plugins compatible for Editor in 0.34 ms, found 0 plugins.
Preloading 0 native plugins for Editor in 0.00 ms.
Invoked RoslynAnalysisRunner static constructor.
RoslynAnalysisRunner will not be running.
RoslynAnalysisRunner has terminated.
Mono: successfully reloaded assembly
- Completed reload, in  1.689 seconds
Platform modules already initialized, skipping
Refreshing native plugins compatible for Editor in 0.51 ms, found 0 plugins.
Preloading 0 native plugins for Editor in 0.00 ms.
Unloading 1177 Unused Serialized files (Serialized files now loaded: 0)
System memory in use before: 62.3 MB.
System memory in use after: 62.4 MB.

Unloading 4 unused Assets to reduce memory usage. Loaded Objects now: 1641.
Total: 4.733618 ms (FindLiveObjects: 1.071017 ms CreateObjectMapping: 0.414653 ms MarkObjects: 3.212538 ms  DeleteObjects: 0.025146 ms)

========================================================================
Received Prepare
Default GameObject BitMask: Water already registered
0x00007ff77a328c8c (Unity) StackWalker::GetCurrentCallstack
0x00007ff77a331069 (Unity) StackWalker::ShowCallstack
0x00007ff77b80564c (Unity) GetStacktrace
0x00007ff77c8c4803 (Unity) DebugStringToFile
0x00007ff77931f9e1 (Unity) TagManager::RegisterLayer
0x00007ff7793117f4 (Unity) TagManager::Transfer<YAMLRead>
0x00007ff77932b11a (Unity) TagManager::VirtualRedirectTransfer
0x00007ff77a28314d (Unity) SerializedFile::ReadObject
0x00007ff77a247da4 (Unity) PersistentManager::ReloadFromDisk
0x00007ff77b93ce36 (Unity) ReloadSerializedSingletons
0x00007ff77b937e9a (Unity) <lambda_7a4e346ad56c093be607e8c3dc54f69c>::operator()
0x00007ff77ba020d2 (Unity) asio::detail::completion_handler<core::mutable_function<void __cdecl(void)> >::do_complete
0x00007ff77ba04230 (Unity) asio::detail::win_iocp_io_service::do_one
0x00007ff77ba079be (Unity) asio::io_service::run
0x00007ff77b97dd50 (Unity) RunAssetImportWorkerClientV2
0x00007ff77b97dda0 (Unity) RunAssetImporterV2
0x00007ff77ae9d73b (Unity) Application::InitializeProject
0x00007ff77b812be2 (Unity) WinMain
0x00007ff77d658fc6 (Unity) __scrt_common_main_seh
0x00007ffddc7c13d2 (KERNEL32) BaseThreadInitThunk
0x00007ffddcb354f4 (ntdll) RtlUserThreadStart

Registering precompiled user dll's ...
Registered in 0.001038 seconds.
Begin MonoManager ReloadAssembly
Native extension for WindowsStandalone target not found
Native extension for WebGL target not found
Refreshing native plugins compatible for Editor in 0.36 ms, found 0 plugins.
Preloading 0 native plugins for Editor in 0.00 ms.
Invoked RoslynAnalysisRunner static constructor.
RoslynAnalysisRunner will not be running.
RoslynAnalysisRunner has terminated.
Mono: successfully reloaded assembly
- Completed reload, in  1.615 seconds
Platform modules already initialized, skipping
Refreshing native plugins compatible for Editor in 0.63 ms, found 0 plugins.
Preloading 0 native plugins for Editor in 0.00 ms.
Unloading 1177 Unused Serialized files (Serialized files now loaded: 0)
System memory in use before: 62.4 MB.
System memory in use after: 62.5 MB.

Unloading 4 unused Assets to reduce memory usage. Loaded Objects now: 1644.
Total: 3.171997 ms (FindLiveObjects: 0.393100 ms CreateObjectMapping: 0.158574 ms MarkObjects: 2.592611 ms  DeleteObjects: 0.024120 ms)

========================================================================
Received Prepare
Default GameObject BitMask: Water already registered
0x00007ff77a328c8c (Unity) StackWalker::GetCurrentCallstack
0x00007ff77a331069 (Unity) StackWalker::ShowCallstack
0x00007ff77b80564c (Unity) GetStacktrace
0x00007ff77c8c4803 (Unity) DebugStringToFile
0x00007ff77931f9e1 (Unity) TagManager::RegisterLayer
0x00007ff7793117f4 (Unity) TagManager::Transfer<YAMLRead>
0x00007ff77932b11a (Unity) TagManager::VirtualRedirectTransfer
0x00007ff77a28314d (Unity) SerializedFile::ReadObject
0x00007ff77a247da4 (Unity) PersistentManager::ReloadFromDisk
0x00007ff77b93ce36 (Unity) ReloadSerializedSingletons
0x00007ff77b937e9a (Unity) <lambda_7a4e346ad56c093be607e8c3dc54f69c>::operator()
0x00007ff77ba020d2 (Unity) asio::detail::completion_handler<core::mutable_function<void __cdecl(void)> >::do_complete
0x00007ff77ba04230 (Unity) asio::detail::win_iocp_io_service::do_one
0x00007ff77ba079be (Unity) asio::io_service::run
0x00007ff77b97dd50 (Unity) RunAssetImportWorkerClientV2
0x00007ff77b97dda0 (Unity) RunAssetImporterV2
0x00007ff77ae9d73b (Unity) Application::InitializeProject
0x00007ff77b812be2 (Unity) WinMain
0x00007ff77d658fc6 (Unity) __scrt_common_main_seh
0x00007ffddc7c13d2 (KERNEL32) BaseThreadInitThunk
0x00007ffddcb354f4 (ntdll) RtlUserThreadStart

Registering precompiled user dll's ...
Registered in 0.000678 seconds.
Begin MonoManager ReloadAssembly
Native extension for WindowsStandalone target not found
Native extension for WebGL target not found
Refreshing native plugins compatible for Editor in 0.34 ms, found 0 plugins.
Preloading 0 native plugins for Editor in 0.00 ms.
Invoked RoslynAnalysisRunner static constructor.
RoslynAnalysisRunner will not be running.
RoslynAnalysisRunner has terminated.
Mono: successfully reloaded assembly
- Completed reload, in  1.595 seconds
Platform modules already initialized, skipping
Refreshing native plugins compatible for Editor in 0.63 ms, found 0 plugins.
Preloading 0 native plugins for Editor in 0.00 ms.
Unloading 1177 Unused Serialized files (Serialized files now loaded: 0)
System memory in use before: 62.5 MB.
System memory in use after: 62.6 MB.

Unloading 4 unused Assets to reduce memory usage. Loaded Objects now: 1647.
Total: 3.761133 ms (FindLiveObjects: 0.285844 ms CreateObjectMapping: 0.156521 ms MarkObjects: 3.286950 ms  DeleteObjects: 0.028738 ms)

========================================================================
Received Prepare
Default GameObject BitMask: Water already registered
0x00007ff77a328c8c (Unity) StackWalker::GetCurrentCallstack
0x00007ff77a331069 (Unity) StackWalker::ShowCallstack
0x00007ff77b80564c (Unity) GetStacktrace
0x00007ff77c8c4803 (Unity) DebugStringToFile
0x00007ff77931f9e1 (Unity) TagManager::RegisterLayer
0x00007ff7793117f4 (Unity) TagManager::Transfer<YAMLRead>
0x00007ff77932b11a (Unity) TagManager::VirtualRedirectTransfer
0x00007ff77a28314d (Unity) SerializedFile::ReadObject
0x00007ff77a247da4 (Unity) PersistentManager::ReloadFromDisk
0x00007ff77b93ce36 (Unity) ReloadSerializedSingletons
0x00007ff77b937e9a (Unity) <lambda_7a4e346ad56c093be607e8c3dc54f69c>::operator()
0x00007ff77ba020d2 (Unity) asio::detail::completion_handler<core::mutable_function<void __cdecl(void)> >::do_complete
0x00007ff77ba04230 (Unity) asio::detail::win_iocp_io_service::do_one
0x00007ff77ba079be (Unity) asio::io_service::run
0x00007ff77b97dd50 (Unity) RunAssetImportWorkerClientV2
0x00007ff77b97dda0 (Unity) RunAssetImporterV2
0x00007ff77ae9d73b (Unity) Application::InitializeProject
0x00007ff77b812be2 (Unity) WinMain
0x00007ff77d658fc6 (Unity) __scrt_common_main_seh
0x00007ffddc7c13d2 (KERNEL32) BaseThreadInitThunk
0x00007ffddcb354f4 (ntdll) RtlUserThreadStart

Registering precompiled user dll's ...
Registered in 0.000751 seconds.
Begin MonoManager ReloadAssembly
Native extension for WindowsStandalone target not found
Native extension for WebGL target not found
Refreshing native plugins compatible for Editor in 0.35 ms, found 0 plugins.
Preloading 0 native plugins for Editor in 0.00 ms.
Invoked RoslynAnalysisRunner static constructor.
RoslynAnalysisRunner will not be running.
RoslynAnalysisRunner has terminated.
Mono: successfully reloaded assembly
- Completed reload, in  1.637 seconds
Platform modules already initialized, skipping
Refreshing native plugins compatible for Editor in 1.26 ms, found 0 plugins.
Preloading 0 native plugins for Editor in 0.00 ms.
Unloading 1177 Unused Serialized files (Serialized files now loaded: 0)
System memory in use before: 62.6 MB.
System memory in use after: 62.7 MB.

Unloading 4 unused Assets to reduce memory usage. Loaded Objects now: 1650.
Total: 2.668562 ms (FindLiveObjects: 0.208866 ms CreateObjectMapping: 0.059529 ms MarkObjects: 2.375020 ms  DeleteObjects: 0.022580 ms)

========================================================================
Received Import Request.
  Time since last request: 561.236732 seconds.
  path: Assets/Sprites/blackandyellow.png
  artifactKey: Guid(88e5443f5ba8cbf4f9102d7e68ba0850) Importer(815301076,1909f56bfc062723c751e8b465ee728b)
Start importing Assets/Sprites/blackandyellow.png using Guid(88e5443f5ba8cbf4f9102d7e68ba0850) Importer(815301076,1909f56bfc062723c751e8b465ee728b)  -> (artifact id: '5cf57f470bc1bc9cd19ba588cfc2d20b') in 0.362281 seconds
  Import took 0.365560 seconds .

========================================================================
Received Prepare
Default GameObject BitMask: Water already registered
0x00007ff77a328c8c (Unity) StackWalker::GetCurrentCallstack
0x00007ff77a331069 (Unity) StackWalker::ShowCallstack
0x00007ff77b80564c (Unity) GetStacktrace
0x00007ff77c8c4803 (Unity) DebugStringToFile
0x00007ff77931f9e1 (Unity) TagManager::RegisterLayer
0x00007ff7793117f4 (Unity) TagManager::Transfer<YAMLRead>
0x00007ff77932b11a (Unity) TagManager::VirtualRedirectTransfer
0x00007ff77a28314d (Unity) SerializedFile::ReadObject
0x00007ff77a247da4 (Unity) PersistentManager::ReloadFromDisk
0x00007ff77b93ce36 (Unity) ReloadSerializedSingletons
0x00007ff77b937e9a (Unity) <lambda_7a4e346ad56c093be607e8c3dc54f69c>::operator()
0x00007ff77ba020d2 (Unity) asio::detail::completion_handler<core::mutable_function<void __cdecl(void)> >::do_complete
0x00007ff77ba04230 (Unity) asio::detail::win_iocp_io_service::do_one
0x00007ff77ba079be (Unity) asio::io_service::run
0x00007ff77b97dd50 (Unity) RunAssetImportWorkerClientV2
0x00007ff77b97dda0 (Unity) RunAssetImporterV2
0x00007ff77ae9d73b (Unity) Application::InitializeProject
0x00007ff77b812be2 (Unity) WinMain
0x00007ff77d658fc6 (Unity) __scrt_common_main_seh
0x00007ffddc7c13d2 (KERNEL32) BaseThreadInitThunk
0x00007ffddcb354f4 (ntdll) RtlUserThreadStart

Registering precompiled user dll's ...
Registered in 0.001406 seconds.
Begin MonoManager ReloadAssembly
Native extension for WindowsStandalone target not found
Native extension for WebGL target not found
Refreshing native plugins compatible for Editor in 0.36 ms, found 0 plugins.
Preloading 0 native plugins for Editor in 0.00 ms.
Invoked RoslynAnalysisRunner static constructor.
RoslynAnalysisRunner will not be running.
RoslynAnalysisRunner has terminated.
Mono: successfully reloaded assembly
- Completed reload, in  1.772 seconds
Platform modules already initialized, skipping
Refreshing native plugins compatible for Editor in 0.62 ms, found 0 plugins.
Preloading 0 native plugins for Editor in 0.00 ms.
Unloading 1177 Unused Serialized files (Serialized files now loaded: 0)
System memory in use before: 62.7 MB.
System memory in use after: 62.8 MB.

Unloading 4 unused Assets to reduce memory usage. Loaded Objects now: 1656.
Total: 4.090084 ms (FindLiveObjects: 0.305345 ms CreateObjectMapping: 0.110335 ms MarkObjects: 3.642074 ms  DeleteObjects: 0.029765 ms)

========================================================================
Received Prepare
Default GameObject BitMask: Water already registered
0x00007ff77a328c8c (Unity) StackWalker::GetCurrentCallstack
0x00007ff77a331069 (Unity) StackWalker::ShowCallstack
0x00007ff77b80564c (Unity) GetStacktrace
0x00007ff77c8c4803 (Unity) DebugStringToFile
0x00007ff77931f9e1 (Unity) TagManager::RegisterLayer
0x00007ff7793117f4 (Unity) TagManager::Transfer<YAMLRead>
0x00007ff77932b11a (Unity) TagManager::VirtualRedirectTransfer
0x00007ff77a28314d (Unity) SerializedFile::ReadObject
0x00007ff77a247da4 (Unity) PersistentManager::ReloadFromDisk
0x00007ff77b93ce36 (Unity) ReloadSerializedSingletons
0x00007ff77b937e9a (Unity) <lambda_7a4e346ad56c093be607e8c3dc54f69c>::operator()
0x00007ff77ba020d2 (Unity) asio::detail::completion_handler<core::mutable_function<void __cdecl(void)> >::do_complete
0x00007ff77ba04230 (Unity) asio::detail::win_iocp_io_service::do_one
0x00007ff77ba079be (Unity) asio::io_service::run
0x00007ff77b97dd50 (Unity) RunAssetImportWorkerClientV2
0x00007ff77b97dda0 (Unity) RunAssetImporterV2
0x00007ff77ae9d73b (Unity) Application::InitializeProject
0x00007ff77b812be2 (Unity) WinMain
0x00007ff77d658fc6 (Unity) __scrt_common_main_seh
0x00007ffddc7c13d2 (KERNEL32) BaseThreadInitThunk
0x00007ffddcb354f4 (ntdll) RtlUserThreadStart

Registering precompiled user dll's ...
Registered in 0.000824 seconds.
Begin MonoManager ReloadAssembly
Native extension for WindowsStandalone target not found
Native extension for WebGL target not found
Refreshing native plugins compatible for Editor in 0.50 ms, found 0 plugins.
Preloading 0 native plugins for Editor in 0.00 ms.
Invoked RoslynAnalysisRunner static constructor.
RoslynAnalysisRunner will not be running.
RoslynAnalysisRunner has terminated.
Mono: successfully reloaded assembly
- Completed reload, in  3.250 seconds
Platform modules already initialized, skipping
Refreshing native plugins compatible for Editor in 0.68 ms, found 0 plugins.
Preloading 0 native plugins for Editor in 0.00 ms.
Unloading 1177 Unused Serialized files (Serialized files now loaded: 0)
System memory in use before: 62.8 MB.
System memory in use after: 62.9 MB.

Unloading 4 unused Assets to reduce memory usage. Loaded Objects now: 1659.
Total: 3.418839 ms (FindLiveObjects: 0.287384 ms CreateObjectMapping: 0.088781 ms MarkObjects: 2.993408 ms  DeleteObjects: 0.046187 ms)

========================================================================
Received Prepare
Default GameObject BitMask: Water already registered
0x00007ff77a328c8c (Unity) StackWalker::GetCurrentCallstack
0x00007ff77a331069 (Unity) StackWalker::ShowCallstack
0x00007ff77b80564c (Unity) GetStacktrace
0x00007ff77c8c4803 (Unity) DebugStringToFile
0x00007ff77931f9e1 (Unity) TagManager::RegisterLayer
0x00007ff7793117f4 (Unity) TagManager::Transfer<YAMLRead>
0x00007ff77932b11a (Unity) TagManager::VirtualRedirectTransfer
0x00007ff77a28314d (Unity) SerializedFile::ReadObject
0x00007ff77a247da4 (Unity) PersistentManager::ReloadFromDisk
0x00007ff77b93ce36 (Unity) ReloadSerializedSingletons
0x00007ff77b937e9a (Unity) <lambda_7a4e346ad56c093be607e8c3dc54f69c>::operator()
0x00007ff77ba020d2 (Unity) asio::detail::completion_handler<core::mutable_function<void __cdecl(void)> >::do_complete
0x00007ff77ba04230 (Unity) asio::detail::win_iocp_io_service::do_one
0x00007ff77ba079be (Unity) asio::io_service::run
0x00007ff77b97dd50 (Unity) RunAssetImportWorkerClientV2
0x00007ff77b97dda0 (Unity) RunAssetImporterV2
0x00007ff77ae9d73b (Unity) Application::InitializeProject
0x00007ff77b812be2 (Unity) WinMain
0x00007ff77d658fc6 (Unity) __scrt_common_main_seh
0x00007ffddc7c13d2 (KERNEL32) BaseThreadInitThunk
0x00007ffddcb354f4 (ntdll) RtlUserThreadStart

Registering precompiled user dll's ...
Registered in 0.001001 seconds.
Begin MonoManager ReloadAssembly
Native extension for WindowsStandalone target not found
Native extension for WebGL target not found
Refreshing native plugins compatible for Editor in 0.45 ms, found 0 plugins.
Preloading 0 native plugins for Editor in 0.00 ms.
Invoked RoslynAnalysisRunner static constructor.
RoslynAnalysisRunner will not be running.
RoslynAnalysisRunner has terminated.
Mono: successfully reloaded assembly
- Completed reload, in  2.022 seconds
Platform modules already initialized, skipping
Refreshing native plugins compatible for Editor in 0.53 ms, found 0 plugins.
Preloading 0 native plugins for Editor in 0.00 ms.
Unloading 1177 Unused Serialized files (Serialized files now loaded: 0)
System memory in use before: 62.8 MB.
System memory in use after: 63.0 MB.

Unloading 4 unused Assets to reduce memory usage. Loaded Objects now: 1662.
Total: 2.621862 ms (FindLiveObjects: 0.217590 ms CreateObjectMapping: 0.098532 ms MarkObjects: 2.281107 ms  DeleteObjects: 0.022580 ms)

========================================================================
Received Prepare
Default GameObject BitMask: Water already registered
0x00007ff77a328c8c (Unity) StackWalker::GetCurrentCallstack
0x00007ff77a331069 (Unity) StackWalker::ShowCallstack
0x00007ff77b80564c (Unity) GetStacktrace
0x00007ff77c8c4803 (Unity) DebugStringToFile
0x00007ff77931f9e1 (Unity) TagManager::RegisterLayer
0x00007ff7793117f4 (Unity) TagManager::Transfer<YAMLRead>
0x00007ff77932b11a (Unity) TagManager::VirtualRedirectTransfer
0x00007ff77a28314d (Unity) SerializedFile::ReadObject
0x00007ff77a247da4 (Unity) PersistentManager::ReloadFromDisk
0x00007ff77b93ce36 (Unity) ReloadSerializedSingletons
0x00007ff77b937e9a (Unity) <lambda_7a4e346ad56c093be607e8c3dc54f69c>::operator()
0x00007ff77ba020d2 (Unity) asio::detail::completion_handler<core::mutable_function<void __cdecl(void)> >::do_complete
0x00007ff77ba04230 (Unity) asio::detail::win_iocp_io_service::do_one
0x00007ff77ba079be (Unity) asio::io_service::run
0x00007ff77b97dd50 (Unity) RunAssetImportWorkerClientV2
0x00007ff77b97dda0 (Unity) RunAssetImporterV2
0x00007ff77ae9d73b (Unity) Application::InitializeProject
0x00007ff77b812be2 (Unity) WinMain
0x00007ff77d658fc6 (Unity) __scrt_common_main_seh
0x00007ffddc7c13d2 (KERNEL32) BaseThreadInitThunk
0x00007ffddcb354f4 (ntdll) RtlUserThreadStart

Registering precompiled user dll's ...
Registered in 0.000988 seconds.
Begin MonoManager ReloadAssembly
Native extension for WindowsStandalone target not found
Native extension for WebGL target not found
Refreshing native plugins compatible for Editor in 0.62 ms, found 0 plugins.
Preloading 0 native plugins for Editor in 0.00 ms.
Invoked RoslynAnalysisRunner static constructor.
RoslynAnalysisRunner will not be running.
RoslynAnalysisRunner has terminated.
Mono: successfully reloaded assembly
- Completed reload, in  1.713 seconds
Platform modules already initialized, skipping
Refreshing native plugins compatible for Editor in 0.52 ms, found 0 plugins.
Preloading 0 native plugins for Editor in 0.00 ms.
Unloading 1177 Unused Serialized files (Serialized files now loaded: 0)
System memory in use before: 63.0 MB.
System memory in use after: 63.1 MB.

Unloading 4 unused Assets to reduce memory usage. Loaded Objects now: 1665.
Total: 4.071097 ms (FindLiveObjects: 0.431075 ms CreateObjectMapping: 0.218617 ms MarkObjects: 3.395232 ms  DeleteObjects: 0.023607 ms)

========================================================================
Received Prepare
Default GameObject BitMask: Water already registered
0x00007ff77a328c8c (Unity) StackWalker::GetCurrentCallstack
0x00007ff77a331069 (Unity) StackWalker::ShowCallstack
0x00007ff77b80564c (Unity) GetStacktrace
0x00007ff77c8c4803 (Unity) DebugStringToFile
0x00007ff77931f9e1 (Unity) TagManager::RegisterLayer
0x00007ff7793117f4 (Unity) TagManager::Transfer<YAMLRead>
0x00007ff77932b11a (Unity) TagManager::VirtualRedirectTransfer
0x00007ff77a28314d (Unity) SerializedFile::ReadObject
0x00007ff77a247da4 (Unity) PersistentManager::ReloadFromDisk
0x00007ff77b93ce36 (Unity) ReloadSerializedSingletons
0x00007ff77b937e9a (Unity) <lambda_7a4e346ad56c093be607e8c3dc54f69c>::operator()
0x00007ff77ba020d2 (Unity) asio::detail::completion_handler<core::mutable_function<void __cdecl(void)> >::do_complete
0x00007ff77ba04230 (Unity) asio::detail::win_iocp_io_service::do_one
0x00007ff77ba079be (Unity) asio::io_service::run
0x00007ff77b97dd50 (Unity) RunAssetImportWorkerClientV2
0x00007ff77b97dda0 (Unity) RunAssetImporterV2
0x00007ff77ae9d73b (Unity) Application::InitializeProject
0x00007ff77b812be2 (Unity) WinMain
0x00007ff77d658fc6 (Unity) __scrt_common_main_seh
0x00007ffddc7c13d2 (KERNEL32) BaseThreadInitThunk
0x00007ffddcb354f4 (ntdll) RtlUserThreadStart

Registering precompiled user dll's ...
Registered in 0.000814 seconds.
Begin MonoManager ReloadAssembly
Native extension for WindowsStandalone target not found
Native extension for WebGL target not found
Refreshing native plugins compatible for Editor in 1.07 ms, found 0 plugins.
Preloading 0 native plugins for Editor in 0.00 ms.
Invoked RoslynAnalysisRunner static constructor.
RoslynAnalysisRunner will not be running.
RoslynAnalysisRunner has terminated.
Mono: successfully reloaded assembly
- Completed reload, in  1.743 seconds
Platform modules already initialized, skipping
Refreshing native plugins compatible for Editor in 0.62 ms, found 0 plugins.
Preloading 0 native plugins for Editor in 0.00 ms.
Unloading 1177 Unused Serialized files (Serialized files now loaded: 0)
System memory in use before: 63.1 MB.
System memory in use after: 63.2 MB.

Unloading 4 unused Assets to reduce memory usage. Loaded Objects now: 1668.
Total: 3.676457 ms (FindLiveObjects: 0.284304 ms CreateObjectMapping: 0.088268 ms MarkObjects: 3.271554 ms  DeleteObjects: 0.028738 ms)

========================================================================
Received Prepare
Default GameObject BitMask: Water already registered
0x00007ff77a328c8c (Unity) StackWalker::GetCurrentCallstack
0x00007ff77a331069 (Unity) StackWalker::ShowCallstack
0x00007ff77b80564c (Unity) GetStacktrace
0x00007ff77c8c4803 (Unity) DebugStringToFile
0x00007ff77931f9e1 (Unity) TagManager::RegisterLayer
0x00007ff7793117f4 (Unity) TagManager::Transfer<YAMLRead>
0x00007ff77932b11a (Unity) TagManager::VirtualRedirectTransfer
0x00007ff77a28314d (Unity) SerializedFile::ReadObject
0x00007ff77a247da4 (Unity) PersistentManager::ReloadFromDisk
0x00007ff77b93ce36 (Unity) ReloadSerializedSingletons
0x00007ff77b937e9a (Unity) <lambda_7a4e346ad56c093be607e8c3dc54f69c>::operator()
0x00007ff77ba020d2 (Unity) asio::detail::completion_handler<core::mutable_function<void __cdecl(void)> >::do_complete
0x00007ff77ba04230 (Unity) asio::detail::win_iocp_io_service::do_one
0x00007ff77ba079be (Unity) asio::io_service::run
0x00007ff77b97dd50 (Unity) RunAssetImportWorkerClientV2
0x00007ff77b97dda0 (Unity) RunAssetImporterV2
0x00007ff77ae9d73b (Unity) Application::InitializeProject
0x00007ff77b812be2 (Unity) WinMain
0x00007ff77d658fc6 (Unity) __scrt_common_main_seh
0x00007ffddc7c13d2 (KERNEL32) BaseThreadInitThunk
0x00007ffddcb354f4 (ntdll) RtlUserThreadStart

Registering precompiled user dll's ...
Registered in 0.000947 seconds.
Begin MonoManager ReloadAssembly
Native extension for WindowsStandalone target not found
Native extension for WebGL target not found
Refreshing native plugins compatible for Editor in 0.94 ms, found 0 plugins.
Preloading 0 native plugins for Editor in 0.00 ms.
Invoked RoslynAnalysisRunner static constructor.
RoslynAnalysisRunner will not be running.
RoslynAnalysisRunner has terminated.
Mono: successfully reloaded assembly
- Completed reload, in  1.753 seconds
Platform modules already initialized, skipping
Refreshing native plugins compatible for Editor in 0.65 ms, found 0 plugins.
Preloading 0 native plugins for Editor in 0.00 ms.
Unloading 1177 Unused Serialized files (Serialized files now loaded: 0)
System memory in use before: 63.2 MB.
System memory in use after: 63.3 MB.

Unloading 4 unused Assets to reduce memory usage. Loaded Objects now: 1671.
Total: 2.644442 ms (FindLiveObjects: 0.193984 ms CreateObjectMapping: 0.059016 ms MarkObjects: 2.367322 ms  DeleteObjects: 0.022067 ms)

========================================================================
Received Prepare
Default GameObject BitMask: Water already registered
0x00007ff77a328c8c (Unity) StackWalker::GetCurrentCallstack
0x00007ff77a331069 (Unity) StackWalker::ShowCallstack
0x00007ff77b80564c (Unity) GetStacktrace
0x00007ff77c8c4803 (Unity) DebugStringToFile
0x00007ff77931f9e1 (Unity) TagManager::RegisterLayer
0x00007ff7793117f4 (Unity) TagManager::Transfer<YAMLRead>
0x00007ff77932b11a (Unity) TagManager::VirtualRedirectTransfer
0x00007ff77a28314d (Unity) SerializedFile::ReadObject
0x00007ff77a247da4 (Unity) PersistentManager::ReloadFromDisk
0x00007ff77b93ce36 (Unity) ReloadSerializedSingletons
0x00007ff77b937e9a (Unity) <lambda_7a4e346ad56c093be607e8c3dc54f69c>::operator()
0x00007ff77ba020d2 (Unity) asio::detail::completion_handler<core::mutable_function<void __cdecl(void)> >::do_complete
0x00007ff77ba04230 (Unity) asio::detail::win_iocp_io_service::do_one
0x00007ff77ba079be (Unity) asio::io_service::run
0x00007ff77b97dd50 (Unity) RunAssetImportWorkerClientV2
0x00007ff77b97dda0 (Unity) RunAssetImporterV2
0x00007ff77ae9d73b (Unity) Application::InitializeProject
0x00007ff77b812be2 (Unity) WinMain
0x00007ff77d658fc6 (Unity) __scrt_common_main_seh
0x00007ffddc7c13d2 (KERNEL32) BaseThreadInitThunk
0x00007ffddcb354f4 (ntdll) RtlUserThreadStart

Registering precompiled user dll's ...
Registered in 0.000743 seconds.
Begin MonoManager ReloadAssembly
Native extension for WindowsStandalone target not found
Native extension for WebGL target not found
Refreshing native plugins compatible for Editor in 0.75 ms, found 0 plugins.
Preloading 0 native plugins for Editor in 0.00 ms.
Invoked RoslynAnalysisRunner static constructor.
RoslynAnalysisRunner will not be running.
RoslynAnalysisRunner has terminated.
Mono: successfully reloaded assembly
- Completed reload, in  1.757 seconds
Platform modules already initialized, skipping
Refreshing native plugins compatible for Editor in 0.56 ms, found 0 plugins.
Preloading 0 native plugins for Editor in 0.00 ms.
Unloading 1177 Unused Serialized files (Serialized files now loaded: 0)
System memory in use before: 63.3 MB.
System memory in use after: 63.4 MB.

Unloading 4 unused Assets to reduce memory usage. Loaded Objects now: 1674.
Total: 4.139350 ms (FindLiveObjects: 0.256593 ms CreateObjectMapping: 0.093913 ms MarkObjects: 3.760620 ms  DeleteObjects: 0.024633 ms)

========================================================================
Received Prepare
Default GameObject BitMask: Water already registered
0x00007ff77a328c8c (Unity) StackWalker::GetCurrentCallstack
0x00007ff77a331069 (Unity) StackWalker::ShowCallstack
0x00007ff77b80564c (Unity) GetStacktrace
0x00007ff77c8c4803 (Unity) DebugStringToFile
0x00007ff77931f9e1 (Unity) TagManager::RegisterLayer
0x00007ff7793117f4 (Unity) TagManager::Transfer<YAMLRead>
0x00007ff77932b11a (Unity) TagManager::VirtualRedirectTransfer
0x00007ff77a28314d (Unity) SerializedFile::ReadObject
0x00007ff77a247da4 (Unity) PersistentManager::ReloadFromDisk
0x00007ff77b93ce36 (Unity) ReloadSerializedSingletons
0x00007ff77b937e9a (Unity) <lambda_7a4e346ad56c093be607e8c3dc54f69c>::operator()
0x00007ff77ba020d2 (Unity) asio::detail::completion_handler<core::mutable_function<void __cdecl(void)> >::do_complete
0x00007ff77ba04230 (Unity) asio::detail::win_iocp_io_service::do_one
0x00007ff77ba079be (Unity) asio::io_service::run
0x00007ff77b97dd50 (Unity) RunAssetImportWorkerClientV2
0x00007ff77b97dda0 (Unity) RunAssetImporterV2
0x00007ff77ae9d73b (Unity) Application::InitializeProject
0x00007ff77b812be2 (Unity) WinMain
0x00007ff77d658fc6 (Unity) __scrt_common_main_seh
0x00007ffddc7c13d2 (KERNEL32) BaseThreadInitThunk
0x00007ffddcb354f4 (ntdll) RtlUserThreadStart

Registering precompiled user dll's ...
Registered in 0.000668 seconds.
Begin MonoManager ReloadAssembly
Native extension for WindowsStandalone target not found
Native extension for WebGL target not found
Refreshing native plugins compatible for Editor in 0.59 ms, found 0 plugins.
Preloading 0 native plugins for Editor in 0.00 ms.
Invoked RoslynAnalysisRunner static constructor.
RoslynAnalysisRunner will not be running.
RoslynAnalysisRunner has terminated.
Mono: successfully reloaded assembly
- Completed reload, in  1.738 seconds
Platform modules already initialized, skipping
Refreshing native plugins compatible for Editor in 0.66 ms, found 0 plugins.
Preloading 0 native plugins for Editor in 0.00 ms.
Unloading 1177 Unused Serialized files (Serialized files now loaded: 0)
System memory in use before: 63.4 MB.
System memory in use after: 63.5 MB.

Unloading 4 unused Assets to reduce memory usage. Loaded Objects now: 1677.
Total: 3.995145 ms (FindLiveObjects: 0.288923 ms CreateObjectMapping: 0.089807 ms MarkObjects: 3.586650 ms  DeleteObjects: 0.027199 ms)

========================================================================
Received Prepare
Default GameObject BitMask: Water already registered
0x00007ff77a328c8c (Unity) StackWalker::GetCurrentCallstack
0x00007ff77a331069 (Unity) StackWalker::ShowCallstack
0x00007ff77b80564c (Unity) GetStacktrace
0x00007ff77c8c4803 (Unity) DebugStringToFile
0x00007ff77931f9e1 (Unity) TagManager::RegisterLayer
0x00007ff7793117f4 (Unity) TagManager::Transfer<YAMLRead>
0x00007ff77932b11a (Unity) TagManager::VirtualRedirectTransfer
0x00007ff77a28314d (Unity) SerializedFile::ReadObject
0x00007ff77a247da4 (Unity) PersistentManager::ReloadFromDisk
0x00007ff77b93ce36 (Unity) ReloadSerializedSingletons
0x00007ff77b937e9a (Unity) <lambda_7a4e346ad56c093be607e8c3dc54f69c>::operator()
0x00007ff77ba020d2 (Unity) asio::detail::completion_handler<core::mutable_function<void __cdecl(void)> >::do_complete
0x00007ff77ba04230 (Unity) asio::detail::win_iocp_io_service::do_one
0x00007ff77ba079be (Unity) asio::io_service::run
0x00007ff77b97dd50 (Unity) RunAssetImportWorkerClientV2
0x00007ff77b97dda0 (Unity) RunAssetImporterV2
0x00007ff77ae9d73b (Unity) Application::InitializeProject
0x00007ff77b812be2 (Unity) WinMain
0x00007ff77d658fc6 (Unity) __scrt_common_main_seh
0x00007ffddc7c13d2 (KERNEL32) BaseThreadInitThunk
0x00007ffddcb354f4 (ntdll) RtlUserThreadStart

Registering precompiled user dll's ...
Registered in 0.000712 seconds.
Begin MonoManager ReloadAssembly
Native extension for WindowsStandalone target not found
Native extension for WebGL target not found
Refreshing native plugins compatible for Editor in 0.49 ms, found 0 plugins.
Preloading 0 native plugins for Editor in 0.00 ms.
Invoked RoslynAnalysisRunner static constructor.
RoslynAnalysisRunner will not be running.
RoslynAnalysisRunner has terminated.
Mono: successfully reloaded assembly
- Completed reload, in  2.171 seconds
Platform modules already initialized, skipping
Refreshing native plugins compatible for Editor in 0.88 ms, found 0 plugins.
Preloading 0 native plugins for Editor in 0.00 ms.
Unloading 1177 Unused Serialized files (Serialized files now loaded: 0)
System memory in use before: 63.5 MB.
System memory in use after: 63.6 MB.

Unloading 4 unused Assets to reduce memory usage. Loaded Objects now: 1680.
Total: 3.396772 ms (FindLiveObjects: 0.255566 ms CreateObjectMapping: 0.057990 ms MarkObjects: 3.053964 ms  DeleteObjects: 0.026686 ms)

========================================================================
Received Prepare
Default GameObject BitMask: Water already registered
0x00007ff77a328c8c (Unity) StackWalker::GetCurrentCallstack
0x00007ff77a331069 (Unity) StackWalker::ShowCallstack
0x00007ff77b80564c (Unity) GetStacktrace
0x00007ff77c8c4803 (Unity) DebugStringToFile
0x00007ff77931f9e1 (Unity) TagManager::RegisterLayer
0x00007ff7793117f4 (Unity) TagManager::Transfer<YAMLRead>
0x00007ff77932b11a (Unity) TagManager::VirtualRedirectTransfer
0x00007ff77a28314d (Unity) SerializedFile::ReadObject
0x00007ff77a247da4 (Unity) PersistentManager::ReloadFromDisk
0x00007ff77b93ce36 (Unity) ReloadSerializedSingletons
0x00007ff77b937e9a (Unity) <lambda_7a4e346ad56c093be607e8c3dc54f69c>::operator()
0x00007ff77ba020d2 (Unity) asio::detail::completion_handler<core::mutable_function<void __cdecl(void)> >::do_complete
0x00007ff77ba04230 (Unity) asio::detail::win_iocp_io_service::do_one
0x00007ff77ba079be (Unity) asio::io_service::run
0x00007ff77b97dd50 (Unity) RunAssetImportWorkerClientV2
0x00007ff77b97dda0 (Unity) RunAssetImporterV2
0x00007ff77ae9d73b (Unity) Application::InitializeProject
0x00007ff77b812be2 (Unity) WinMain
0x00007ff77d658fc6 (Unity) __scrt_common_main_seh
0x00007ffddc7c13d2 (KERNEL32) BaseThreadInitThunk
0x00007ffddcb354f4 (ntdll) RtlUserThreadStart

Registering precompiled user dll's ...
Registered in 0.000679 seconds.
Begin MonoManager ReloadAssembly
Native extension for WindowsStandalone target not found
Native extension for WebGL target not found
Refreshing native plugins compatible for Editor in 0.62 ms, found 0 plugins.
Preloading 0 native plugins for Editor in 0.00 ms.
Invoked RoslynAnalysisRunner static constructor.
RoslynAnalysisRunner will not be running.
RoslynAnalysisRunner has terminated.
Mono: successfully reloaded assembly
- Completed reload, in  1.770 seconds
Platform modules already initialized, skipping
Refreshing native plugins compatible for Editor in 8.43 ms, found 0 plugins.
Preloading 0 native plugins for Editor in 0.00 ms.
Unloading 1177 Unused Serialized files (Serialized files now loaded: 0)
System memory in use before: 63.6 MB.
System memory in use after: 63.7 MB.

Unloading 4 unused Assets to reduce memory usage. Loaded Objects now: 1683.
Total: 3.997198 ms (FindLiveObjects: 0.362822 ms CreateObjectMapping: 0.153956 ms MarkObjects: 3.446550 ms  DeleteObjects: 0.030278 ms)

========================================================================
Received Prepare
Default GameObject BitMask: Water already registered
0x00007ff77a328c8c (Unity) StackWalker::GetCurrentCallstack
0x00007ff77a331069 (Unity) StackWalker::ShowCallstack
0x00007ff77b80564c (Unity) GetStacktrace
0x00007ff77c8c4803 (Unity) DebugStringToFile
0x00007ff77931f9e1 (Unity) TagManager::RegisterLayer
0x00007ff7793117f4 (Unity) TagManager::Transfer<YAMLRead>
0x00007ff77932b11a (Unity) TagManager::VirtualRedirectTransfer
0x00007ff77a28314d (Unity) SerializedFile::ReadObject
0x00007ff77a247da4 (Unity) PersistentManager::ReloadFromDisk
0x00007ff77b93ce36 (Unity) ReloadSerializedSingletons
0x00007ff77b937e9a (Unity) <lambda_7a4e346ad56c093be607e8c3dc54f69c>::operator()
0x00007ff77ba020d2 (Unity) asio::detail::completion_handler<core::mutable_function<void __cdecl(void)> >::do_complete
0x00007ff77ba04230 (Unity) asio::detail::win_iocp_io_service::do_one
0x00007ff77ba079be (Unity) asio::io_service::run
0x00007ff77b97dd50 (Unity) RunAssetImportWorkerClientV2
0x00007ff77b97dda0 (Unity) RunAssetImporterV2
0x00007ff77ae9d73b (Unity) Application::InitializeProject
0x00007ff77b812be2 (Unity) WinMain
0x00007ff77d658fc6 (Unity) __scrt_common_main_seh
0x00007ffddc7c13d2 (KERNEL32) BaseThreadInitThunk
0x00007ffddcb354f4 (ntdll) RtlUserThreadStart

Registering precompiled user dll's ...
Registered in 0.000769 seconds.
Begin MonoManager ReloadAssembly
Native extension for WindowsStandalone target not found
Native extension for WebGL target not found
Refreshing native plugins compatible for Editor in 0.37 ms, found 0 plugins.
Preloading 0 native plugins for Editor in 0.00 ms.
Invoked RoslynAnalysisRunner static constructor.
RoslynAnalysisRunner will not be running.
RoslynAnalysisRunner has terminated.
Mono: successfully reloaded assembly
- Completed reload, in  1.893 seconds
Platform modules already initialized, skipping
Refreshing native plugins compatible for Editor in 33.38 ms, found 0 plugins.
Preloading 0 native plugins for Editor in 0.00 ms.
Unloading 1177 Unused Serialized files (Serialized files now loaded: 0)
System memory in use before: 63.7 MB.
System memory in use after: 63.8 MB.

Unloading 4 unused Assets to reduce memory usage. Loaded Objects now: 1686.
Total: 3.944853 ms (FindLiveObjects: 0.363848 ms CreateObjectMapping: 0.094426 ms MarkObjects: 3.443471 ms  DeleteObjects: 0.034383 ms)

========================================================================
Received Prepare
Default GameObject BitMask: Water already registered
0x00007ff77a328c8c (Unity) StackWalker::GetCurrentCallstack
0x00007ff77a331069 (Unity) StackWalker::ShowCallstack
0x00007ff77b80564c (Unity) GetStacktrace
0x00007ff77c8c4803 (Unity) DebugStringToFile
0x00007ff77931f9e1 (Unity) TagManager::RegisterLayer
0x00007ff7793117f4 (Unity) TagManager::Transfer<YAMLRead>
0x00007ff77932b11a (Unity) TagManager::VirtualRedirectTransfer
0x00007ff77a28314d (Unity) SerializedFile::ReadObject
0x00007ff77a247da4 (Unity) PersistentManager::ReloadFromDisk
0x00007ff77b93ce36 (Unity) ReloadSerializedSingletons
0x00007ff77b937e9a (Unity) <lambda_7a4e346ad56c093be607e8c3dc54f69c>::operator()
0x00007ff77ba020d2 (Unity) asio::detail::completion_handler<core::mutable_function<void __cdecl(void)> >::do_complete
0x00007ff77ba04230 (Unity) asio::detail::win_iocp_io_service::do_one
0x00007ff77ba079be (Unity) asio::io_service::run
0x00007ff77b97dd50 (Unity) RunAssetImportWorkerClientV2
0x00007ff77b97dda0 (Unity) RunAssetImporterV2
0x00007ff77ae9d73b (Unity) Application::InitializeProject
0x00007ff77b812be2 (Unity) WinMain
0x00007ff77d658fc6 (Unity) __scrt_common_main_seh
0x00007ffddc7c13d2 (KERNEL32) BaseThreadInitThunk
0x00007ffddcb354f4 (ntdll) RtlUserThreadStart

Registering precompiled user dll's ...
Registered in 0.000695 seconds.
Begin MonoManager ReloadAssembly
Native extension for WindowsStandalone target not found
Native extension for WebGL target not found
Refreshing native plugins compatible for Editor in 0.55 ms, found 0 plugins.
Preloading 0 native plugins for Editor in 0.00 ms.
Invoked RoslynAnalysisRunner static constructor.
RoslynAnalysisRunner will not be running.
RoslynAnalysisRunner has terminated.
Mono: successfully reloaded assembly
- Completed reload, in  1.782 seconds
Platform modules already initialized, skipping
Refreshing native plugins compatible for Editor in 0.57 ms, found 0 plugins.
Preloading 0 native plugins for Editor in 0.00 ms.
Unloading 1177 Unused Serialized files (Serialized files now loaded: 0)
System memory in use before: 63.8 MB.
System memory in use after: 63.9 MB.

Unloading 4 unused Assets to reduce memory usage. Loaded Objects now: 1689.
Total: 4.532963 ms (FindLiveObjects: 0.331518 ms CreateObjectMapping: 0.104690 ms MarkObjects: 4.046464 ms  DeleteObjects: 0.046700 ms)

========================================================================
Received Prepare
Default GameObject BitMask: Water already registered
0x00007ff77a328c8c (Unity) StackWalker::GetCurrentCallstack
0x00007ff77a331069 (Unity) StackWalker::ShowCallstack
0x00007ff77b80564c (Unity) GetStacktrace
0x00007ff77c8c4803 (Unity) DebugStringToFile
0x00007ff77931f9e1 (Unity) TagManager::RegisterLayer
0x00007ff7793117f4 (Unity) TagManager::Transfer<YAMLRead>
0x00007ff77932b11a (Unity) TagManager::VirtualRedirectTransfer
0x00007ff77a28314d (Unity) SerializedFile::ReadObject
0x00007ff77a247da4 (Unity) PersistentManager::ReloadFromDisk
0x00007ff77b93ce36 (Unity) ReloadSerializedSingletons
0x00007ff77b937e9a (Unity) <lambda_7a4e346ad56c093be607e8c3dc54f69c>::operator()
0x00007ff77ba020d2 (Unity) asio::detail::completion_handler<core::mutable_function<void __cdecl(void)> >::do_complete
0x00007ff77ba04230 (Unity) asio::detail::win_iocp_io_service::do_one
0x00007ff77ba079be (Unity) asio::io_service::run
0x00007ff77b97dd50 (Unity) RunAssetImportWorkerClientV2
0x00007ff77b97dda0 (Unity) RunAssetImporterV2
0x00007ff77ae9d73b (Unity) Application::InitializeProject
0x00007ff77b812be2 (Unity) WinMain
0x00007ff77d658fc6 (Unity) __scrt_common_main_seh
0x00007ffddc7c13d2 (KERNEL32) BaseThreadInitThunk
0x00007ffddcb354f4 (ntdll) RtlUserThreadStart

Registering precompiled user dll's ...
Registered in 0.001075 seconds.
Begin MonoManager ReloadAssembly
Native extension for WindowsStandalone target not found
Native extension for WebGL target not found
Refreshing native plugins compatible for Editor in 0.53 ms, found 0 plugins.
Preloading 0 native plugins for Editor in 0.00 ms.
Invoked RoslynAnalysisRunner static constructor.
RoslynAnalysisRunner will not be running.
RoslynAnalysisRunner has terminated.
Mono: successfully reloaded assembly
- Completed reload, in  1.749 seconds
Platform modules already initialized, skipping
Refreshing native plugins compatible for Editor in 0.58 ms, found 0 plugins.
Preloading 0 native plugins for Editor in 0.00 ms.
Unloading 1177 Unused Serialized files (Serialized files now loaded: 0)
System memory in use before: 63.9 MB.
System memory in use after: 64.0 MB.

Unloading 4 unused Assets to reduce memory usage. Loaded Objects now: 1692.
Total: 4.043385 ms (FindLiveObjects: 0.403363 ms CreateObjectMapping: 0.161140 ms MarkObjects: 3.449116 ms  DeleteObjects: 0.026172 ms)

========================================================================
Received Prepare
Default GameObject BitMask: Water already registered
0x00007ff77a328c8c (Unity) StackWalker::GetCurrentCallstack
0x00007ff77a331069 (Unity) StackWalker::ShowCallstack
0x00007ff77b80564c (Unity) GetStacktrace
0x00007ff77c8c4803 (Unity) DebugStringToFile
0x00007ff77931f9e1 (Unity) TagManager::RegisterLayer
0x00007ff7793117f4 (Unity) TagManager::Transfer<YAMLRead>
0x00007ff77932b11a (Unity) TagManager::VirtualRedirectTransfer
0x00007ff77a28314d (Unity) SerializedFile::ReadObject
0x00007ff77a247da4 (Unity) PersistentManager::ReloadFromDisk
0x00007ff77b93ce36 (Unity) ReloadSerializedSingletons
0x00007ff77b937e9a (Unity) <lambda_7a4e346ad56c093be607e8c3dc54f69c>::operator()
0x00007ff77ba020d2 (Unity) asio::detail::completion_handler<core::mutable_function<void __cdecl(void)> >::do_complete
0x00007ff77ba04230 (Unity) asio::detail::win_iocp_io_service::do_one
0x00007ff77ba079be (Unity) asio::io_service::run
0x00007ff77b97dd50 (Unity) RunAssetImportWorkerClientV2
0x00007ff77b97dda0 (Unity) RunAssetImporterV2
0x00007ff77ae9d73b (Unity) Application::InitializeProject
0x00007ff77b812be2 (Unity) WinMain
0x00007ff77d658fc6 (Unity) __scrt_common_main_seh
0x00007ffddc7c13d2 (KERNEL32) BaseThreadInitThunk
0x00007ffddcb354f4 (ntdll) RtlUserThreadStart

Registering precompiled user dll's ...
Registered in 0.000690 seconds.
Begin MonoManager ReloadAssembly
Native extension for WindowsStandalone target not found
Native extension for WebGL target not found
Refreshing native plugins compatible for Editor in 0.34 ms, found 0 plugins.
Preloading 0 native plugins for Editor in 0.00 ms.
Invoked RoslynAnalysisRunner static constructor.
RoslynAnalysisRunner will not be running.
RoslynAnalysisRunner has terminated.
Mono: successfully reloaded assembly
- Completed reload, in  1.794 seconds
Platform modules already initialized, skipping
Refreshing native plugins compatible for Editor in 0.63 ms, found 0 plugins.
Preloading 0 native plugins for Editor in 0.00 ms.
Unloading 1177 Unused Serialized files (Serialized files now loaded: 0)
System memory in use before: 63.9 MB.
System memory in use after: 64.0 MB.

Unloading 4 unused Assets to reduce memory usage. Loaded Objects now: 1695.
Total: 4.770568 ms (FindLiveObjects: 0.359230 ms CreateObjectMapping: 0.126244 ms MarkObjects: 4.250711 ms  DeleteObjects: 0.031304 ms)

========================================================================
Received Prepare
Default GameObject BitMask: Water already registered
0x00007ff77a328c8c (Unity) StackWalker::GetCurrentCallstack
0x00007ff77a331069 (Unity) StackWalker::ShowCallstack
0x00007ff77b80564c (Unity) GetStacktrace
0x00007ff77c8c4803 (Unity) DebugStringToFile
0x00007ff77931f9e1 (Unity) TagManager::RegisterLayer
0x00007ff7793117f4 (Unity) TagManager::Transfer<YAMLRead>
0x00007ff77932b11a (Unity) TagManager::VirtualRedirectTransfer
0x00007ff77a28314d (Unity) SerializedFile::ReadObject
0x00007ff77a247da4 (Unity) PersistentManager::ReloadFromDisk
0x00007ff77b93ce36 (Unity) ReloadSerializedSingletons
0x00007ff77b937e9a (Unity) <lambda_7a4e346ad56c093be607e8c3dc54f69c>::operator()
0x00007ff77ba020d2 (Unity) asio::detail::completion_handler<core::mutable_function<void __cdecl(void)> >::do_complete
0x00007ff77ba04230 (Unity) asio::detail::win_iocp_io_service::do_one
0x00007ff77ba079be (Unity) asio::io_service::run
0x00007ff77b97dd50 (Unity) RunAssetImportWorkerClientV2
0x00007ff77b97dda0 (Unity) RunAssetImporterV2
0x00007ff77ae9d73b (Unity) Application::InitializeProject
0x00007ff77b812be2 (Unity) WinMain
0x00007ff77d658fc6 (Unity) __scrt_common_main_seh
0x00007ffddc7c13d2 (KERNEL32) BaseThreadInitThunk
0x00007ffddcb354f4 (ntdll) RtlUserThreadStart

Registering precompiled user dll's ...
Registered in 0.000667 seconds.
Begin MonoManager ReloadAssembly
Native extension for WindowsStandalone target not found
Native extension for WebGL target not found
Refreshing native plugins compatible for Editor in 0.36 ms, found 0 plugins.
Preloading 0 native plugins for Editor in 0.00 ms.
Invoked RoslynAnalysisRunner static constructor.
RoslynAnalysisRunner will not be running.
RoslynAnalysisRunner has terminated.
Mono: successfully reloaded assembly
- Completed reload, in  1.781 seconds
Platform modules already initialized, skipping
Refreshing native plugins compatible for Editor in 0.56 ms, found 0 plugins.
Preloading 0 native plugins for Editor in 0.00 ms.
Unloading 1177 Unused Serialized files (Serialized files now loaded: 0)
System memory in use before: 63.1 MB.
System memory in use after: 63.2 MB.

Unloading 4 unused Assets to reduce memory usage. Loaded Objects now: 1698.
Total: 5.878534 ms (FindLiveObjects: 0.379757 ms CreateObjectMapping: 0.161140 ms MarkObjects: 5.313518 ms  DeleteObjects: 0.022067 ms)

========================================================================
Received Prepare
Default GameObject BitMask: Water already registered
0x00007ff77a328c8c (Unity) StackWalker::GetCurrentCallstack
0x00007ff77a331069 (Unity) StackWalker::ShowCallstack
0x00007ff77b80564c (Unity) GetStacktrace
0x00007ff77c8c4803 (Unity) DebugStringToFile
0x00007ff77931f9e1 (Unity) TagManager::RegisterLayer
0x00007ff7793117f4 (Unity) TagManager::Transfer<YAMLRead>
0x00007ff77932b11a (Unity) TagManager::VirtualRedirectTransfer
0x00007ff77a28314d (Unity) SerializedFile::ReadObject
0x00007ff77a247da4 (Unity) PersistentManager::ReloadFromDisk
0x00007ff77b93ce36 (Unity) ReloadSerializedSingletons
0x00007ff77b937e9a (Unity) <lambda_7a4e346ad56c093be607e8c3dc54f69c>::operator()
0x00007ff77ba020d2 (Unity) asio::detail::completion_handler<core::mutable_function<void __cdecl(void)> >::do_complete
0x00007ff77ba04230 (Unity) asio::detail::win_iocp_io_service::do_one
0x00007ff77ba079be (Unity) asio::io_service::run
0x00007ff77b97dd50 (Unity) RunAssetImportWorkerClientV2
0x00007ff77b97dda0 (Unity) RunAssetImporterV2
0x00007ff77ae9d73b (Unity) Application::InitializeProject
0x00007ff77b812be2 (Unity) WinMain
0x00007ff77d658fc6 (Unity) __scrt_common_main_seh
0x00007ffddc7c13d2 (KERNEL32) BaseThreadInitThunk
0x00007ffddcb354f4 (ntdll) RtlUserThreadStart

Registering precompiled user dll's ...
Registered in 0.000727 seconds.
Begin MonoManager ReloadAssembly
Native extension for WindowsStandalone target not found
Native extension for WebGL target not found
Refreshing native plugins compatible for Editor in 0.45 ms, found 0 plugins.
Preloading 0 native plugins for Editor in 0.00 ms.
Invoked RoslynAnalysisRunner static constructor.
RoslynAnalysisRunner will not be running.
RoslynAnalysisRunner has terminated.
Mono: successfully reloaded assembly
- Completed reload, in  2.308 seconds
Platform modules already initialized, skipping
Refreshing native plugins compatible for Editor in 0.60 ms, found 0 plugins.
Preloading 0 native plugins for Editor in 0.00 ms.
Unloading 1177 Unused Serialized files (Serialized files now loaded: 0)
System memory in use before: 63.2 MB.
System memory in use after: 63.3 MB.

Unloading 4 unused Assets to reduce memory usage. Loaded Objects now: 1701.
Total: 4.978408 ms (FindLiveObjects: 0.352558 ms CreateObjectMapping: 0.114440 ms MarkObjects: 4.389271 ms  DeleteObjects: 0.117006 ms)

========================================================================
Received Import Request.
  Time since last request: 4003.492961 seconds.
  path: Assets/Scenes/level_s.unity
  artifactKey: Guid(897086133ac6e3e409130287d62819f7) Importer(815301076,1909f56bfc062723c751e8b465ee728b)
Start importing Assets/Scenes/level_s.unity using Guid(897086133ac6e3e409130287d62819f7) Importer(815301076,1909f56bfc062723c751e8b465ee728b)  -> (artifact id: 'b33242cabc6ad4ad2904357e508eb9d7') in 0.032944 seconds
  Import took 0.037394 seconds .

========================================================================
Received Prepare
Default GameObject BitMask: Water already registered
0x00007ff77a328c8c (Unity) StackWalker::GetCurrentCallstack
0x00007ff77a331069 (Unity) StackWalker::ShowCallstack
0x00007ff77b80564c (Unity) GetStacktrace
0x00007ff77c8c4803 (Unity) DebugStringToFile
0x00007ff77931f9e1 (Unity) TagManager::RegisterLayer
0x00007ff7793117f4 (Unity) TagManager::Transfer<YAMLRead>
0x00007ff77932b11a (Unity) TagManager::VirtualRedirectTransfer
0x00007ff77a28314d (Unity) SerializedFile::ReadObject
0x00007ff77a247da4 (Unity) PersistentManager::ReloadFromDisk
0x00007ff77b93ce36 (Unity) ReloadSerializedSingletons
0x00007ff77b937e9a (Unity) <lambda_7a4e346ad56c093be607e8c3dc54f69c>::operator()
0x00007ff77ba020d2 (Unity) asio::detail::completion_handler<core::mutable_function<void __cdecl(void)> >::do_complete
0x00007ff77ba04230 (Unity) asio::detail::win_iocp_io_service::do_one
0x00007ff77ba079be (Unity) asio::io_service::run
0x00007ff77b97dd50 (Unity) RunAssetImportWorkerClientV2
0x00007ff77b97dda0 (Unity) RunAssetImporterV2
0x00007ff77ae9d73b (Unity) Application::InitializeProject
0x00007ff77b812be2 (Unity) WinMain
0x00007ff77d658fc6 (Unity) __scrt_common_main_seh
0x00007ffddc7c13d2 (KERNEL32) BaseThreadInitThunk
0x00007ffddcb354f4 (ntdll) RtlUserThreadStart

Registering precompiled user dll's ...
Registered in 0.000669 seconds.
Begin MonoManager ReloadAssembly
Native extension for WindowsStandalone target not found
Native extension for WebGL target not found
Refreshing native plugins compatible for Editor in 0.39 ms, found 0 plugins.
Preloading 0 native plugins for Editor in 0.00 ms.
Invoked RoslynAnalysisRunner static constructor.
RoslynAnalysisRunner will not be running.
RoslynAnalysisRunner has terminated.
Mono: successfully reloaded assembly
- Completed reload, in  1.773 seconds
Platform modules already initialized, skipping
Refreshing native plugins compatible for Editor in 0.52 ms, found 0 plugins.
Preloading 0 native plugins for Editor in 0.00 ms.
Unloading 1177 Unused Serialized files (Serialized files now loaded: 0)
System memory in use before: 63.3 MB.
System memory in use after: 63.4 MB.

Unloading 4 unused Assets to reduce memory usage. Loaded Objects now: 1704.
Total: 2.918996 ms (FindLiveObjects: 0.219643 ms CreateObjectMapping: 0.062095 ms MarkObjects: 2.610572 ms  DeleteObjects: 0.024633 ms)

========================================================================
Received Prepare
Default GameObject BitMask: Water already registered
0x00007ff77a328c8c (Unity) StackWalker::GetCurrentCallstack
0x00007ff77a331069 (Unity) StackWalker::ShowCallstack
0x00007ff77b80564c (Unity) GetStacktrace
0x00007ff77c8c4803 (Unity) DebugStringToFile
0x00007ff77931f9e1 (Unity) TagManager::RegisterLayer
0x00007ff7793117f4 (Unity) TagManager::Transfer<YAMLRead>
0x00007ff77932b11a (Unity) TagManager::VirtualRedirectTransfer
0x00007ff77a28314d (Unity) SerializedFile::ReadObject
0x00007ff77a247da4 (Unity) PersistentManager::ReloadFromDisk
0x00007ff77b93ce36 (Unity) ReloadSerializedSingletons
0x00007ff77b937e9a (Unity) <lambda_7a4e346ad56c093be607e8c3dc54f69c>::operator()
0x00007ff77ba020d2 (Unity) asio::detail::completion_handler<core::mutable_function<void __cdecl(void)> >::do_complete
0x00007ff77ba04230 (Unity) asio::detail::win_iocp_io_service::do_one
0x00007ff77ba079be (Unity) asio::io_service::run
0x00007ff77b97dd50 (Unity) RunAssetImportWorkerClientV2
0x00007ff77b97dda0 (Unity) RunAssetImporterV2
0x00007ff77ae9d73b (Unity) Application::InitializeProject
0x00007ff77b812be2 (Unity) WinMain
0x00007ff77d658fc6 (Unity) __scrt_common_main_seh
0x00007ffddc7c13d2 (KERNEL32) BaseThreadInitThunk
0x00007ffddcb354f4 (ntdll) RtlUserThreadStart

Registering precompiled user dll's ...
Registered in 0.001065 seconds.
Begin MonoManager ReloadAssembly
Native extension for WindowsStandalone target not found
Native extension for WebGL target not found
Refreshing native plugins compatible for Editor in 0.53 ms, found 0 plugins.
Preloading 0 native plugins for Editor in 0.00 ms.
Invoked RoslynAnalysisRunner static constructor.
RoslynAnalysisRunner will not be running.
RoslynAnalysisRunner has terminated.
Mono: successfully reloaded assembly
- Completed reload, in  1.808 seconds
Platform modules already initialized, skipping
Refreshing native plugins compatible for Editor in 0.59 ms, found 0 plugins.
Preloading 0 native plugins for Editor in 0.00 ms.
Unloading 1177 Unused Serialized files (Serialized files now loaded: 0)
System memory in use before: 63.4 MB.
System memory in use after: 63.5 MB.

Unloading 4 unused Assets to reduce memory usage. Loaded Objects now: 1707.
Total: 3.435260 ms (FindLiveObjects: 0.288410 ms CreateObjectMapping: 0.060556 ms MarkObjects: 3.061662 ms  DeleteObjects: 0.022067 ms)

========================================================================
Received Prepare
Default GameObject BitMask: Water already registered
0x00007ff77a328c8c (Unity) StackWalker::GetCurrentCallstack
0x00007ff77a331069 (Unity) StackWalker::ShowCallstack
0x00007ff77b80564c (Unity) GetStacktrace
0x00007ff77c8c4803 (Unity) DebugStringToFile
0x00007ff77931f9e1 (Unity) TagManager::RegisterLayer
0x00007ff7793117f4 (Unity) TagManager::Transfer<YAMLRead>
0x00007ff77932b11a (Unity) TagManager::VirtualRedirectTransfer
0x00007ff77a28314d (Unity) SerializedFile::ReadObject
0x00007ff77a247da4 (Unity) PersistentManager::ReloadFromDisk
0x00007ff77b93ce36 (Unity) ReloadSerializedSingletons
0x00007ff77b937e9a (Unity) <lambda_7a4e346ad56c093be607e8c3dc54f69c>::operator()
0x00007ff77ba020d2 (Unity) asio::detail::completion_handler<core::mutable_function<void __cdecl(void)> >::do_complete
0x00007ff77ba04230 (Unity) asio::detail::win_iocp_io_service::do_one
0x00007ff77ba079be (Unity) asio::io_service::run
0x00007ff77b97dd50 (Unity) RunAssetImportWorkerClientV2
0x00007ff77b97dda0 (Unity) RunAssetImporterV2
0x00007ff77ae9d73b (Unity) Application::InitializeProject
0x00007ff77b812be2 (Unity) WinMain
0x00007ff77d658fc6 (Unity) __scrt_common_main_seh
0x00007ffddc7c13d2 (KERNEL32) BaseThreadInitThunk
0x00007ffddcb354f4 (ntdll) RtlUserThreadStart

Registering precompiled user dll's ...
Registered in 0.001005 seconds.
Begin MonoManager ReloadAssembly
Native extension for WindowsStandalone target not found
Native extension for WebGL target not found
Refreshing native plugins compatible for Editor in 0.36 ms, found 0 plugins.
Preloading 0 native plugins for Editor in 0.00 ms.
Invoked RoslynAnalysisRunner static constructor.
RoslynAnalysisRunner will not be running.
RoslynAnalysisRunner has terminated.
Mono: successfully reloaded assembly
- Completed reload, in  1.679 seconds
Platform modules already initialized, skipping
Refreshing native plugins compatible for Editor in 0.88 ms, found 0 plugins.
Preloading 0 native plugins for Editor in 0.00 ms.
Unloading 1177 Unused Serialized files (Serialized files now loaded: 0)
System memory in use before: 63.5 MB.
System memory in use after: 63.6 MB.

Unloading 4 unused Assets to reduce memory usage. Loaded Objects now: 1710.
Total: 3.218183 ms (FindLiveObjects: 0.209379 ms CreateObjectMapping: 0.059529 ms MarkObjects: 2.924641 ms  DeleteObjects: 0.022067 ms)

========================================================================
Received Import Request.
  Time since last request: 321.374619 seconds.
  path: Assets/Prefabs/door.prefab
  artifactKey: Guid(df70c2e01325ac14f9d00ef56647fa9a) Importer(815301076,1909f56bfc062723c751e8b465ee728b)
Start importing Assets/Prefabs/door.prefab using Guid(df70c2e01325ac14f9d00ef56647fa9a) Importer(815301076,1909f56bfc062723c751e8b465ee728b)  -> (artifact id: 'b3e7733c4a05a51457786342b0918f42') in 0.312047 seconds
  Import took 0.323893 seconds .

========================================================================
Received Import Request.
  Time since last request: 0.000204 seconds.
  path: Assets/Prefabs/door.prefab
  artifactKey: Guid(df70c2e01325ac14f9d00ef56647fa9a) Importer(815301076,1909f56bfc062723c751e8b465ee728b)
Start importing Assets/Prefabs/door.prefab using Guid(df70c2e01325ac14f9d00ef56647fa9a) Importer(815301076,1909f56bfc062723c751e8b465ee728b)  -> (artifact id: '640a8a48fd35a0a3172450835a60cb91') in 0.035391 seconds
  Import took 0.039164 seconds .

========================================================================
Received Prepare
Default GameObject BitMask: Water already registered
0x00007ff77a328c8c (Unity) StackWalker::GetCurrentCallstack
0x00007ff77a331069 (Unity) StackWalker::ShowCallstack
0x00007ff77b80564c (Unity) GetStacktrace
0x00007ff77c8c4803 (Unity) DebugStringToFile
0x00007ff77931f9e1 (Unity) TagManager::RegisterLayer
0x00007ff7793117f4 (Unity) TagManager::Transfer<YAMLRead>
0x00007ff77932b11a (Unity) TagManager::VirtualRedirectTransfer
0x00007ff77a28314d (Unity) SerializedFile::ReadObject
0x00007ff77a247da4 (Unity) PersistentManager::ReloadFromDisk
0x00007ff77b93ce36 (Unity) ReloadSerializedSingletons
0x00007ff77b937e9a (Unity) <lambda_7a4e346ad56c093be607e8c3dc54f69c>::operator()
0x00007ff77ba020d2 (Unity) asio::detail::completion_handler<core::mutable_function<void __cdecl(void)> >::do_complete
0x00007ff77ba04230 (Unity) asio::detail::win_iocp_io_service::do_one
0x00007ff77ba079be (Unity) asio::io_service::run
0x00007ff77b97dd50 (Unity) RunAssetImportWorkerClientV2
0x00007ff77b97dda0 (Unity) RunAssetImporterV2
0x00007ff77ae9d73b (Unity) Application::InitializeProject
0x00007ff77b812be2 (Unity) WinMain
0x00007ff77d658fc6 (Unity) __scrt_common_main_seh
0x00007ffddc7c13d2 (KERNEL32) BaseThreadInitThunk
0x00007ffddcb354f4 (ntdll) RtlUserThreadStart

Registering precompiled user dll's ...
Registered in 0.000717 seconds.
Begin MonoManager ReloadAssembly
Native extension for WindowsStandalone target not found
Native extension for WebGL target not found
Refreshing native plugins compatible for Editor in 0.34 ms, found 0 plugins.
Preloading 0 native plugins for Editor in 0.00 ms.
Invoked RoslynAnalysisRunner static constructor.
RoslynAnalysisRunner will not be running.
RoslynAnalysisRunner has terminated.
Mono: successfully reloaded assembly
- Completed reload, in  1.786 seconds
Platform modules already initialized, skipping
Refreshing native plugins compatible for Editor in 0.59 ms, found 0 plugins.
Preloading 0 native plugins for Editor in 0.00 ms.
Unloading 1177 Unused Serialized files (Serialized files now loaded: 0)
System memory in use before: 63.6 MB.
System memory in use after: 63.7 MB.

Unloading 4 unused Assets to reduce memory usage. Loaded Objects now: 1714.
Total: 3.003159 ms (FindLiveObjects: 0.234012 ms CreateObjectMapping: 0.095452 ms MarkObjects: 2.647521 ms  DeleteObjects: 0.024633 ms)

========================================================================
Received Prepare
Default GameObject BitMask: Water already registered
0x00007ff77a328c8c (Unity) StackWalker::GetCurrentCallstack
0x00007ff77a331069 (Unity) StackWalker::ShowCallstack
0x00007ff77b80564c (Unity) GetStacktrace
0x00007ff77c8c4803 (Unity) DebugStringToFile
0x00007ff77931f9e1 (Unity) TagManager::RegisterLayer
0x00007ff7793117f4 (Unity) TagManager::Transfer<YAMLRead>
0x00007ff77932b11a (Unity) TagManager::VirtualRedirectTransfer
0x00007ff77a28314d (Unity) SerializedFile::ReadObject
0x00007ff77a247da4 (Unity) PersistentManager::ReloadFromDisk
0x00007ff77b93ce36 (Unity) ReloadSerializedSingletons
0x00007ff77b937e9a (Unity) <lambda_7a4e346ad56c093be607e8c3dc54f69c>::operator()
0x00007ff77ba020d2 (Unity) asio::detail::completion_handler<core::mutable_function<void __cdecl(void)> >::do_complete
0x00007ff77ba04230 (Unity) asio::detail::win_iocp_io_service::do_one
0x00007ff77ba079be (Unity) asio::io_service::run
0x00007ff77b97dd50 (Unity) RunAssetImportWorkerClientV2
0x00007ff77b97dda0 (Unity) RunAssetImporterV2
0x00007ff77ae9d73b (Unity) Application::InitializeProject
0x00007ff77b812be2 (Unity) WinMain
0x00007ff77d658fc6 (Unity) __scrt_common_main_seh
0x00007ffddc7c13d2 (KERNEL32) BaseThreadInitThunk
0x00007ffddcb354f4 (ntdll) RtlUserThreadStart

Registering precompiled user dll's ...
Registered in 0.000669 seconds.
Begin MonoManager ReloadAssembly
Native extension for WindowsStandalone target not found
Native extension for WebGL target not found
Refreshing native plugins compatible for Editor in 0.36 ms, found 0 plugins.
Preloading 0 native plugins for Editor in 0.00 ms.
Invoked RoslynAnalysisRunner static constructor.
RoslynAnalysisRunner will not be running.
RoslynAnalysisRunner has terminated.
Mono: successfully reloaded assembly
- Completed reload, in  1.781 seconds
Platform modules already initialized, skipping
Refreshing native plugins compatible for Editor in 3.96 ms, found 0 plugins.
Preloading 0 native plugins for Editor in 0.00 ms.
Unloading 1177 Unused Serialized files (Serialized files now loaded: 0)
System memory in use before: 63.7 MB.
System memory in use after: 63.8 MB.

Unloading 4 unused Assets to reduce memory usage. Loaded Objects now: 1717.
Total: 3.932537 ms (FindLiveObjects: 0.288410 ms CreateObjectMapping: 0.089294 ms MarkObjects: 3.519936 ms  DeleteObjects: 0.031817 ms)

========================================================================
Received Prepare
Default GameObject BitMask: Water already registered
0x00007ff77a328c8c (Unity) StackWalker::GetCurrentCallstack
0x00007ff77a331069 (Unity) StackWalker::ShowCallstack
0x00007ff77b80564c (Unity) GetStacktrace
0x00007ff77c8c4803 (Unity) DebugStringToFile
0x00007ff77931f9e1 (Unity) TagManager::RegisterLayer
0x00007ff7793117f4 (Unity) TagManager::Transfer<YAMLRead>
0x00007ff77932b11a (Unity) TagManager::VirtualRedirectTransfer
0x00007ff77a28314d (Unity) SerializedFile::ReadObject
0x00007ff77a247da4 (Unity) PersistentManager::ReloadFromDisk
0x00007ff77b93ce36 (Unity) ReloadSerializedSingletons
0x00007ff77b937e9a (Unity) <lambda_7a4e346ad56c093be607e8c3dc54f69c>::operator()
0x00007ff77ba020d2 (Unity) asio::detail::completion_handler<core::mutable_function<void __cdecl(void)> >::do_complete
0x00007ff77ba04230 (Unity) asio::detail::win_iocp_io_service::do_one
0x00007ff77ba079be (Unity) asio::io_service::run
0x00007ff77b97dd50 (Unity) RunAssetImportWorkerClientV2
0x00007ff77b97dda0 (Unity) RunAssetImporterV2
0x00007ff77ae9d73b (Unity) Application::InitializeProject
0x00007ff77b812be2 (Unity) WinMain
0x00007ff77d658fc6 (Unity) __scrt_common_main_seh
0x00007ffddc7c13d2 (KERNEL32) BaseThreadInitThunk
0x00007ffddcb354f4 (ntdll) RtlUserThreadStart

Registering precompiled user dll's ...
Registered in 0.000663 seconds.
Begin MonoManager ReloadAssembly
Native extension for WindowsStandalone target not found
Native extension for WebGL target not found
Refreshing native plugins compatible for Editor in 0.37 ms, found 0 plugins.
Preloading 0 native plugins for Editor in 0.00 ms.
Invoked RoslynAnalysisRunner static constructor.
RoslynAnalysisRunner will not be running.
RoslynAnalysisRunner has terminated.
Mono: successfully reloaded assembly
- Completed reload, in  1.806 seconds
Platform modules already initialized, skipping
Refreshing native plugins compatible for Editor in 0.69 ms, found 0 plugins.
Preloading 0 native plugins for Editor in 0.00 ms.
Unloading 1177 Unused Serialized files (Serialized files now loaded: 0)
System memory in use before: 63.8 MB.
System memory in use after: 63.9 MB.

Unloading 4 unused Assets to reduce memory usage. Loaded Objects now: 1720.
Total: 7.425787 ms (FindLiveObjects: 0.319714 ms CreateObjectMapping: 0.109822 ms MarkObjects: 6.963407 ms  DeleteObjects: 0.029765 ms)

========================================================================
Received Prepare
Default GameObject BitMask: Water already registered
0x00007ff77a328c8c (Unity) StackWalker::GetCurrentCallstack
0x00007ff77a331069 (Unity) StackWalker::ShowCallstack
0x00007ff77b80564c (Unity) GetStacktrace
0x00007ff77c8c4803 (Unity) DebugStringToFile
0x00007ff77931f9e1 (Unity) TagManager::RegisterLayer
0x00007ff7793117f4 (Unity) TagManager::Transfer<YAMLRead>
0x00007ff77932b11a (Unity) TagManager::VirtualRedirectTransfer
0x00007ff77a28314d (Unity) SerializedFile::ReadObject
0x00007ff77a247da4 (Unity) PersistentManager::ReloadFromDisk
0x00007ff77b93ce36 (Unity) ReloadSerializedSingletons
0x00007ff77b937e9a (Unity) <lambda_7a4e346ad56c093be607e8c3dc54f69c>::operator()
0x00007ff77ba020d2 (Unity) asio::detail::completion_handler<core::mutable_function<void __cdecl(void)> >::do_complete
0x00007ff77ba04230 (Unity) asio::detail::win_iocp_io_service::do_one
0x00007ff77ba079be (Unity) asio::io_service::run
0x00007ff77b97dd50 (Unity) RunAssetImportWorkerClientV2
0x00007ff77b97dda0 (Unity) RunAssetImporterV2
0x00007ff77ae9d73b (Unity) Application::InitializeProject
0x00007ff77b812be2 (Unity) WinMain
0x00007ff77d658fc6 (Unity) __scrt_common_main_seh
0x00007ffddc7c13d2 (KERNEL32) BaseThreadInitThunk
0x00007ffddcb354f4 (ntdll) RtlUserThreadStart

Registering precompiled user dll's ...
Registered in 0.000680 seconds.
Begin MonoManager ReloadAssembly
Native extension for WindowsStandalone target not found
Native extension for WebGL target not found
Refreshing native plugins compatible for Editor in 0.54 ms, found 0 plugins.
Preloading 0 native plugins for Editor in 0.00 ms.
Invoked RoslynAnalysisRunner static constructor.
RoslynAnalysisRunner will not be running.
RoslynAnalysisRunner has terminated.
Mono: successfully reloaded assembly
- Completed reload, in  1.808 seconds
Platform modules already initialized, skipping
Refreshing native plugins compatible for Editor in 0.63 ms, found 0 plugins.
Preloading 0 native plugins for Editor in 0.00 ms.
Unloading 1177 Unused Serialized files (Serialized files now loaded: 0)
System memory in use before: 63.9 MB.
System memory in use after: 64.0 MB.

Unloading 4 unused Assets to reduce memory usage. Loaded Objects now: 1723.
Total: 4.105480 ms (FindLiveObjects: 0.500355 ms CreateObjectMapping: 0.190392 ms MarkObjects: 3.384968 ms  DeleteObjects: 0.026686 ms)

========================================================================
Received Prepare
Default GameObject BitMask: Water already registered
0x00007ff77a328c8c (Unity) StackWalker::GetCurrentCallstack
0x00007ff77a331069 (Unity) StackWalker::ShowCallstack
0x00007ff77b80564c (Unity) GetStacktrace
0x00007ff77c8c4803 (Unity) DebugStringToFile
0x00007ff77931f9e1 (Unity) TagManager::RegisterLayer
0x00007ff7793117f4 (Unity) TagManager::Transfer<YAMLRead>
0x00007ff77932b11a (Unity) TagManager::VirtualRedirectTransfer
0x00007ff77a28314d (Unity) SerializedFile::ReadObject
0x00007ff77a247da4 (Unity) PersistentManager::ReloadFromDisk
0x00007ff77b93ce36 (Unity) ReloadSerializedSingletons
0x00007ff77b937e9a (Unity) <lambda_7a4e346ad56c093be607e8c3dc54f69c>::operator()
0x00007ff77ba020d2 (Unity) asio::detail::completion_handler<core::mutable_function<void __cdecl(void)> >::do_complete
0x00007ff77ba04230 (Unity) asio::detail::win_iocp_io_service::do_one
0x00007ff77ba079be (Unity) asio::io_service::run
0x00007ff77b97dd50 (Unity) RunAssetImportWorkerClientV2
0x00007ff77b97dda0 (Unity) RunAssetImporterV2
0x00007ff77ae9d73b (Unity) Application::InitializeProject
0x00007ff77b812be2 (Unity) WinMain
0x00007ff77d658fc6 (Unity) __scrt_common_main_seh
0x00007ffddc7c13d2 (KERNEL32) BaseThreadInitThunk
0x00007ffddcb354f4 (ntdll) RtlUserThreadStart

Registering precompiled user dll's ...
Registered in 0.000735 seconds.
Begin MonoManager ReloadAssembly
Native extension for WindowsStandalone target not found
Native extension for WebGL target not found
Refreshing native plugins compatible for Editor in 0.39 ms, found 0 plugins.
Preloading 0 native plugins for Editor in 0.00 ms.
Invoked RoslynAnalysisRunner static constructor.
RoslynAnalysisRunner will not be running.
RoslynAnalysisRunner has terminated.
Mono: successfully reloaded assembly
- Completed reload, in  1.833 seconds
Platform modules already initialized, skipping
Refreshing native plugins compatible for Editor in 0.55 ms, found 0 plugins.
Preloading 0 native plugins for Editor in 0.00 ms.
Unloading 1177 Unused Serialized files (Serialized files now loaded: 0)
System memory in use before: 64.0 MB.
System memory in use after: 64.1 MB.

Unloading 4 unused Assets to reduce memory usage. Loaded Objects now: 1726.
Total: 4.487290 ms (FindLiveObjects: 0.405416 ms CreateObjectMapping: 0.163706 ms MarkObjects: 3.886863 ms  DeleteObjects: 0.028225 ms)

========================================================================
Received Prepare
Default GameObject BitMask: Water already registered
0x00007ff77a328c8c (Unity) StackWalker::GetCurrentCallstack
0x00007ff77a331069 (Unity) StackWalker::ShowCallstack
0x00007ff77b80564c (Unity) GetStacktrace
0x00007ff77c8c4803 (Unity) DebugStringToFile
0x00007ff77931f9e1 (Unity) TagManager::RegisterLayer
0x00007ff7793117f4 (Unity) TagManager::Transfer<YAMLRead>
0x00007ff77932b11a (Unity) TagManager::VirtualRedirectTransfer
0x00007ff77a28314d (Unity) SerializedFile::ReadObject
0x00007ff77a247da4 (Unity) PersistentManager::ReloadFromDisk
0x00007ff77b93ce36 (Unity) ReloadSerializedSingletons
0x00007ff77b937e9a (Unity) <lambda_7a4e346ad56c093be607e8c3dc54f69c>::operator()
0x00007ff77ba020d2 (Unity) asio::detail::completion_handler<core::mutable_function<void __cdecl(void)> >::do_complete
0x00007ff77ba04230 (Unity) asio::detail::win_iocp_io_service::do_one
0x00007ff77ba079be (Unity) asio::io_service::run
0x00007ff77b97dd50 (Unity) RunAssetImportWorkerClientV2
0x00007ff77b97dda0 (Unity) RunAssetImporterV2
0x00007ff77ae9d73b (Unity) Application::InitializeProject
0x00007ff77b812be2 (Unity) WinMain
0x00007ff77d658fc6 (Unity) __scrt_common_main_seh
0x00007ffddc7c13d2 (KERNEL32) BaseThreadInitThunk
0x00007ffddcb354f4 (ntdll) RtlUserThreadStart

Registering precompiled user dll's ...
Registered in 0.001174 seconds.
Begin MonoManager ReloadAssembly
Native extension for WindowsStandalone target not found
Native extension for WebGL target not found
Refreshing native plugins compatible for Editor in 0.34 ms, found 0 plugins.
Preloading 0 native plugins for Editor in 0.00 ms.
Invoked RoslynAnalysisRunner static constructor.
RoslynAnalysisRunner will not be running.
RoslynAnalysisRunner has terminated.
Mono: successfully reloaded assembly
- Completed reload, in  2.038 seconds
Platform modules already initialized, skipping
Refreshing native plugins compatible for Editor in 0.53 ms, found 0 plugins.
Preloading 0 native plugins for Editor in 0.00 ms.
Unloading 1177 Unused Serialized files (Serialized files now loaded: 0)
System memory in use before: 63.1 MB.
System memory in use after: 63.2 MB.

Unloading 4 unused Assets to reduce memory usage. Loaded Objects now: 1729.
Total: 2.854848 ms (FindLiveObjects: 0.182694 ms CreateObjectMapping: 0.057990 ms MarkObjects: 2.587992 ms  DeleteObjects: 0.023093 ms)

========================================================================
Received Import Request.
  Time since last request: 588.621677 seconds.
  path: Assets/Resources/bullet.prefab
  artifactKey: Guid(2ff29741e5c11ee42bbf6cfa54eb1ff6) Importer(815301076,1909f56bfc062723c751e8b465ee728b)
Start importing Assets/Resources/bullet.prefab using Guid(2ff29741e5c11ee42bbf6cfa54eb1ff6) Importer(815301076,1909f56bfc062723c751e8b465ee728b)  -> (artifact id: '83acacb7b4eecba75060eb8f9011d043') in 0.123483 seconds
  Import took 0.127225 seconds .

========================================================================
Received Import Request.
  Time since last request: 8.250917 seconds.
  path: Assets/Resources/bullet.prefab
  artifactKey: Guid(2ff29741e5c11ee42bbf6cfa54eb1ff6) Importer(815301076,1909f56bfc062723c751e8b465ee728b)
Start importing Assets/Resources/bullet.prefab using Guid(2ff29741e5c11ee42bbf6cfa54eb1ff6) Importer(815301076,1909f56bfc062723c751e8b465ee728b)  -> (artifact id: '2336178b55e6af88ec12c32a7ede9ccc') in 0.025369 seconds
  Import took 0.061674 seconds .

========================================================================
Received Prepare
Default GameObject BitMask: Water already registered
0x00007ff77a328c8c (Unity) StackWalker::GetCurrentCallstack
0x00007ff77a331069 (Unity) StackWalker::ShowCallstack
0x00007ff77b80564c (Unity) GetStacktrace
0x00007ff77c8c4803 (Unity) DebugStringToFile
0x00007ff77931f9e1 (Unity) TagManager::RegisterLayer
0x00007ff7793117f4 (Unity) TagManager::Transfer<YAMLRead>
0x00007ff77932b11a (Unity) TagManager::VirtualRedirectTransfer
0x00007ff77a28314d (Unity) SerializedFile::ReadObject
0x00007ff77a247da4 (Unity) PersistentManager::ReloadFromDisk
0x00007ff77b93ce36 (Unity) ReloadSerializedSingletons
0x00007ff77b937e9a (Unity) <lambda_7a4e346ad56c093be607e8c3dc54f69c>::operator()
0x00007ff77ba020d2 (Unity) asio::detail::completion_handler<core::mutable_function<void __cdecl(void)> >::do_complete
0x00007ff77ba04230 (Unity) asio::detail::win_iocp_io_service::do_one
0x00007ff77ba079be (Unity) asio::io_service::run
0x00007ff77b97dd50 (Unity) RunAssetImportWorkerClientV2
0x00007ff77b97dda0 (Unity) RunAssetImporterV2
0x00007ff77ae9d73b (Unity) Application::InitializeProject
0x00007ff77b812be2 (Unity) WinMain
0x00007ff77d658fc6 (Unity) __scrt_common_main_seh
0x00007ffddc7c13d2 (KERNEL32) BaseThreadInitThunk
0x00007ffddcb354f4 (ntdll) RtlUserThreadStart

Registering precompiled user dll's ...
Registered in 0.000730 seconds.
Begin MonoManager ReloadAssembly
Native extension for WindowsStandalone target not found
Native extension for WebGL target not found
Refreshing native plugins compatible for Editor in 0.52 ms, found 0 plugins.
Preloading 0 native plugins for Editor in 0.00 ms.
Invoked RoslynAnalysisRunner static constructor.
RoslynAnalysisRunner will not be running.
RoslynAnalysisRunner has terminated.
Mono: successfully reloaded assembly
- Completed reload, in  1.784 seconds
Platform modules already initialized, skipping
Refreshing native plugins compatible for Editor in 0.53 ms, found 0 plugins.
Preloading 0 native plugins for Editor in 0.00 ms.
Unloading 1177 Unused Serialized files (Serialized files now loaded: 0)
System memory in use before: 63.2 MB.
System memory in use after: 63.3 MB.

Unloading 4 unused Assets to reduce memory usage. Loaded Objects now: 1733.
Total: 5.658378 ms (FindLiveObjects: 0.345887 ms CreateObjectMapping: 0.124704 ms MarkObjects: 5.150325 ms  DeleteObjects: 0.034383 ms)

========================================================================
Received Prepare
Default GameObject BitMask: Water already registered
0x00007ff77a328c8c (Unity) StackWalker::GetCurrentCallstack
0x00007ff77a331069 (Unity) StackWalker::ShowCallstack
0x00007ff77b80564c (Unity) GetStacktrace
0x00007ff77c8c4803 (Unity) DebugStringToFile
0x00007ff77931f9e1 (Unity) TagManager::RegisterLayer
0x00007ff7793117f4 (Unity) TagManager::Transfer<YAMLRead>
0x00007ff77932b11a (Unity) TagManager::VirtualRedirectTransfer
0x00007ff77a28314d (Unity) SerializedFile::ReadObject
0x00007ff77a247da4 (Unity) PersistentManager::ReloadFromDisk
0x00007ff77b93ce36 (Unity) ReloadSerializedSingletons
0x00007ff77b937e9a (Unity) <lambda_7a4e346ad56c093be607e8c3dc54f69c>::operator()
0x00007ff77ba020d2 (Unity) asio::detail::completion_handler<core::mutable_function<void __cdecl(void)> >::do_complete
0x00007ff77ba04230 (Unity) asio::detail::win_iocp_io_service::do_one
0x00007ff77ba079be (Unity) asio::io_service::run
0x00007ff77b97dd50 (Unity) RunAssetImportWorkerClientV2
0x00007ff77b97dda0 (Unity) RunAssetImporterV2
0x00007ff77ae9d73b (Unity) Application::InitializeProject
0x00007ff77b812be2 (Unity) WinMain
0x00007ff77d658fc6 (Unity) __scrt_common_main_seh
0x00007ffddc7c13d2 (KERNEL32) BaseThreadInitThunk
0x00007ffddcb354f4 (ntdll) RtlUserThreadStart

Registering precompiled user dll's ...
Registered in 0.000723 seconds.
Begin MonoManager ReloadAssembly
Native extension for WindowsStandalone target not found
Native extension for WebGL target not found
Refreshing native plugins compatible for Editor in 0.35 ms, found 0 plugins.
Preloading 0 native plugins for Editor in 0.00 ms.
Invoked RoslynAnalysisRunner static constructor.
RoslynAnalysisRunner will not be running.
RoslynAnalysisRunner has terminated.
Mono: successfully reloaded assembly
- Completed reload, in  1.821 seconds
Platform modules already initialized, skipping
Refreshing native plugins compatible for Editor in 0.62 ms, found 0 plugins.
Preloading 0 native plugins for Editor in 0.00 ms.
Unloading 1177 Unused Serialized files (Serialized files now loaded: 0)
System memory in use before: 63.3 MB.
System memory in use after: 63.4 MB.

Unloading 4 unused Assets to reduce memory usage. Loaded Objects now: 1736.
Total: 3.838624 ms (FindLiveObjects: 0.309451 ms CreateObjectMapping: 0.089294 ms MarkObjects: 3.408575 ms  DeleteObjects: 0.028738 ms)

========================================================================
Received Prepare
Default GameObject BitMask: Water already registered
0x00007ff77a328c8c (Unity) StackWalker::GetCurrentCallstack
0x00007ff77a331069 (Unity) StackWalker::ShowCallstack
0x00007ff77b80564c (Unity) GetStacktrace
0x00007ff77c8c4803 (Unity) DebugStringToFile
0x00007ff77931f9e1 (Unity) TagManager::RegisterLayer
0x00007ff7793117f4 (Unity) TagManager::Transfer<YAMLRead>
0x00007ff77932b11a (Unity) TagManager::VirtualRedirectTransfer
0x00007ff77a28314d (Unity) SerializedFile::ReadObject
0x00007ff77a247da4 (Unity) PersistentManager::ReloadFromDisk
0x00007ff77b93ce36 (Unity) ReloadSerializedSingletons
0x00007ff77b937e9a (Unity) <lambda_7a4e346ad56c093be607e8c3dc54f69c>::operator()
0x00007ff77ba020d2 (Unity) asio::detail::completion_handler<core::mutable_function<void __cdecl(void)> >::do_complete
0x00007ff77ba04230 (Unity) asio::detail::win_iocp_io_service::do_one
0x00007ff77ba079be (Unity) asio::io_service::run
0x00007ff77b97dd50 (Unity) RunAssetImportWorkerClientV2
0x00007ff77b97dda0 (Unity) RunAssetImporterV2
0x00007ff77ae9d73b (Unity) Application::InitializeProject
0x00007ff77b812be2 (Unity) WinMain
0x00007ff77d658fc6 (Unity) __scrt_common_main_seh
0x00007ffddc7c13d2 (KERNEL32) BaseThreadInitThunk
0x00007ffddcb354f4 (ntdll) RtlUserThreadStart

Registering precompiled user dll's ...
Registered in 0.001393 seconds.
Begin MonoManager ReloadAssembly
Native extension for WindowsStandalone target not found
Native extension for WebGL target not found
Refreshing native plugins compatible for Editor in 0.36 ms, found 0 plugins.
Preloading 0 native plugins for Editor in 0.00 ms.
Invoked RoslynAnalysisRunner static constructor.
RoslynAnalysisRunner will not be running.
RoslynAnalysisRunner has terminated.
Mono: successfully reloaded assembly
- Completed reload, in  1.640 seconds
Platform modules already initialized, skipping
Refreshing native plugins compatible for Editor in 0.57 ms, found 0 plugins.
Preloading 0 native plugins for Editor in 0.00 ms.
Unloading 1177 Unused Serialized files (Serialized files now loaded: 0)
System memory in use before: 63.4 MB.
System memory in use after: 63.5 MB.

Unloading 4 unused Assets to reduce memory usage. Loaded Objects now: 1739.
Total: 6.440985 ms (FindLiveObjects: 0.208353 ms CreateObjectMapping: 0.062095 ms MarkObjects: 5.512633 ms  DeleteObjects: 0.649179 ms)

AssetImportWorkerClient::OnTransportError - code=2 error=End of file
