Using pre-set license
Built from '2020.2/release' branch; Version is '2020.2.1f1 (270dd8c3da1c) revision 2559448'; Using compiler version '192528614'; Build Type 'Release'
OS: 'Windows 8.1  (6.3.0) 64bit' Language: 'ru' Physical Memory: 8090 MB
BatchMode: 1, IsHumanControllingUs: 0, StartBugReporterOnCrash: 0, Is64bit: 1, IsPro: 0

 COMMAND LINE ARGUMENTS:
D:\Program Files\Unity\2020.2.1f1\Editor\Unity.exe
-adb2
-batchMode
-noUpm
-name
AssetImportWorker0
-projectPath
D:/Program Files/Unity/Projects/Balloform
-logFile
Logs/AssetImportWorker0.log
-srvPort
64290
Successfully changed project path to: D:/Program Files/Unity/Projects/Balloform
D:/Program Files/Unity/Projects/Balloform
Using Asset Import Pipeline V2.
Default GameObject BitMask: Water already registered

Refreshing native plugins compatible for Editor in 78.37 ms, found 0 plugins.
Preloading 0 native plugins for Editor in 0.00 ms.
Initialize engine version: 2020.2.1f1 (270dd8c3da1c)
[Subsystems] Discovering subsystems at path D:/Program Files/Unity/2020.2.1f1/Editor/Data/Resources/UnitySubsystems
[Subsystems] Discovering subsystems at path D:/Program Files/Unity/Projects/Balloform/Assets
GfxDevice: creating device client; threaded=0
d3d11: QueryInterface(IDXGIFactory5) failed (80004002).
Direct3D:
    Version:  Direct3D 11.0 [level 11.1]
    Renderer: Intel(R) HD Graphics 5500 (ID=0x1616)
    Vendor:   
    VRAM:     3840 MB
    Driver:   20.19.15.5058
Initialize mono
Mono path[0] = 'D:/Program Files/Unity/2020.2.1f1/Editor/Data/Managed'
Mono path[1] = 'D:/Program Files/Unity/2020.2.1f1/Editor/Data/MonoBleedingEdge/lib/mono/unityjit'
Mono config path = 'D:/Program Files/Unity/2020.2.1f1/Editor/Data/MonoBleedingEdge/etc'
Using monoOptions --debugger-agent=transport=dt_socket,embedding=1,server=y,suspend=n,address=127.0.0.1:56488
Begin MonoManager ReloadAssembly
Registering precompiled unity dll's ...
Register platform support module: D:/Program Files/Unity/2020.2.1f1/Editor/Data/PlaybackEngines/WebGLSupport/UnityEditor.WebGL.Extensions.dll
Register platform support module: D:/Program Files/Unity/2020.2.1f1/Editor/Data/PlaybackEngines/WindowsStandaloneSupport/UnityEditor.WindowsStandalone.Extensions.dll
Registered in 0.003787 seconds.
Native extension for WindowsStandalone target not found
Native extension for WebGL target not found
Refreshing native plugins compatible for Editor in 67.02 ms, found 0 plugins.
Preloading 0 native plugins for Editor in 0.00 ms.
Invoked RoslynAnalysisRunner static constructor.
RoslynAnalysisRunner will not be running.
RoslynAnalysisRunner has terminated.
Mono: successfully reloaded assembly
- Completed reload, in  4.816 seconds
Platform modules already initialized, skipping
Registering precompiled user dll's ...
Registered in 0.000730 seconds.
Begin MonoManager ReloadAssembly
Native extension for WindowsStandalone target not found
Native extension for WebGL target not found
Refreshing native plugins compatible for Editor in 0.33 ms, found 0 plugins.
Preloading 0 native plugins for Editor in 0.00 ms.
Invoked RoslynAnalysisRunner static constructor.
RoslynAnalysisRunner will not be running.
RoslynAnalysisRunner has terminated.
Mono: successfully reloaded assembly
- Completed reload, in  1.597 seconds
Platform modules already initialized, skipping
========================================================================
Worker process is ready to serve import requests
Default GameObject BitMask: Water already registered
0x00007ff77a328c8c (Unity) StackWalker::GetCurrentCallstack
0x00007ff77a331069 (Unity) StackWalker::ShowCallstack
0x00007ff77b80564c (Unity) GetStacktrace
0x00007ff77c8c4803 (Unity) DebugStringToFile
0x00007ff77931f9e1 (Unity) TagManager::RegisterLayer
0x00007ff7793117f4 (Unity) TagManager::Transfer<YAMLRead>
0x00007ff77932b11a (Unity) TagManager::VirtualRedirectTransfer
0x00007ff77a28314d (Unity) SerializedFile::ReadObject
0x00007ff77a247da4 (Unity) PersistentManager::ReloadFromDisk
0x00007ff77b93ce36 (Unity) ReloadSerializedSingletons
0x00007ff77b939ba8 (Unity) core::mutable_function<void __cdecl(void)>::DispatchT<<lambda_fcb3dc580908b27842de90ec87b23da6> >::Dispatch
0x00007ff77ba020d2 (Unity) asio::detail::completion_handler<core::mutable_function<void __cdecl(void)> >::do_complete
0x00007ff77ba04230 (Unity) asio::detail::win_iocp_io_service::do_one
0x00007ff77ba07996 (Unity) asio::io_service::run
0x00007ff77b97dd50 (Unity) RunAssetImportWorkerClientV2
0x00007ff77b97dda0 (Unity) RunAssetImporterV2
0x00007ff77ae9d73b (Unity) Application::InitializeProject
0x00007ff77b812be2 (Unity) WinMain
0x00007ff77d658fc6 (Unity) __scrt_common_main_seh
0x00007ffddc7c13d2 (KERNEL32) BaseThreadInitThunk
0x00007ffddcb354f4 (ntdll) RtlUserThreadStart

Launched and connected shader compiler UnityShaderCompiler.exe after 0.05 seconds
Refreshing native plugins compatible for Editor in 1.50 ms, found 0 plugins.
Preloading 0 native plugins for Editor in 0.00 ms.
Unloading 1138 Unused Serialized files (Serialized files now loaded: 0)
System memory in use before: 57.3 MB.
System memory in use after: 57.4 MB.

Unloading 9 unused Assets to reduce memory usage. Loaded Objects now: 1579.
Total: 11.120719 ms (FindLiveObjects: 0.712814 ms CreateObjectMapping: 1.085386 ms MarkObjects: 9.252726 ms  DeleteObjects: 0.066714 ms)

========================================================================
Received Import Request.
  path: Assets/Materials/bounce.physicsMaterial2D
  artifactKey: Guid(b02565641fabe0d408d0f7314e33d465) Importer(815301076,1909f56bfc062723c751e8b465ee728b)
Start importing Assets/Materials/bounce.physicsMaterial2D using Guid(b02565641fabe0d408d0f7314e33d465) Importer(815301076,1909f56bfc062723c751e8b465ee728b)  -> (artifact id: '6d4f5de4b8bf48ee98e84205a68d16ad') in 0.076343 seconds
  Import took 0.082362 seconds .

========================================================================
Received Import Request.
  Time since last request: 0.000461 seconds.
  path: Assets/Materials/ball_material.physicsMaterial2D
  artifactKey: Guid(c646c954a67268f4d921c78d3bac8254) Importer(815301076,1909f56bfc062723c751e8b465ee728b)
Start importing Assets/Materials/ball_material.physicsMaterial2D using Guid(c646c954a67268f4d921c78d3bac8254) Importer(815301076,1909f56bfc062723c751e8b465ee728b)  -> (artifact id: 'd40f822b11501828f6ba2c921ced5d68') in 0.006691 seconds
  Import took 0.011430 seconds .

========================================================================
Received Import Request.
  Time since last request: 0.000080 seconds.
  path: Assets/Materials/obj_material.physicsMaterial2D
  artifactKey: Guid(323b0e32c537fd14ba08e7860298ab59) Importer(815301076,1909f56bfc062723c751e8b465ee728b)
Start importing Assets/Materials/obj_material.physicsMaterial2D using Guid(323b0e32c537fd14ba08e7860298ab59) Importer(815301076,1909f56bfc062723c751e8b465ee728b)  -> (artifact id: 'd772942413943a45cfd7ac7742783743') in 0.009441 seconds
  Import took 0.018592 seconds .

========================================================================
Received Import Request.
  Time since last request: 0.000374 seconds.
  path: Assets/Materials
  artifactKey: Guid(d6fa2d155f5aa3649b6c72b25e9119b4) Importer(815301076,1909f56bfc062723c751e8b465ee728b)
Start importing Assets/Materials using Guid(d6fa2d155f5aa3649b6c72b25e9119b4) Importer(815301076,1909f56bfc062723c751e8b465ee728b)  -> (artifact id: '4832c5e6ae7933a31a4c0e4094394275') in 0.006719 seconds
  Import took 0.010609 seconds .

========================================================================
Received Import Request.
  Time since last request: 0.000416 seconds.
  path: Assets/Materials/glow.mat
  artifactKey: Guid(418844ec7aeea2e4fa05acf617df566d) Importer(815301076,1909f56bfc062723c751e8b465ee728b)
Start importing Assets/Materials/glow.mat using Guid(418844ec7aeea2e4fa05acf617df566d) Importer(815301076,1909f56bfc062723c751e8b465ee728b)  -> (artifact id: 'bf5a8b72d0ba37239f2b6ec645e69b98') in 2.585006 seconds
  Import took 2.590544 seconds .

========================================================================
Received Import Request.
  Time since last request: 46.944837 seconds.
  path: Assets/Prefabs/ball_phys.prefab
  artifactKey: Guid(4f628cd414de3c8468ee1c9438c41a2d) Importer(815301076,1909f56bfc062723c751e8b465ee728b)
Start importing Assets/Prefabs/ball_phys.prefab using Guid(4f628cd414de3c8468ee1c9438c41a2d) Importer(815301076,1909f56bfc062723c751e8b465ee728b)  -> (artifact id: 'a5cb830df3787a03c1c90f6d38e33010') in 0.037919 seconds
  Import took 0.042484 seconds .

========================================================================
Received Import Request.
  Time since last request: 10.758170 seconds.
  path: Assets/Prefabs/stone_ball_phys.prefab
  artifactKey: Guid(3de57d4ebe90a8f4d9c110d482692465) Importer(815301076,1909f56bfc062723c751e8b465ee728b)
Start importing Assets/Prefabs/stone_ball_phys.prefab using Guid(3de57d4ebe90a8f4d9c110d482692465) Importer(815301076,1909f56bfc062723c751e8b465ee728b)  -> (artifact id: 'a689415231bb2ac7faf6c215b6fcf5f8') in 0.013667 seconds
  Import took 0.017957 seconds .

========================================================================
Received Import Request.
  Time since last request: 12.104220 seconds.
  path: Assets/Prefabs/paper_ball_phys.prefab
  artifactKey: Guid(e8da3e2bb57f5d94e825f5dc1c08544a) Importer(815301076,1909f56bfc062723c751e8b465ee728b)
Start importing Assets/Prefabs/paper_ball_phys.prefab using Guid(e8da3e2bb57f5d94e825f5dc1c08544a) Importer(815301076,1909f56bfc062723c751e8b465ee728b)  -> (artifact id: 'bc8c086a4b61e3ccdeb75b1a9eeff5dc') in 0.016654 seconds
  Import took 0.020171 seconds .

========================================================================
Received Import Request.
  Time since last request: 14.076419 seconds.
  path: Assets/Prefabs/stone_ball_phys.prefab
  artifactKey: Guid(3de57d4ebe90a8f4d9c110d482692465) Importer(815301076,1909f56bfc062723c751e8b465ee728b)
Start importing Assets/Prefabs/stone_ball_phys.prefab using Guid(3de57d4ebe90a8f4d9c110d482692465) Importer(815301076,1909f56bfc062723c751e8b465ee728b)  -> (artifact id: 'a92fd61fda609680b1dfabb2028be721') in 0.016997 seconds
  Import took 0.020918 seconds .

========================================================================
Received Prepare
Default GameObject BitMask: Water already registered
0x00007ff77a328c8c (Unity) StackWalker::GetCurrentCallstack
0x00007ff77a331069 (Unity) StackWalker::ShowCallstack
0x00007ff77b80564c (Unity) GetStacktrace
0x00007ff77c8c4803 (Unity) DebugStringToFile
0x00007ff77931f9e1 (Unity) TagManager::RegisterLayer
0x00007ff7793117f4 (Unity) TagManager::Transfer<YAMLRead>
0x00007ff77932b11a (Unity) TagManager::VirtualRedirectTransfer
0x00007ff77a28314d (Unity) SerializedFile::ReadObject
0x00007ff77a247da4 (Unity) PersistentManager::ReloadFromDisk
0x00007ff77b93ce36 (Unity) ReloadSerializedSingletons
0x00007ff77b937e9a (Unity) <lambda_7a4e346ad56c093be607e8c3dc54f69c>::operator()
0x00007ff77ba020d2 (Unity) asio::detail::completion_handler<core::mutable_function<void __cdecl(void)> >::do_complete
0x00007ff77ba04230 (Unity) asio::detail::win_iocp_io_service::do_one
0x00007ff77ba079be (Unity) asio::io_service::run
0x00007ff77b97dd50 (Unity) RunAssetImportWorkerClientV2
0x00007ff77b97dda0 (Unity) RunAssetImporterV2
0x00007ff77ae9d73b (Unity) Application::InitializeProject
0x00007ff77b812be2 (Unity) WinMain
0x00007ff77d658fc6 (Unity) __scrt_common_main_seh
0x00007ffddc7c13d2 (KERNEL32) BaseThreadInitThunk
0x00007ffddcb354f4 (ntdll) RtlUserThreadStart

Registering precompiled user dll's ...
Registered in 0.000642 seconds.
Begin MonoManager ReloadAssembly
Native extension for WindowsStandalone target not found
Native extension for WebGL target not found
Refreshing native plugins compatible for Editor in 0.31 ms, found 0 plugins.
Preloading 0 native plugins for Editor in 0.00 ms.
Invoked RoslynAnalysisRunner static constructor.
RoslynAnalysisRunner will not be running.
RoslynAnalysisRunner has terminated.
Mono: successfully reloaded assembly
- Completed reload, in  1.422 seconds
Platform modules already initialized, skipping
Refreshing native plugins compatible for Editor in 0.66 ms, found 0 plugins.
Preloading 0 native plugins for Editor in 0.00 ms.
Unloading 1132 Unused Serialized files (Serialized files now loaded: 0)
System memory in use before: 61.1 MB.
System memory in use after: 61.2 MB.

Unloading 4 unused Assets to reduce memory usage. Loaded Objects now: 1624.
Total: 3.854533 ms (FindLiveObjects: 0.495737 ms CreateObjectMapping: 0.142152 ms MarkObjects: 3.180721 ms  DeleteObjects: 0.032844 ms)

========================================================================
Received Prepare
Default GameObject BitMask: Water already registered
0x00007ff77a328c8c (Unity) StackWalker::GetCurrentCallstack
0x00007ff77a331069 (Unity) StackWalker::ShowCallstack
0x00007ff77b80564c (Unity) GetStacktrace
0x00007ff77c8c4803 (Unity) DebugStringToFile
0x00007ff77931f9e1 (Unity) TagManager::RegisterLayer
0x00007ff7793117f4 (Unity) TagManager::Transfer<YAMLRead>
0x00007ff77932b11a (Unity) TagManager::VirtualRedirectTransfer
0x00007ff77a28314d (Unity) SerializedFile::ReadObject
0x00007ff77a247da4 (Unity) PersistentManager::ReloadFromDisk
0x00007ff77b93ce36 (Unity) ReloadSerializedSingletons
0x00007ff77b937e9a (Unity) <lambda_7a4e346ad56c093be607e8c3dc54f69c>::operator()
0x00007ff77ba020d2 (Unity) asio::detail::completion_handler<core::mutable_function<void __cdecl(void)> >::do_complete
0x00007ff77ba04230 (Unity) asio::detail::win_iocp_io_service::do_one
0x00007ff77ba079be (Unity) asio::io_service::run
0x00007ff77b97dd50 (Unity) RunAssetImportWorkerClientV2
0x00007ff77b97dda0 (Unity) RunAssetImporterV2
0x00007ff77ae9d73b (Unity) Application::InitializeProject
0x00007ff77b812be2 (Unity) WinMain
0x00007ff77d658fc6 (Unity) __scrt_common_main_seh
0x00007ffddc7c13d2 (KERNEL32) BaseThreadInitThunk
0x00007ffddcb354f4 (ntdll) RtlUserThreadStart

Registering precompiled user dll's ...
Registered in 0.001028 seconds.
Begin MonoManager ReloadAssembly
Native extension for WindowsStandalone target not found
Native extension for WebGL target not found
Refreshing native plugins compatible for Editor in 0.33 ms, found 0 plugins.
Preloading 0 native plugins for Editor in 0.00 ms.
Invoked RoslynAnalysisRunner static constructor.
RoslynAnalysisRunner will not be running.
RoslynAnalysisRunner has terminated.
Mono: successfully reloaded assembly
- Completed reload, in  1.566 seconds
Platform modules already initialized, skipping
Refreshing native plugins compatible for Editor in 0.50 ms, found 0 plugins.
Preloading 0 native plugins for Editor in 0.00 ms.
Unloading 1132 Unused Serialized files (Serialized files now loaded: 0)
System memory in use before: 61.2 MB.
System memory in use after: 61.3 MB.

Unloading 4 unused Assets to reduce memory usage. Loaded Objects now: 1627.
Total: 2.667536 ms (FindLiveObjects: 0.285331 ms CreateObjectMapping: 0.091860 ms MarkObjects: 2.259040 ms  DeleteObjects: 0.028738 ms)

========================================================================
Received Prepare
Default GameObject BitMask: Water already registered
0x00007ff77a328c8c (Unity) StackWalker::GetCurrentCallstack
0x00007ff77a331069 (Unity) StackWalker::ShowCallstack
0x00007ff77b80564c (Unity) GetStacktrace
0x00007ff77c8c4803 (Unity) DebugStringToFile
0x00007ff77931f9e1 (Unity) TagManager::RegisterLayer
0x00007ff7793117f4 (Unity) TagManager::Transfer<YAMLRead>
0x00007ff77932b11a (Unity) TagManager::VirtualRedirectTransfer
0x00007ff77a28314d (Unity) SerializedFile::ReadObject
0x00007ff77a247da4 (Unity) PersistentManager::ReloadFromDisk
0x00007ff77b93ce36 (Unity) ReloadSerializedSingletons
0x00007ff77b937e9a (Unity) <lambda_7a4e346ad56c093be607e8c3dc54f69c>::operator()
0x00007ff77ba020d2 (Unity) asio::detail::completion_handler<core::mutable_function<void __cdecl(void)> >::do_complete
0x00007ff77ba04230 (Unity) asio::detail::win_iocp_io_service::do_one
0x00007ff77ba079be (Unity) asio::io_service::run
0x00007ff77b97dd50 (Unity) RunAssetImportWorkerClientV2
0x00007ff77b97dda0 (Unity) RunAssetImporterV2
0x00007ff77ae9d73b (Unity) Application::InitializeProject
0x00007ff77b812be2 (Unity) WinMain
0x00007ff77d658fc6 (Unity) __scrt_common_main_seh
0x00007ffddc7c13d2 (KERNEL32) BaseThreadInitThunk
0x00007ffddcb354f4 (ntdll) RtlUserThreadStart

Registering precompiled user dll's ...
Registered in 0.000634 seconds.
Begin MonoManager ReloadAssembly
Native extension for WindowsStandalone target not found
Native extension for WebGL target not found
Refreshing native plugins compatible for Editor in 0.35 ms, found 0 plugins.
Preloading 0 native plugins for Editor in 0.00 ms.
Invoked RoslynAnalysisRunner static constructor.
RoslynAnalysisRunner will not be running.
RoslynAnalysisRunner has terminated.
Mono: successfully reloaded assembly
- Completed reload, in  1.417 seconds
Platform modules already initialized, skipping
Refreshing native plugins compatible for Editor in 0.54 ms, found 0 plugins.
Preloading 0 native plugins for Editor in 0.00 ms.
Unloading 1132 Unused Serialized files (Serialized files now loaded: 0)
System memory in use before: 61.3 MB.
System memory in use after: 61.4 MB.

Unloading 4 unused Assets to reduce memory usage. Loaded Objects now: 1630.
Total: 2.559254 ms (FindLiveObjects: 0.290463 ms CreateObjectMapping: 0.108282 ms MarkObjects: 2.115862 ms  DeleteObjects: 0.031817 ms)

========================================================================
Received Prepare
Default GameObject BitMask: Water already registered
0x00007ff77a328c8c (Unity) StackWalker::GetCurrentCallstack
0x00007ff77a331069 (Unity) StackWalker::ShowCallstack
0x00007ff77b80564c (Unity) GetStacktrace
0x00007ff77c8c4803 (Unity) DebugStringToFile
0x00007ff77931f9e1 (Unity) TagManager::RegisterLayer
0x00007ff7793117f4 (Unity) TagManager::Transfer<YAMLRead>
0x00007ff77932b11a (Unity) TagManager::VirtualRedirectTransfer
0x00007ff77a28314d (Unity) SerializedFile::ReadObject
0x00007ff77a247da4 (Unity) PersistentManager::ReloadFromDisk
0x00007ff77b93ce36 (Unity) ReloadSerializedSingletons
0x00007ff77b937e9a (Unity) <lambda_7a4e346ad56c093be607e8c3dc54f69c>::operator()
0x00007ff77ba020d2 (Unity) asio::detail::completion_handler<core::mutable_function<void __cdecl(void)> >::do_complete
0x00007ff77ba04230 (Unity) asio::detail::win_iocp_io_service::do_one
0x00007ff77ba079be (Unity) asio::io_service::run
0x00007ff77b97dd50 (Unity) RunAssetImportWorkerClientV2
0x00007ff77b97dda0 (Unity) RunAssetImporterV2
0x00007ff77ae9d73b (Unity) Application::InitializeProject
0x00007ff77b812be2 (Unity) WinMain
0x00007ff77d658fc6 (Unity) __scrt_common_main_seh
0x00007ffddc7c13d2 (KERNEL32) BaseThreadInitThunk
0x00007ffddcb354f4 (ntdll) RtlUserThreadStart

Registering precompiled user dll's ...
Registered in 0.000664 seconds.
Begin MonoManager ReloadAssembly
Native extension for WindowsStandalone target not found
Native extension for WebGL target not found
Refreshing native plugins compatible for Editor in 0.32 ms, found 0 plugins.
Preloading 0 native plugins for Editor in 0.00 ms.
Invoked RoslynAnalysisRunner static constructor.
RoslynAnalysisRunner will not be running.
RoslynAnalysisRunner has terminated.
Mono: successfully reloaded assembly
- Completed reload, in  1.462 seconds
Platform modules already initialized, skipping
Refreshing native plugins compatible for Editor in 0.57 ms, found 0 plugins.
Preloading 0 native plugins for Editor in 0.00 ms.
Unloading 1132 Unused Serialized files (Serialized files now loaded: 0)
System memory in use before: 61.4 MB.
System memory in use after: 61.5 MB.

Unloading 4 unused Assets to reduce memory usage. Loaded Objects now: 1633.
Total: 3.859664 ms (FindLiveObjects: 0.280712 ms CreateObjectMapping: 0.091347 ms MarkObjects: 3.452709 ms  DeleteObjects: 0.032331 ms)

========================================================================
Received Prepare
Default GameObject BitMask: Water already registered
0x00007ff77a328c8c (Unity) StackWalker::GetCurrentCallstack
0x00007ff77a331069 (Unity) StackWalker::ShowCallstack
0x00007ff77b80564c (Unity) GetStacktrace
0x00007ff77c8c4803 (Unity) DebugStringToFile
0x00007ff77931f9e1 (Unity) TagManager::RegisterLayer
0x00007ff7793117f4 (Unity) TagManager::Transfer<YAMLRead>
0x00007ff77932b11a (Unity) TagManager::VirtualRedirectTransfer
0x00007ff77a28314d (Unity) SerializedFile::ReadObject
0x00007ff77a247da4 (Unity) PersistentManager::ReloadFromDisk
0x00007ff77b93ce36 (Unity) ReloadSerializedSingletons
0x00007ff77b937e9a (Unity) <lambda_7a4e346ad56c093be607e8c3dc54f69c>::operator()
0x00007ff77ba020d2 (Unity) asio::detail::completion_handler<core::mutable_function<void __cdecl(void)> >::do_complete
0x00007ff77ba04230 (Unity) asio::detail::win_iocp_io_service::do_one
0x00007ff77ba079be (Unity) asio::io_service::run
0x00007ff77b97dd50 (Unity) RunAssetImportWorkerClientV2
0x00007ff77b97dda0 (Unity) RunAssetImporterV2
0x00007ff77ae9d73b (Unity) Application::InitializeProject
0x00007ff77b812be2 (Unity) WinMain
0x00007ff77d658fc6 (Unity) __scrt_common_main_seh
0x00007ffddc7c13d2 (KERNEL32) BaseThreadInitThunk
0x00007ffddcb354f4 (ntdll) RtlUserThreadStart

Registering precompiled user dll's ...
Registered in 0.000633 seconds.
Begin MonoManager ReloadAssembly
Native extension for WindowsStandalone target not found
Native extension for WebGL target not found
Refreshing native plugins compatible for Editor in 0.33 ms, found 0 plugins.
Preloading 0 native plugins for Editor in 0.00 ms.
Invoked RoslynAnalysisRunner static constructor.
RoslynAnalysisRunner will not be running.
RoslynAnalysisRunner has terminated.
Mono: successfully reloaded assembly
- Completed reload, in  1.432 seconds
Platform modules already initialized, skipping
Refreshing native plugins compatible for Editor in 0.52 ms, found 0 plugins.
Preloading 0 native plugins for Editor in 0.00 ms.
Unloading 1132 Unused Serialized files (Serialized files now loaded: 0)
System memory in use before: 61.5 MB.
System memory in use after: 61.6 MB.

Unloading 4 unused Assets to reduce memory usage. Loaded Objects now: 1636.
Total: 3.117599 ms (FindLiveObjects: 0.263777 ms CreateObjectMapping: 0.088268 ms MarkObjects: 2.738355 ms  DeleteObjects: 0.024120 ms)

========================================================================
Received Prepare
Default GameObject BitMask: Water already registered
0x00007ff77a328c8c (Unity) StackWalker::GetCurrentCallstack
0x00007ff77a331069 (Unity) StackWalker::ShowCallstack
0x00007ff77b80564c (Unity) GetStacktrace
0x00007ff77c8c4803 (Unity) DebugStringToFile
0x00007ff77931f9e1 (Unity) TagManager::RegisterLayer
0x00007ff7793117f4 (Unity) TagManager::Transfer<YAMLRead>
0x00007ff77932b11a (Unity) TagManager::VirtualRedirectTransfer
0x00007ff77a28314d (Unity) SerializedFile::ReadObject
0x00007ff77a247da4 (Unity) PersistentManager::ReloadFromDisk
0x00007ff77b93ce36 (Unity) ReloadSerializedSingletons
0x00007ff77b937e9a (Unity) <lambda_7a4e346ad56c093be607e8c3dc54f69c>::operator()
0x00007ff77ba020d2 (Unity) asio::detail::completion_handler<core::mutable_function<void __cdecl(void)> >::do_complete
0x00007ff77ba04230 (Unity) asio::detail::win_iocp_io_service::do_one
0x00007ff77ba079be (Unity) asio::io_service::run
0x00007ff77b97dd50 (Unity) RunAssetImportWorkerClientV2
0x00007ff77b97dda0 (Unity) RunAssetImporterV2
0x00007ff77ae9d73b (Unity) Application::InitializeProject
0x00007ff77b812be2 (Unity) WinMain
0x00007ff77d658fc6 (Unity) __scrt_common_main_seh
0x00007ffddc7c13d2 (KERNEL32) BaseThreadInitThunk
0x00007ffddcb354f4 (ntdll) RtlUserThreadStart

Registering precompiled user dll's ...
Registered in 0.000630 seconds.
Begin MonoManager ReloadAssembly
Native extension for WindowsStandalone target not found
Native extension for WebGL target not found
Refreshing native plugins compatible for Editor in 0.31 ms, found 0 plugins.
Preloading 0 native plugins for Editor in 0.00 ms.
Invoked RoslynAnalysisRunner static constructor.
RoslynAnalysisRunner will not be running.
RoslynAnalysisRunner has terminated.
Mono: successfully reloaded assembly
- Completed reload, in  1.338 seconds
Platform modules already initialized, skipping
Refreshing native plugins compatible for Editor in 0.59 ms, found 0 plugins.
Preloading 0 native plugins for Editor in 0.00 ms.
Unloading 1132 Unused Serialized files (Serialized files now loaded: 0)
System memory in use before: 61.6 MB.
System memory in use after: 61.7 MB.

Unloading 4 unused Assets to reduce memory usage. Loaded Objects now: 1639.
Total: 2.286239 ms (FindLiveObjects: 0.180641 ms CreateObjectMapping: 0.055424 ms MarkObjects: 2.029647 ms  DeleteObjects: 0.018475 ms)

========================================================================
Received Prepare
Default GameObject BitMask: Water already registered
0x00007ff77a328c8c (Unity) StackWalker::GetCurrentCallstack
0x00007ff77a331069 (Unity) StackWalker::ShowCallstack
0x00007ff77b80564c (Unity) GetStacktrace
0x00007ff77c8c4803 (Unity) DebugStringToFile
0x00007ff77931f9e1 (Unity) TagManager::RegisterLayer
0x00007ff7793117f4 (Unity) TagManager::Transfer<YAMLRead>
0x00007ff77932b11a (Unity) TagManager::VirtualRedirectTransfer
0x00007ff77a28314d (Unity) SerializedFile::ReadObject
0x00007ff77a247da4 (Unity) PersistentManager::ReloadFromDisk
0x00007ff77b93ce36 (Unity) ReloadSerializedSingletons
0x00007ff77b937e9a (Unity) <lambda_7a4e346ad56c093be607e8c3dc54f69c>::operator()
0x00007ff77ba020d2 (Unity) asio::detail::completion_handler<core::mutable_function<void __cdecl(void)> >::do_complete
0x00007ff77ba04230 (Unity) asio::detail::win_iocp_io_service::do_one
0x00007ff77ba079be (Unity) asio::io_service::run
0x00007ff77b97dd50 (Unity) RunAssetImportWorkerClientV2
0x00007ff77b97dda0 (Unity) RunAssetImporterV2
0x00007ff77ae9d73b (Unity) Application::InitializeProject
0x00007ff77b812be2 (Unity) WinMain
0x00007ff77d658fc6 (Unity) __scrt_common_main_seh
0x00007ffddc7c13d2 (KERNEL32) BaseThreadInitThunk
0x00007ffddcb354f4 (ntdll) RtlUserThreadStart

Registering precompiled user dll's ...
Registered in 0.000653 seconds.
Begin MonoManager ReloadAssembly
Native extension for WindowsStandalone target not found
Native extension for WebGL target not found
Refreshing native plugins compatible for Editor in 0.36 ms, found 0 plugins.
Preloading 0 native plugins for Editor in 0.00 ms.
Invoked RoslynAnalysisRunner static constructor.
RoslynAnalysisRunner will not be running.
RoslynAnalysisRunner has terminated.
Mono: successfully reloaded assembly
- Completed reload, in  1.417 seconds
Platform modules already initialized, skipping
Refreshing native plugins compatible for Editor in 0.54 ms, found 0 plugins.
Preloading 0 native plugins for Editor in 0.00 ms.
Unloading 1132 Unused Serialized files (Serialized files now loaded: 0)
System memory in use before: 61.7 MB.
System memory in use after: 61.8 MB.

Unloading 4 unused Assets to reduce memory usage. Loaded Objects now: 1642.
Total: 4.376442 ms (FindLiveObjects: 0.287384 ms CreateObjectMapping: 0.089807 ms MarkObjects: 3.959222 ms  DeleteObjects: 0.037463 ms)

========================================================================
Received Prepare
Default GameObject BitMask: Water already registered
0x00007ff77a328c8c (Unity) StackWalker::GetCurrentCallstack
0x00007ff77a331069 (Unity) StackWalker::ShowCallstack
0x00007ff77b80564c (Unity) GetStacktrace
0x00007ff77c8c4803 (Unity) DebugStringToFile
0x00007ff77931f9e1 (Unity) TagManager::RegisterLayer
0x00007ff7793117f4 (Unity) TagManager::Transfer<YAMLRead>
0x00007ff77932b11a (Unity) TagManager::VirtualRedirectTransfer
0x00007ff77a28314d (Unity) SerializedFile::ReadObject
0x00007ff77a247da4 (Unity) PersistentManager::ReloadFromDisk
0x00007ff77b93ce36 (Unity) ReloadSerializedSingletons
0x00007ff77b937e9a (Unity) <lambda_7a4e346ad56c093be607e8c3dc54f69c>::operator()
0x00007ff77ba020d2 (Unity) asio::detail::completion_handler<core::mutable_function<void __cdecl(void)> >::do_complete
0x00007ff77ba04230 (Unity) asio::detail::win_iocp_io_service::do_one
0x00007ff77ba079be (Unity) asio::io_service::run
0x00007ff77b97dd50 (Unity) RunAssetImportWorkerClientV2
0x00007ff77b97dda0 (Unity) RunAssetImporterV2
0x00007ff77ae9d73b (Unity) Application::InitializeProject
0x00007ff77b812be2 (Unity) WinMain
0x00007ff77d658fc6 (Unity) __scrt_common_main_seh
0x00007ffddc7c13d2 (KERNEL32) BaseThreadInitThunk
0x00007ffddcb354f4 (ntdll) RtlUserThreadStart

Registering precompiled user dll's ...
Registered in 0.000756 seconds.
Begin MonoManager ReloadAssembly
Native extension for WindowsStandalone target not found
Native extension for WebGL target not found
Refreshing native plugins compatible for Editor in 0.33 ms, found 0 plugins.
Preloading 0 native plugins for Editor in 0.00 ms.
Invoked RoslynAnalysisRunner static constructor.
RoslynAnalysisRunner will not be running.
RoslynAnalysisRunner has terminated.
Mono: successfully reloaded assembly
- Completed reload, in  1.542 seconds
Platform modules already initialized, skipping
Refreshing native plugins compatible for Editor in 0.50 ms, found 0 plugins.
Preloading 0 native plugins for Editor in 0.00 ms.
Unloading 1132 Unused Serialized files (Serialized files now loaded: 0)
System memory in use before: 61.8 MB.
System memory in use after: 61.9 MB.

Unloading 4 unused Assets to reduce memory usage. Loaded Objects now: 1645.
Total: 3.744711 ms (FindLiveObjects: 0.294568 ms CreateObjectMapping: 0.099558 ms MarkObjects: 3.317741 ms  DeleteObjects: 0.030278 ms)

========================================================================
Received Prepare
Default GameObject BitMask: Water already registered
0x00007ff77a328c8c (Unity) StackWalker::GetCurrentCallstack
0x00007ff77a331069 (Unity) StackWalker::ShowCallstack
0x00007ff77b80564c (Unity) GetStacktrace
0x00007ff77c8c4803 (Unity) DebugStringToFile
0x00007ff77931f9e1 (Unity) TagManager::RegisterLayer
0x00007ff7793117f4 (Unity) TagManager::Transfer<YAMLRead>
0x00007ff77932b11a (Unity) TagManager::VirtualRedirectTransfer
0x00007ff77a28314d (Unity) SerializedFile::ReadObject
0x00007ff77a247da4 (Unity) PersistentManager::ReloadFromDisk
0x00007ff77b93ce36 (Unity) ReloadSerializedSingletons
0x00007ff77b937e9a (Unity) <lambda_7a4e346ad56c093be607e8c3dc54f69c>::operator()
0x00007ff77ba020d2 (Unity) asio::detail::completion_handler<core::mutable_function<void __cdecl(void)> >::do_complete
0x00007ff77ba04230 (Unity) asio::detail::win_iocp_io_service::do_one
0x00007ff77ba079be (Unity) asio::io_service::run
0x00007ff77b97dd50 (Unity) RunAssetImportWorkerClientV2
0x00007ff77b97dda0 (Unity) RunAssetImporterV2
0x00007ff77ae9d73b (Unity) Application::InitializeProject
0x00007ff77b812be2 (Unity) WinMain
0x00007ff77d658fc6 (Unity) __scrt_common_main_seh
0x00007ffddc7c13d2 (KERNEL32) BaseThreadInitThunk
0x00007ffddcb354f4 (ntdll) RtlUserThreadStart

Registering precompiled user dll's ...
Registered in 0.000688 seconds.
Begin MonoManager ReloadAssembly
Native extension for WindowsStandalone target not found
Native extension for WebGL target not found
Refreshing native plugins compatible for Editor in 0.31 ms, found 0 plugins.
Preloading 0 native plugins for Editor in 0.00 ms.
Invoked RoslynAnalysisRunner static constructor.
RoslynAnalysisRunner will not be running.
RoslynAnalysisRunner has terminated.
Mono: successfully reloaded assembly
- Completed reload, in  1.548 seconds
Platform modules already initialized, skipping
Refreshing native plugins compatible for Editor in 0.50 ms, found 0 plugins.
Preloading 0 native plugins for Editor in 0.00 ms.
Unloading 1132 Unused Serialized files (Serialized files now loaded: 0)
System memory in use before: 61.9 MB.
System memory in use after: 62.0 MB.

Unloading 4 unused Assets to reduce memory usage. Loaded Objects now: 1648.
Total: 2.436602 ms (FindLiveObjects: 0.210919 ms CreateObjectMapping: 0.057990 ms MarkObjects: 2.142034 ms  DeleteObjects: 0.024120 ms)

========================================================================
Received Prepare
Default GameObject BitMask: Water already registered
0x00007ff77a328c8c (Unity) StackWalker::GetCurrentCallstack
0x00007ff77a331069 (Unity) StackWalker::ShowCallstack
0x00007ff77b80564c (Unity) GetStacktrace
0x00007ff77c8c4803 (Unity) DebugStringToFile
0x00007ff77931f9e1 (Unity) TagManager::RegisterLayer
0x00007ff7793117f4 (Unity) TagManager::Transfer<YAMLRead>
0x00007ff77932b11a (Unity) TagManager::VirtualRedirectTransfer
0x00007ff77a28314d (Unity) SerializedFile::ReadObject
0x00007ff77a247da4 (Unity) PersistentManager::ReloadFromDisk
0x00007ff77b93ce36 (Unity) ReloadSerializedSingletons
0x00007ff77b937e9a (Unity) <lambda_7a4e346ad56c093be607e8c3dc54f69c>::operator()
0x00007ff77ba020d2 (Unity) asio::detail::completion_handler<core::mutable_function<void __cdecl(void)> >::do_complete
0x00007ff77ba04230 (Unity) asio::detail::win_iocp_io_service::do_one
0x00007ff77ba079be (Unity) asio::io_service::run
0x00007ff77b97dd50 (Unity) RunAssetImportWorkerClientV2
0x00007ff77b97dda0 (Unity) RunAssetImporterV2
0x00007ff77ae9d73b (Unity) Application::InitializeProject
0x00007ff77b812be2 (Unity) WinMain
0x00007ff77d658fc6 (Unity) __scrt_common_main_seh
0x00007ffddc7c13d2 (KERNEL32) BaseThreadInitThunk
0x00007ffddcb354f4 (ntdll) RtlUserThreadStart

Registering precompiled user dll's ...
Registered in 0.000858 seconds.
Begin MonoManager ReloadAssembly
Native extension for WindowsStandalone target not found
Native extension for WebGL target not found
Refreshing native plugins compatible for Editor in 0.51 ms, found 0 plugins.
Preloading 0 native plugins for Editor in 0.00 ms.
Invoked RoslynAnalysisRunner static constructor.
RoslynAnalysisRunner will not be running.
RoslynAnalysisRunner has terminated.
Mono: successfully reloaded assembly
- Completed reload, in  1.535 seconds
Platform modules already initialized, skipping
Refreshing native plugins compatible for Editor in 0.60 ms, found 0 plugins.
Preloading 0 native plugins for Editor in 0.00 ms.
Unloading 1132 Unused Serialized files (Serialized files now loaded: 0)
System memory in use before: 62.0 MB.
System memory in use after: 62.1 MB.

Unloading 4 unused Assets to reduce memory usage. Loaded Objects now: 1651.
Total: 2.566951 ms (FindLiveObjects: 0.241197 ms CreateObjectMapping: 0.092373 ms MarkObjects: 2.201564 ms  DeleteObjects: 0.029252 ms)

========================================================================
Received Prepare
Default GameObject BitMask: Water already registered
0x00007ff77a328c8c (Unity) StackWalker::GetCurrentCallstack
0x00007ff77a331069 (Unity) StackWalker::ShowCallstack
0x00007ff77b80564c (Unity) GetStacktrace
0x00007ff77c8c4803 (Unity) DebugStringToFile
0x00007ff77931f9e1 (Unity) TagManager::RegisterLayer
0x00007ff7793117f4 (Unity) TagManager::Transfer<YAMLRead>
0x00007ff77932b11a (Unity) TagManager::VirtualRedirectTransfer
0x00007ff77a28314d (Unity) SerializedFile::ReadObject
0x00007ff77a247da4 (Unity) PersistentManager::ReloadFromDisk
0x00007ff77b93ce36 (Unity) ReloadSerializedSingletons
0x00007ff77b937e9a (Unity) <lambda_7a4e346ad56c093be607e8c3dc54f69c>::operator()
0x00007ff77ba020d2 (Unity) asio::detail::completion_handler<core::mutable_function<void __cdecl(void)> >::do_complete
0x00007ff77ba04230 (Unity) asio::detail::win_iocp_io_service::do_one
0x00007ff77ba079be (Unity) asio::io_service::run
0x00007ff77b97dd50 (Unity) RunAssetImportWorkerClientV2
0x00007ff77b97dda0 (Unity) RunAssetImporterV2
0x00007ff77ae9d73b (Unity) Application::InitializeProject
0x00007ff77b812be2 (Unity) WinMain
0x00007ff77d658fc6 (Unity) __scrt_common_main_seh
0x00007ffddc7c13d2 (KERNEL32) BaseThreadInitThunk
0x00007ffddcb354f4 (ntdll) RtlUserThreadStart

Registering precompiled user dll's ...
Registered in 0.001009 seconds.
Begin MonoManager ReloadAssembly
Native extension for WindowsStandalone target not found
Native extension for WebGL target not found
Refreshing native plugins compatible for Editor in 1.61 ms, found 0 plugins.
Preloading 0 native plugins for Editor in 0.00 ms.
Invoked RoslynAnalysisRunner static constructor.
RoslynAnalysisRunner will not be running.
RoslynAnalysisRunner has terminated.
Mono: successfully reloaded assembly
- Completed reload, in  2.739 seconds
Platform modules already initialized, skipping
Refreshing native plugins compatible for Editor in 1.39 ms, found 0 plugins.
Preloading 0 native plugins for Editor in 0.00 ms.
Unloading 1132 Unused Serialized files (Serialized files now loaded: 0)
System memory in use before: 62.1 MB.
System memory in use after: 62.2 MB.

Unloading 4 unused Assets to reduce memory usage. Loaded Objects now: 1654.
Total: 3.829387 ms (FindLiveObjects: 0.284818 ms CreateObjectMapping: 0.088781 ms MarkObjects: 3.426536 ms  DeleteObjects: 0.026172 ms)

========================================================================
Received Prepare
Default GameObject BitMask: Water already registered
0x00007ff77a328c8c (Unity) StackWalker::GetCurrentCallstack
0x00007ff77a331069 (Unity) StackWalker::ShowCallstack
0x00007ff77b80564c (Unity) GetStacktrace
0x00007ff77c8c4803 (Unity) DebugStringToFile
0x00007ff77931f9e1 (Unity) TagManager::RegisterLayer
0x00007ff7793117f4 (Unity) TagManager::Transfer<YAMLRead>
0x00007ff77932b11a (Unity) TagManager::VirtualRedirectTransfer
0x00007ff77a28314d (Unity) SerializedFile::ReadObject
0x00007ff77a247da4 (Unity) PersistentManager::ReloadFromDisk
0x00007ff77b93ce36 (Unity) ReloadSerializedSingletons
0x00007ff77b937e9a (Unity) <lambda_7a4e346ad56c093be607e8c3dc54f69c>::operator()
0x00007ff77ba020d2 (Unity) asio::detail::completion_handler<core::mutable_function<void __cdecl(void)> >::do_complete
0x00007ff77ba04230 (Unity) asio::detail::win_iocp_io_service::do_one
0x00007ff77ba079be (Unity) asio::io_service::run
0x00007ff77b97dd50 (Unity) RunAssetImportWorkerClientV2
0x00007ff77b97dda0 (Unity) RunAssetImporterV2
0x00007ff77ae9d73b (Unity) Application::InitializeProject
0x00007ff77b812be2 (Unity) WinMain
0x00007ff77d658fc6 (Unity) __scrt_common_main_seh
0x00007ffddc7c13d2 (KERNEL32) BaseThreadInitThunk
0x00007ffddcb354f4 (ntdll) RtlUserThreadStart

Registering precompiled user dll's ...
Registered in 0.000660 seconds.
Begin MonoManager ReloadAssembly
Native extension for WindowsStandalone target not found
Native extension for WebGL target not found
Refreshing native plugins compatible for Editor in 0.32 ms, found 0 plugins.
Preloading 0 native plugins for Editor in 0.00 ms.
Invoked RoslynAnalysisRunner static constructor.
RoslynAnalysisRunner will not be running.
RoslynAnalysisRunner has terminated.
Mono: successfully reloaded assembly
- Completed reload, in  1.383 seconds
Platform modules already initialized, skipping
Refreshing native plugins compatible for Editor in 0.54 ms, found 0 plugins.
Preloading 0 native plugins for Editor in 0.00 ms.
Unloading 1132 Unused Serialized files (Serialized files now loaded: 0)
System memory in use before: 62.2 MB.
System memory in use after: 62.3 MB.

Unloading 4 unused Assets to reduce memory usage. Loaded Objects now: 1657.
Total: 2.450458 ms (FindLiveObjects: 0.233499 ms CreateObjectMapping: 0.065688 ms MarkObjects: 2.125099 ms  DeleteObjects: 0.023607 ms)

========================================================================
Received Prepare
Default GameObject BitMask: Water already registered
0x00007ff77a328c8c (Unity) StackWalker::GetCurrentCallstack
0x00007ff77a331069 (Unity) StackWalker::ShowCallstack
0x00007ff77b80564c (Unity) GetStacktrace
0x00007ff77c8c4803 (Unity) DebugStringToFile
0x00007ff77931f9e1 (Unity) TagManager::RegisterLayer
0x00007ff7793117f4 (Unity) TagManager::Transfer<YAMLRead>
0x00007ff77932b11a (Unity) TagManager::VirtualRedirectTransfer
0x00007ff77a28314d (Unity) SerializedFile::ReadObject
0x00007ff77a247da4 (Unity) PersistentManager::ReloadFromDisk
0x00007ff77b93ce36 (Unity) ReloadSerializedSingletons
0x00007ff77b937e9a (Unity) <lambda_7a4e346ad56c093be607e8c3dc54f69c>::operator()
0x00007ff77ba020d2 (Unity) asio::detail::completion_handler<core::mutable_function<void __cdecl(void)> >::do_complete
0x00007ff77ba04230 (Unity) asio::detail::win_iocp_io_service::do_one
0x00007ff77ba079be (Unity) asio::io_service::run
0x00007ff77b97dd50 (Unity) RunAssetImportWorkerClientV2
0x00007ff77b97dda0 (Unity) RunAssetImporterV2
0x00007ff77ae9d73b (Unity) Application::InitializeProject
0x00007ff77b812be2 (Unity) WinMain
0x00007ff77d658fc6 (Unity) __scrt_common_main_seh
0x00007ffddc7c13d2 (KERNEL32) BaseThreadInitThunk
0x00007ffddcb354f4 (ntdll) RtlUserThreadStart

Registering precompiled user dll's ...
Registered in 0.000644 seconds.
Begin MonoManager ReloadAssembly
Native extension for WindowsStandalone target not found
Native extension for WebGL target not found
Refreshing native plugins compatible for Editor in 0.50 ms, found 0 plugins.
Preloading 0 native plugins for Editor in 0.00 ms.
Invoked RoslynAnalysisRunner static constructor.
RoslynAnalysisRunner will not be running.
RoslynAnalysisRunner has terminated.
Mono: successfully reloaded assembly
- Completed reload, in  1.544 seconds
Platform modules already initialized, skipping
Refreshing native plugins compatible for Editor in 0.56 ms, found 0 plugins.
Preloading 0 native plugins for Editor in 0.00 ms.
Unloading 1132 Unused Serialized files (Serialized files now loaded: 0)
System memory in use before: 62.3 MB.
System memory in use after: 62.4 MB.

Unloading 4 unused Assets to reduce memory usage. Loaded Objects now: 1660.
Total: 2.419154 ms (FindLiveObjects: 0.219130 ms CreateObjectMapping: 0.056450 ms MarkObjects: 2.119454 ms  DeleteObjects: 0.021554 ms)

========================================================================
Received Prepare
Default GameObject BitMask: Water already registered
0x00007ff77a328c8c (Unity) StackWalker::GetCurrentCallstack
0x00007ff77a331069 (Unity) StackWalker::ShowCallstack
0x00007ff77b80564c (Unity) GetStacktrace
0x00007ff77c8c4803 (Unity) DebugStringToFile
0x00007ff77931f9e1 (Unity) TagManager::RegisterLayer
0x00007ff7793117f4 (Unity) TagManager::Transfer<YAMLRead>
0x00007ff77932b11a (Unity) TagManager::VirtualRedirectTransfer
0x00007ff77a28314d (Unity) SerializedFile::ReadObject
0x00007ff77a247da4 (Unity) PersistentManager::ReloadFromDisk
0x00007ff77b93ce36 (Unity) ReloadSerializedSingletons
0x00007ff77b937e9a (Unity) <lambda_7a4e346ad56c093be607e8c3dc54f69c>::operator()
0x00007ff77ba020d2 (Unity) asio::detail::completion_handler<core::mutable_function<void __cdecl(void)> >::do_complete
0x00007ff77ba04230 (Unity) asio::detail::win_iocp_io_service::do_one
0x00007ff77ba079be (Unity) asio::io_service::run
0x00007ff77b97dd50 (Unity) RunAssetImportWorkerClientV2
0x00007ff77b97dda0 (Unity) RunAssetImporterV2
0x00007ff77ae9d73b (Unity) Application::InitializeProject
0x00007ff77b812be2 (Unity) WinMain
0x00007ff77d658fc6 (Unity) __scrt_common_main_seh
0x00007ffddc7c13d2 (KERNEL32) BaseThreadInitThunk
0x00007ffddcb354f4 (ntdll) RtlUserThreadStart

Registering precompiled user dll's ...
Registered in 0.000966 seconds.
Begin MonoManager ReloadAssembly
Native extension for WindowsStandalone target not found
Native extension for WebGL target not found
Refreshing native plugins compatible for Editor in 0.32 ms, found 0 plugins.
Preloading 0 native plugins for Editor in 0.00 ms.
Invoked RoslynAnalysisRunner static constructor.
RoslynAnalysisRunner will not be running.
RoslynAnalysisRunner has terminated.
Mono: successfully reloaded assembly
- Completed reload, in  1.403 seconds
Platform modules already initialized, skipping
Refreshing native plugins compatible for Editor in 18.71 ms, found 0 plugins.
Preloading 0 native plugins for Editor in 0.00 ms.
Unloading 1132 Unused Serialized files (Serialized files now loaded: 0)
System memory in use before: 62.4 MB.
System memory in use after: 62.5 MB.

Unloading 4 unused Assets to reduce memory usage. Loaded Objects now: 1663.
Total: 2.367836 ms (FindLiveObjects: 0.213998 ms CreateObjectMapping: 0.061582 ms MarkObjects: 2.069675 ms  DeleteObjects: 0.020527 ms)

========================================================================
Received Import Request.
  Time since last request: 2332.217124 seconds.
  path: Assets/Resources/Sounds/water-i.wav
  artifactKey: Guid(e14e392e8ef50df45a4a589e9f6f885e) Importer(815301076,1909f56bfc062723c751e8b465ee728b)
Start importing Assets/Resources/Sounds/water-i.wav using Guid(e14e392e8ef50df45a4a589e9f6f885e) Importer(815301076,1909f56bfc062723c751e8b465ee728b)  -> (artifact id: '314628c4734cb47528a346b85158959f') in 0.086515 seconds
  Import took 0.090321 seconds .

========================================================================
Received Prepare
Default GameObject BitMask: Water already registered
0x00007ff77a328c8c (Unity) StackWalker::GetCurrentCallstack
0x00007ff77a331069 (Unity) StackWalker::ShowCallstack
0x00007ff77b80564c (Unity) GetStacktrace
0x00007ff77c8c4803 (Unity) DebugStringToFile
0x00007ff77931f9e1 (Unity) TagManager::RegisterLayer
0x00007ff7793117f4 (Unity) TagManager::Transfer<YAMLRead>
0x00007ff77932b11a (Unity) TagManager::VirtualRedirectTransfer
0x00007ff77a28314d (Unity) SerializedFile::ReadObject
0x00007ff77a247da4 (Unity) PersistentManager::ReloadFromDisk
0x00007ff77b93ce36 (Unity) ReloadSerializedSingletons
0x00007ff77b937e9a (Unity) <lambda_7a4e346ad56c093be607e8c3dc54f69c>::operator()
0x00007ff77ba020d2 (Unity) asio::detail::completion_handler<core::mutable_function<void __cdecl(void)> >::do_complete
0x00007ff77ba04230 (Unity) asio::detail::win_iocp_io_service::do_one
0x00007ff77ba079be (Unity) asio::io_service::run
0x00007ff77b97dd50 (Unity) RunAssetImportWorkerClientV2
0x00007ff77b97dda0 (Unity) RunAssetImporterV2
0x00007ff77ae9d73b (Unity) Application::InitializeProject
0x00007ff77b812be2 (Unity) WinMain
0x00007ff77d658fc6 (Unity) __scrt_common_main_seh
0x00007ffddc7c13d2 (KERNEL32) BaseThreadInitThunk
0x00007ffddcb354f4 (ntdll) RtlUserThreadStart

Registering precompiled user dll's ...
Registered in 0.000968 seconds.
Begin MonoManager ReloadAssembly
Native extension for WindowsStandalone target not found
Native extension for WebGL target not found
Refreshing native plugins compatible for Editor in 0.31 ms, found 0 plugins.
Preloading 0 native plugins for Editor in 0.00 ms.
Invoked RoslynAnalysisRunner static constructor.
RoslynAnalysisRunner will not be running.
RoslynAnalysisRunner has terminated.
Mono: successfully reloaded assembly
- Completed reload, in  1.411 seconds
Platform modules already initialized, skipping
Refreshing native plugins compatible for Editor in 0.51 ms, found 0 plugins.
Preloading 0 native plugins for Editor in 0.00 ms.
Unloading 1132 Unused Serialized files (Serialized files now loaded: 0)
System memory in use before: 62.6 MB.
System memory in use after: 62.7 MB.

Unloading 4 unused Assets to reduce memory usage. Loaded Objects now: 1669.
Total: 2.707051 ms (FindLiveObjects: 0.322280 ms CreateObjectMapping: 0.111361 ms MarkObjects: 2.246211 ms  DeleteObjects: 0.024633 ms)

========================================================================
Received Prepare
Default GameObject BitMask: Water already registered
0x00007ff77a328c8c (Unity) StackWalker::GetCurrentCallstack
0x00007ff77a331069 (Unity) StackWalker::ShowCallstack
0x00007ff77b80564c (Unity) GetStacktrace
0x00007ff77c8c4803 (Unity) DebugStringToFile
0x00007ff77931f9e1 (Unity) TagManager::RegisterLayer
0x00007ff7793117f4 (Unity) TagManager::Transfer<YAMLRead>
0x00007ff77932b11a (Unity) TagManager::VirtualRedirectTransfer
0x00007ff77a28314d (Unity) SerializedFile::ReadObject
0x00007ff77a247da4 (Unity) PersistentManager::ReloadFromDisk
0x00007ff77b93ce36 (Unity) ReloadSerializedSingletons
0x00007ff77b937e9a (Unity) <lambda_7a4e346ad56c093be607e8c3dc54f69c>::operator()
0x00007ff77ba020d2 (Unity) asio::detail::completion_handler<core::mutable_function<void __cdecl(void)> >::do_complete
0x00007ff77ba04230 (Unity) asio::detail::win_iocp_io_service::do_one
0x00007ff77ba079be (Unity) asio::io_service::run
0x00007ff77b97dd50 (Unity) RunAssetImportWorkerClientV2
0x00007ff77b97dda0 (Unity) RunAssetImporterV2
0x00007ff77ae9d73b (Unity) Application::InitializeProject
0x00007ff77b812be2 (Unity) WinMain
0x00007ff77d658fc6 (Unity) __scrt_common_main_seh
0x00007ffddc7c13d2 (KERNEL32) BaseThreadInitThunk
0x00007ffddcb354f4 (ntdll) RtlUserThreadStart

Registering precompiled user dll's ...
Registered in 0.000660 seconds.
Begin MonoManager ReloadAssembly
Native extension for WindowsStandalone target not found
Native extension for WebGL target not found
Refreshing native plugins compatible for Editor in 0.39 ms, found 0 plugins.
Preloading 0 native plugins for Editor in 0.00 ms.
Invoked RoslynAnalysisRunner static constructor.
RoslynAnalysisRunner will not be running.
RoslynAnalysisRunner has terminated.
Mono: successfully reloaded assembly
- Completed reload, in  2.047 seconds
Platform modules already initialized, skipping
Refreshing native plugins compatible for Editor in 1.56 ms, found 0 plugins.
Preloading 0 native plugins for Editor in 0.00 ms.
Unloading 1132 Unused Serialized files (Serialized files now loaded: 0)
System memory in use before: 62.7 MB.
System memory in use after: 62.8 MB.

Unloading 4 unused Assets to reduce memory usage. Loaded Objects now: 1672.
Total: 2.597229 ms (FindLiveObjects: 0.209893 ms CreateObjectMapping: 0.054398 ms MarkObjects: 2.310359 ms  DeleteObjects: 0.020527 ms)

========================================================================
Received Prepare
Default GameObject BitMask: Water already registered
0x00007ff77a328c8c (Unity) StackWalker::GetCurrentCallstack
0x00007ff77a331069 (Unity) StackWalker::ShowCallstack
0x00007ff77b80564c (Unity) GetStacktrace
0x00007ff77c8c4803 (Unity) DebugStringToFile
0x00007ff77931f9e1 (Unity) TagManager::RegisterLayer
0x00007ff7793117f4 (Unity) TagManager::Transfer<YAMLRead>
0x00007ff77932b11a (Unity) TagManager::VirtualRedirectTransfer
0x00007ff77a28314d (Unity) SerializedFile::ReadObject
0x00007ff77a247da4 (Unity) PersistentManager::ReloadFromDisk
0x00007ff77b93ce36 (Unity) ReloadSerializedSingletons
0x00007ff77b937e9a (Unity) <lambda_7a4e346ad56c093be607e8c3dc54f69c>::operator()
0x00007ff77ba020d2 (Unity) asio::detail::completion_handler<core::mutable_function<void __cdecl(void)> >::do_complete
0x00007ff77ba04230 (Unity) asio::detail::win_iocp_io_service::do_one
0x00007ff77ba079be (Unity) asio::io_service::run
0x00007ff77b97dd50 (Unity) RunAssetImportWorkerClientV2
0x00007ff77b97dda0 (Unity) RunAssetImporterV2
0x00007ff77ae9d73b (Unity) Application::InitializeProject
0x00007ff77b812be2 (Unity) WinMain
0x00007ff77d658fc6 (Unity) __scrt_common_main_seh
0x00007ffddc7c13d2 (KERNEL32) BaseThreadInitThunk
0x00007ffddcb354f4 (ntdll) RtlUserThreadStart

Registering precompiled user dll's ...
Registered in 0.000753 seconds.
Begin MonoManager ReloadAssembly
Native extension for WindowsStandalone target not found
Native extension for WebGL target not found
Refreshing native plugins compatible for Editor in 0.33 ms, found 0 plugins.
Preloading 0 native plugins for Editor in 0.00 ms.
Invoked RoslynAnalysisRunner static constructor.
RoslynAnalysisRunner will not be running.
RoslynAnalysisRunner has terminated.
Mono: successfully reloaded assembly
- Completed reload, in  1.970 seconds
Platform modules already initialized, skipping
Refreshing native plugins compatible for Editor in 2.04 ms, found 0 plugins.
Preloading 0 native plugins for Editor in 0.00 ms.
Unloading 1132 Unused Serialized files (Serialized files now loaded: 0)
System memory in use before: 62.8 MB.
System memory in use after: 62.9 MB.

Unloading 4 unused Assets to reduce memory usage. Loaded Objects now: 1675.
Total: 2.513067 ms (FindLiveObjects: 0.211945 ms CreateObjectMapping: 0.055424 ms MarkObjects: 2.222091 ms  DeleteObjects: 0.021554 ms)

========================================================================
Received Prepare
Default GameObject BitMask: Water already registered
0x00007ff77a328c8c (Unity) StackWalker::GetCurrentCallstack
0x00007ff77a331069 (Unity) StackWalker::ShowCallstack
0x00007ff77b80564c (Unity) GetStacktrace
0x00007ff77c8c4803 (Unity) DebugStringToFile
0x00007ff77931f9e1 (Unity) TagManager::RegisterLayer
0x00007ff7793117f4 (Unity) TagManager::Transfer<YAMLRead>
0x00007ff77932b11a (Unity) TagManager::VirtualRedirectTransfer
0x00007ff77a28314d (Unity) SerializedFile::ReadObject
0x00007ff77a247da4 (Unity) PersistentManager::ReloadFromDisk
0x00007ff77b93ce36 (Unity) ReloadSerializedSingletons
0x00007ff77b937e9a (Unity) <lambda_7a4e346ad56c093be607e8c3dc54f69c>::operator()
0x00007ff77ba020d2 (Unity) asio::detail::completion_handler<core::mutable_function<void __cdecl(void)> >::do_complete
0x00007ff77ba04230 (Unity) asio::detail::win_iocp_io_service::do_one
0x00007ff77ba079be (Unity) asio::io_service::run
0x00007ff77b97dd50 (Unity) RunAssetImportWorkerClientV2
0x00007ff77b97dda0 (Unity) RunAssetImporterV2
0x00007ff77ae9d73b (Unity) Application::InitializeProject
0x00007ff77b812be2 (Unity) WinMain
0x00007ff77d658fc6 (Unity) __scrt_common_main_seh
0x00007ffddc7c13d2 (KERNEL32) BaseThreadInitThunk
0x00007ffddcb354f4 (ntdll) RtlUserThreadStart

Registering precompiled user dll's ...
Registered in 0.000631 seconds.
Begin MonoManager ReloadAssembly
Native extension for WindowsStandalone target not found
Native extension for WebGL target not found
Refreshing native plugins compatible for Editor in 0.33 ms, found 0 plugins.
Preloading 0 native plugins for Editor in 0.00 ms.
Invoked RoslynAnalysisRunner static constructor.
RoslynAnalysisRunner will not be running.
RoslynAnalysisRunner has terminated.
Mono: successfully reloaded assembly
- Completed reload, in  1.462 seconds
Platform modules already initialized, skipping
Refreshing native plugins compatible for Editor in 0.51 ms, found 0 plugins.
Preloading 0 native plugins for Editor in 0.00 ms.
Unloading 1132 Unused Serialized files (Serialized files now loaded: 0)
System memory in use before: 62.9 MB.
System memory in use after: 63.0 MB.

Unloading 4 unused Assets to reduce memory usage. Loaded Objects now: 1678.
Total: 2.321649 ms (FindLiveObjects: 0.207840 ms CreateObjectMapping: 0.056450 ms MarkObjects: 2.035292 ms  DeleteObjects: 0.020014 ms)

========================================================================
Received Prepare
Default GameObject BitMask: Water already registered
0x00007ff77a328c8c (Unity) StackWalker::GetCurrentCallstack
0x00007ff77a331069 (Unity) StackWalker::ShowCallstack
0x00007ff77b80564c (Unity) GetStacktrace
0x00007ff77c8c4803 (Unity) DebugStringToFile
0x00007ff77931f9e1 (Unity) TagManager::RegisterLayer
0x00007ff7793117f4 (Unity) TagManager::Transfer<YAMLRead>
0x00007ff77932b11a (Unity) TagManager::VirtualRedirectTransfer
0x00007ff77a28314d (Unity) SerializedFile::ReadObject
0x00007ff77a247da4 (Unity) PersistentManager::ReloadFromDisk
0x00007ff77b93ce36 (Unity) ReloadSerializedSingletons
0x00007ff77b937e9a (Unity) <lambda_7a4e346ad56c093be607e8c3dc54f69c>::operator()
0x00007ff77ba020d2 (Unity) asio::detail::completion_handler<core::mutable_function<void __cdecl(void)> >::do_complete
0x00007ff77ba04230 (Unity) asio::detail::win_iocp_io_service::do_one
0x00007ff77ba079be (Unity) asio::io_service::run
0x00007ff77b97dd50 (Unity) RunAssetImportWorkerClientV2
0x00007ff77b97dda0 (Unity) RunAssetImporterV2
0x00007ff77ae9d73b (Unity) Application::InitializeProject
0x00007ff77b812be2 (Unity) WinMain
0x00007ff77d658fc6 (Unity) __scrt_common_main_seh
0x00007ffddc7c13d2 (KERNEL32) BaseThreadInitThunk
0x00007ffddcb354f4 (ntdll) RtlUserThreadStart

Registering precompiled user dll's ...
Registered in 0.000675 seconds.
Begin MonoManager ReloadAssembly
Native extension for WindowsStandalone target not found
Native extension for WebGL target not found
Refreshing native plugins compatible for Editor in 0.34 ms, found 0 plugins.
Preloading 0 native plugins for Editor in 0.00 ms.
Invoked RoslynAnalysisRunner static constructor.
RoslynAnalysisRunner will not be running.
RoslynAnalysisRunner has terminated.
Mono: successfully reloaded assembly
- Completed reload, in  1.486 seconds
Platform modules already initialized, skipping
Refreshing native plugins compatible for Editor in 0.50 ms, found 0 plugins.
Preloading 0 native plugins for Editor in 0.00 ms.
Unloading 1132 Unused Serialized files (Serialized files now loaded: 0)
System memory in use before: 63.0 MB.
System memory in use after: 63.1 MB.

Unloading 4 unused Assets to reduce memory usage. Loaded Objects now: 1681.
Total: 6.546188 ms (FindLiveObjects: 1.148508 ms CreateObjectMapping: 0.316122 ms MarkObjects: 5.045122 ms  DeleteObjects: 0.030278 ms)

========================================================================
Received Prepare
Default GameObject BitMask: Water already registered
0x00007ff77a328c8c (Unity) StackWalker::GetCurrentCallstack
0x00007ff77a331069 (Unity) StackWalker::ShowCallstack
0x00007ff77b80564c (Unity) GetStacktrace
0x00007ff77c8c4803 (Unity) DebugStringToFile
0x00007ff77931f9e1 (Unity) TagManager::RegisterLayer
0x00007ff7793117f4 (Unity) TagManager::Transfer<YAMLRead>
0x00007ff77932b11a (Unity) TagManager::VirtualRedirectTransfer
0x00007ff77a28314d (Unity) SerializedFile::ReadObject
0x00007ff77a247da4 (Unity) PersistentManager::ReloadFromDisk
0x00007ff77b93ce36 (Unity) ReloadSerializedSingletons
0x00007ff77b937e9a (Unity) <lambda_7a4e346ad56c093be607e8c3dc54f69c>::operator()
0x00007ff77ba020d2 (Unity) asio::detail::completion_handler<core::mutable_function<void __cdecl(void)> >::do_complete
0x00007ff77ba04230 (Unity) asio::detail::win_iocp_io_service::do_one
0x00007ff77ba079be (Unity) asio::io_service::run
0x00007ff77b97dd50 (Unity) RunAssetImportWorkerClientV2
0x00007ff77b97dda0 (Unity) RunAssetImporterV2
0x00007ff77ae9d73b (Unity) Application::InitializeProject
0x00007ff77b812be2 (Unity) WinMain
0x00007ff77d658fc6 (Unity) __scrt_common_main_seh
0x00007ffddc7c13d2 (KERNEL32) BaseThreadInitThunk
0x00007ffddcb354f4 (ntdll) RtlUserThreadStart

Registering precompiled user dll's ...
Registered in 0.000644 seconds.
Begin MonoManager ReloadAssembly
Native extension for WindowsStandalone target not found
Native extension for WebGL target not found
Refreshing native plugins compatible for Editor in 0.46 ms, found 0 plugins.
Preloading 0 native plugins for Editor in 0.00 ms.
Invoked RoslynAnalysisRunner static constructor.
RoslynAnalysisRunner will not be running.
RoslynAnalysisRunner has terminated.
Mono: successfully reloaded assembly
- Completed reload, in  1.411 seconds
Platform modules already initialized, skipping
Refreshing native plugins compatible for Editor in 1.03 ms, found 0 plugins.
Preloading 0 native plugins for Editor in 0.00 ms.
Unloading 1132 Unused Serialized files (Serialized files now loaded: 0)
System memory in use before: 63.1 MB.
System memory in use after: 63.2 MB.

Unloading 4 unused Assets to reduce memory usage. Loaded Objects now: 1684.
Total: 2.319596 ms (FindLiveObjects: 0.208353 ms CreateObjectMapping: 0.056964 ms MarkObjects: 2.032213 ms  DeleteObjects: 0.020527 ms)

========================================================================
Received Prepare
Default GameObject BitMask: Water already registered
0x00007ff77a328c8c (Unity) StackWalker::GetCurrentCallstack
0x00007ff77a331069 (Unity) StackWalker::ShowCallstack
0x00007ff77b80564c (Unity) GetStacktrace
0x00007ff77c8c4803 (Unity) DebugStringToFile
0x00007ff77931f9e1 (Unity) TagManager::RegisterLayer
0x00007ff7793117f4 (Unity) TagManager::Transfer<YAMLRead>
0x00007ff77932b11a (Unity) TagManager::VirtualRedirectTransfer
0x00007ff77a28314d (Unity) SerializedFile::ReadObject
0x00007ff77a247da4 (Unity) PersistentManager::ReloadFromDisk
0x00007ff77b93ce36 (Unity) ReloadSerializedSingletons
0x00007ff77b937e9a (Unity) <lambda_7a4e346ad56c093be607e8c3dc54f69c>::operator()
0x00007ff77ba020d2 (Unity) asio::detail::completion_handler<core::mutable_function<void __cdecl(void)> >::do_complete
0x00007ff77ba04230 (Unity) asio::detail::win_iocp_io_service::do_one
0x00007ff77ba079be (Unity) asio::io_service::run
0x00007ff77b97dd50 (Unity) RunAssetImportWorkerClientV2
0x00007ff77b97dda0 (Unity) RunAssetImporterV2
0x00007ff77ae9d73b (Unity) Application::InitializeProject
0x00007ff77b812be2 (Unity) WinMain
0x00007ff77d658fc6 (Unity) __scrt_common_main_seh
0x00007ffddc7c13d2 (KERNEL32) BaseThreadInitThunk
0x00007ffddcb354f4 (ntdll) RtlUserThreadStart

Registering precompiled user dll's ...
Registered in 0.000625 seconds.
Begin MonoManager ReloadAssembly
Native extension for WindowsStandalone target not found
Native extension for WebGL target not found
Refreshing native plugins compatible for Editor in 0.32 ms, found 0 plugins.
Preloading 0 native plugins for Editor in 0.00 ms.
Invoked RoslynAnalysisRunner static constructor.
RoslynAnalysisRunner will not be running.
RoslynAnalysisRunner has terminated.
Mono: successfully reloaded assembly
- Completed reload, in  1.385 seconds
Platform modules already initialized, skipping
Refreshing native plugins compatible for Editor in 1.55 ms, found 0 plugins.
Preloading 0 native plugins for Editor in 0.00 ms.
Unloading 1132 Unused Serialized files (Serialized files now loaded: 0)
System memory in use before: 63.1 MB.
System memory in use after: 63.2 MB.

Unloading 4 unused Assets to reduce memory usage. Loaded Objects now: 1687.
Total: 2.432497 ms (FindLiveObjects: 0.188339 ms CreateObjectMapping: 0.057477 ms MarkObjects: 2.162562 ms  DeleteObjects: 0.022580 ms)

========================================================================
Received Prepare
Default GameObject BitMask: Water already registered
0x00007ff77a328c8c (Unity) StackWalker::GetCurrentCallstack
0x00007ff77a331069 (Unity) StackWalker::ShowCallstack
0x00007ff77b80564c (Unity) GetStacktrace
0x00007ff77c8c4803 (Unity) DebugStringToFile
0x00007ff77931f9e1 (Unity) TagManager::RegisterLayer
0x00007ff7793117f4 (Unity) TagManager::Transfer<YAMLRead>
0x00007ff77932b11a (Unity) TagManager::VirtualRedirectTransfer
0x00007ff77a28314d (Unity) SerializedFile::ReadObject
0x00007ff77a247da4 (Unity) PersistentManager::ReloadFromDisk
0x00007ff77b93ce36 (Unity) ReloadSerializedSingletons
0x00007ff77b937e9a (Unity) <lambda_7a4e346ad56c093be607e8c3dc54f69c>::operator()
0x00007ff77ba020d2 (Unity) asio::detail::completion_handler<core::mutable_function<void __cdecl(void)> >::do_complete
0x00007ff77ba04230 (Unity) asio::detail::win_iocp_io_service::do_one
0x00007ff77ba079be (Unity) asio::io_service::run
0x00007ff77b97dd50 (Unity) RunAssetImportWorkerClientV2
0x00007ff77b97dda0 (Unity) RunAssetImporterV2
0x00007ff77ae9d73b (Unity) Application::InitializeProject
0x00007ff77b812be2 (Unity) WinMain
0x00007ff77d658fc6 (Unity) __scrt_common_main_seh
0x00007ffddc7c13d2 (KERNEL32) BaseThreadInitThunk
0x00007ffddcb354f4 (ntdll) RtlUserThreadStart

Registering precompiled user dll's ...
Registered in 0.000634 seconds.
Begin MonoManager ReloadAssembly
Native extension for WindowsStandalone target not found
Native extension for WebGL target not found
Refreshing native plugins compatible for Editor in 0.31 ms, found 0 plugins.
Preloading 0 native plugins for Editor in 0.00 ms.
Invoked RoslynAnalysisRunner static constructor.
RoslynAnalysisRunner will not be running.
RoslynAnalysisRunner has terminated.
Mono: successfully reloaded assembly
- Completed reload, in  1.397 seconds
Platform modules already initialized, skipping
Refreshing native plugins compatible for Editor in 0.54 ms, found 0 plugins.
Preloading 0 native plugins for Editor in 0.00 ms.
Unloading 1132 Unused Serialized files (Serialized files now loaded: 0)
System memory in use before: 62.3 MB.
System memory in use after: 62.4 MB.

Unloading 4 unused Assets to reduce memory usage. Loaded Objects now: 1690.
Total: 3.583058 ms (FindLiveObjects: 0.280712 ms CreateObjectMapping: 0.086728 ms MarkObjects: 3.186366 ms  DeleteObjects: 0.024633 ms)

========================================================================
Received Prepare
Default GameObject BitMask: Water already registered
0x00007ff77a328c8c (Unity) StackWalker::GetCurrentCallstack
0x00007ff77a331069 (Unity) StackWalker::ShowCallstack
0x00007ff77b80564c (Unity) GetStacktrace
0x00007ff77c8c4803 (Unity) DebugStringToFile
0x00007ff77931f9e1 (Unity) TagManager::RegisterLayer
0x00007ff7793117f4 (Unity) TagManager::Transfer<YAMLRead>
0x00007ff77932b11a (Unity) TagManager::VirtualRedirectTransfer
0x00007ff77a28314d (Unity) SerializedFile::ReadObject
0x00007ff77a247da4 (Unity) PersistentManager::ReloadFromDisk
0x00007ff77b93ce36 (Unity) ReloadSerializedSingletons
0x00007ff77b937e9a (Unity) <lambda_7a4e346ad56c093be607e8c3dc54f69c>::operator()
0x00007ff77ba020d2 (Unity) asio::detail::completion_handler<core::mutable_function<void __cdecl(void)> >::do_complete
0x00007ff77ba04230 (Unity) asio::detail::win_iocp_io_service::do_one
0x00007ff77ba079be (Unity) asio::io_service::run
0x00007ff77b97dd50 (Unity) RunAssetImportWorkerClientV2
0x00007ff77b97dda0 (Unity) RunAssetImporterV2
0x00007ff77ae9d73b (Unity) Application::InitializeProject
0x00007ff77b812be2 (Unity) WinMain
0x00007ff77d658fc6 (Unity) __scrt_common_main_seh
0x00007ffddc7c13d2 (KERNEL32) BaseThreadInitThunk
0x00007ffddcb354f4 (ntdll) RtlUserThreadStart

Registering precompiled user dll's ...
Registered in 0.000766 seconds.
Begin MonoManager ReloadAssembly
Native extension for WindowsStandalone target not found
Native extension for WebGL target not found
Refreshing native plugins compatible for Editor in 0.31 ms, found 0 plugins.
Preloading 0 native plugins for Editor in 0.00 ms.
Invoked RoslynAnalysisRunner static constructor.
RoslynAnalysisRunner will not be running.
RoslynAnalysisRunner has terminated.
Mono: successfully reloaded assembly
- Completed reload, in  1.334 seconds
Platform modules already initialized, skipping
Refreshing native plugins compatible for Editor in 0.54 ms, found 0 plugins.
Preloading 0 native plugins for Editor in 0.00 ms.
Unloading 1132 Unused Serialized files (Serialized files now loaded: 0)
System memory in use before: 62.4 MB.
System memory in use after: 62.5 MB.

Unloading 4 unused Assets to reduce memory usage. Loaded Objects now: 1693.
Total: 3.443471 ms (FindLiveObjects: 0.367440 ms CreateObjectMapping: 0.149850 ms MarkObjects: 2.897956 ms  DeleteObjects: 0.025659 ms)

========================================================================
Received Prepare
Default GameObject BitMask: Water already registered
0x00007ff77a328c8c (Unity) StackWalker::GetCurrentCallstack
0x00007ff77a331069 (Unity) StackWalker::ShowCallstack
0x00007ff77b80564c (Unity) GetStacktrace
0x00007ff77c8c4803 (Unity) DebugStringToFile
0x00007ff77931f9e1 (Unity) TagManager::RegisterLayer
0x00007ff7793117f4 (Unity) TagManager::Transfer<YAMLRead>
0x00007ff77932b11a (Unity) TagManager::VirtualRedirectTransfer
0x00007ff77a28314d (Unity) SerializedFile::ReadObject
0x00007ff77a247da4 (Unity) PersistentManager::ReloadFromDisk
0x00007ff77b93ce36 (Unity) ReloadSerializedSingletons
0x00007ff77b937e9a (Unity) <lambda_7a4e346ad56c093be607e8c3dc54f69c>::operator()
0x00007ff77ba020d2 (Unity) asio::detail::completion_handler<core::mutable_function<void __cdecl(void)> >::do_complete
0x00007ff77ba04230 (Unity) asio::detail::win_iocp_io_service::do_one
0x00007ff77ba079be (Unity) asio::io_service::run
0x00007ff77b97dd50 (Unity) RunAssetImportWorkerClientV2
0x00007ff77b97dda0 (Unity) RunAssetImporterV2
0x00007ff77ae9d73b (Unity) Application::InitializeProject
0x00007ff77b812be2 (Unity) WinMain
0x00007ff77d658fc6 (Unity) __scrt_common_main_seh
0x00007ffddc7c13d2 (KERNEL32) BaseThreadInitThunk
0x00007ffddcb354f4 (ntdll) RtlUserThreadStart

Registering precompiled user dll's ...
Registered in 0.000700 seconds.
Begin MonoManager ReloadAssembly
Native extension for WindowsStandalone target not found
Native extension for WebGL target not found
Refreshing native plugins compatible for Editor in 0.32 ms, found 0 plugins.
Preloading 0 native plugins for Editor in 0.00 ms.
Invoked RoslynAnalysisRunner static constructor.
RoslynAnalysisRunner will not be running.
RoslynAnalysisRunner has terminated.
Mono: successfully reloaded assembly
- Completed reload, in  1.382 seconds
Platform modules already initialized, skipping
Refreshing native plugins compatible for Editor in 0.50 ms, found 0 plugins.
Preloading 0 native plugins for Editor in 0.00 ms.
Unloading 1132 Unused Serialized files (Serialized files now loaded: 0)
System memory in use before: 62.5 MB.
System memory in use after: 62.6 MB.

Unloading 4 unused Assets to reduce memory usage. Loaded Objects now: 1696.
Total: 2.591071 ms (FindLiveObjects: 0.193471 ms CreateObjectMapping: 0.057477 ms MarkObjects: 2.313438 ms  DeleteObjects: 0.024633 ms)

========================================================================
Received Prepare
Default GameObject BitMask: Water already registered
0x00007ff77a328c8c (Unity) StackWalker::GetCurrentCallstack
0x00007ff77a331069 (Unity) StackWalker::ShowCallstack
0x00007ff77b80564c (Unity) GetStacktrace
0x00007ff77c8c4803 (Unity) DebugStringToFile
0x00007ff77931f9e1 (Unity) TagManager::RegisterLayer
0x00007ff7793117f4 (Unity) TagManager::Transfer<YAMLRead>
0x00007ff77932b11a (Unity) TagManager::VirtualRedirectTransfer
0x00007ff77a28314d (Unity) SerializedFile::ReadObject
0x00007ff77a247da4 (Unity) PersistentManager::ReloadFromDisk
0x00007ff77b93ce36 (Unity) ReloadSerializedSingletons
0x00007ff77b937e9a (Unity) <lambda_7a4e346ad56c093be607e8c3dc54f69c>::operator()
0x00007ff77ba020d2 (Unity) asio::detail::completion_handler<core::mutable_function<void __cdecl(void)> >::do_complete
0x00007ff77ba04230 (Unity) asio::detail::win_iocp_io_service::do_one
0x00007ff77ba079be (Unity) asio::io_service::run
0x00007ff77b97dd50 (Unity) RunAssetImportWorkerClientV2
0x00007ff77b97dda0 (Unity) RunAssetImporterV2
0x00007ff77ae9d73b (Unity) Application::InitializeProject
0x00007ff77b812be2 (Unity) WinMain
0x00007ff77d658fc6 (Unity) __scrt_common_main_seh
0x00007ffddc7c13d2 (KERNEL32) BaseThreadInitThunk
0x00007ffddcb354f4 (ntdll) RtlUserThreadStart

Registering precompiled user dll's ...
Registered in 0.000673 seconds.
Begin MonoManager ReloadAssembly
Native extension for WindowsStandalone target not found
Native extension for WebGL target not found
Refreshing native plugins compatible for Editor in 0.33 ms, found 0 plugins.
Preloading 0 native plugins for Editor in 0.00 ms.
Invoked RoslynAnalysisRunner static constructor.
RoslynAnalysisRunner will not be running.
RoslynAnalysisRunner has terminated.
Mono: successfully reloaded assembly
- Completed reload, in  1.892 seconds
Platform modules already initialized, skipping
Refreshing native plugins compatible for Editor in 13.92 ms, found 0 plugins.
Preloading 0 native plugins for Editor in 0.00 ms.
Unloading 1132 Unused Serialized files (Serialized files now loaded: 0)
System memory in use before: 62.6 MB.
System memory in use after: 62.7 MB.

Unloading 4 unused Assets to reduce memory usage. Loaded Objects now: 1699.
Total: 3.581005 ms (FindLiveObjects: 0.645074 ms CreateObjectMapping: 0.135481 ms MarkObjects: 2.770686 ms  DeleteObjects: 0.022580 ms)

========================================================================
Received Prepare
Default GameObject BitMask: Water already registered
0x00007ff77a328c8c (Unity) StackWalker::GetCurrentCallstack
0x00007ff77a331069 (Unity) StackWalker::ShowCallstack
0x00007ff77b80564c (Unity) GetStacktrace
0x00007ff77c8c4803 (Unity) DebugStringToFile
0x00007ff77931f9e1 (Unity) TagManager::RegisterLayer
0x00007ff7793117f4 (Unity) TagManager::Transfer<YAMLRead>
0x00007ff77932b11a (Unity) TagManager::VirtualRedirectTransfer
0x00007ff77a28314d (Unity) SerializedFile::ReadObject
0x00007ff77a247da4 (Unity) PersistentManager::ReloadFromDisk
0x00007ff77b93ce36 (Unity) ReloadSerializedSingletons
0x00007ff77b937e9a (Unity) <lambda_7a4e346ad56c093be607e8c3dc54f69c>::operator()
0x00007ff77ba020d2 (Unity) asio::detail::completion_handler<core::mutable_function<void __cdecl(void)> >::do_complete
0x00007ff77ba04230 (Unity) asio::detail::win_iocp_io_service::do_one
0x00007ff77ba079be (Unity) asio::io_service::run
0x00007ff77b97dd50 (Unity) RunAssetImportWorkerClientV2
0x00007ff77b97dda0 (Unity) RunAssetImporterV2
0x00007ff77ae9d73b (Unity) Application::InitializeProject
0x00007ff77b812be2 (Unity) WinMain
0x00007ff77d658fc6 (Unity) __scrt_common_main_seh
0x00007ffddc7c13d2 (KERNEL32) BaseThreadInitThunk
0x00007ffddcb354f4 (ntdll) RtlUserThreadStart

Registering precompiled user dll's ...
Registered in 0.000635 seconds.
Begin MonoManager ReloadAssembly
Native extension for WindowsStandalone target not found
Native extension for WebGL target not found
Refreshing native plugins compatible for Editor in 0.31 ms, found 0 plugins.
Preloading 0 native plugins for Editor in 0.00 ms.
Invoked RoslynAnalysisRunner static constructor.
RoslynAnalysisRunner will not be running.
RoslynAnalysisRunner has terminated.
Mono: successfully reloaded assembly
- Completed reload, in  1.336 seconds
Platform modules already initialized, skipping
Refreshing native plugins compatible for Editor in 0.56 ms, found 0 plugins.
Preloading 0 native plugins for Editor in 0.00 ms.
Unloading 1132 Unused Serialized files (Serialized files now loaded: 0)
System memory in use before: 62.7 MB.
System memory in use after: 62.8 MB.

Unloading 4 unused Assets to reduce memory usage. Loaded Objects now: 1702.
Total: 3.883271 ms (FindLiveObjects: 0.401311 ms CreateObjectMapping: 0.098018 ms MarkObjects: 3.352124 ms  DeleteObjects: 0.029252 ms)

========================================================================
Received Prepare
Default GameObject BitMask: Water already registered
0x00007ff77a328c8c (Unity) StackWalker::GetCurrentCallstack
0x00007ff77a331069 (Unity) StackWalker::ShowCallstack
0x00007ff77b80564c (Unity) GetStacktrace
0x00007ff77c8c4803 (Unity) DebugStringToFile
0x00007ff77931f9e1 (Unity) TagManager::RegisterLayer
0x00007ff7793117f4 (Unity) TagManager::Transfer<YAMLRead>
0x00007ff77932b11a (Unity) TagManager::VirtualRedirectTransfer
0x00007ff77a28314d (Unity) SerializedFile::ReadObject
0x00007ff77a247da4 (Unity) PersistentManager::ReloadFromDisk
0x00007ff77b93ce36 (Unity) ReloadSerializedSingletons
0x00007ff77b937e9a (Unity) <lambda_7a4e346ad56c093be607e8c3dc54f69c>::operator()
0x00007ff77ba020d2 (Unity) asio::detail::completion_handler<core::mutable_function<void __cdecl(void)> >::do_complete
0x00007ff77ba04230 (Unity) asio::detail::win_iocp_io_service::do_one
0x00007ff77ba079be (Unity) asio::io_service::run
0x00007ff77b97dd50 (Unity) RunAssetImportWorkerClientV2
0x00007ff77b97dda0 (Unity) RunAssetImporterV2
0x00007ff77ae9d73b (Unity) Application::InitializeProject
0x00007ff77b812be2 (Unity) WinMain
0x00007ff77d658fc6 (Unity) __scrt_common_main_seh
0x00007ffddc7c13d2 (KERNEL32) BaseThreadInitThunk
0x00007ffddcb354f4 (ntdll) RtlUserThreadStart

Registering precompiled user dll's ...
Registered in 0.000642 seconds.
Begin MonoManager ReloadAssembly
Native extension for WindowsStandalone target not found
Native extension for WebGL target not found
Refreshing native plugins compatible for Editor in 0.31 ms, found 0 plugins.
Preloading 0 native plugins for Editor in 0.00 ms.
Invoked RoslynAnalysisRunner static constructor.
RoslynAnalysisRunner will not be running.
RoslynAnalysisRunner has terminated.
Mono: successfully reloaded assembly
- Completed reload, in  1.396 seconds
Platform modules already initialized, skipping
Refreshing native plugins compatible for Editor in 0.50 ms, found 0 plugins.
Preloading 0 native plugins for Editor in 0.00 ms.
Unloading 1132 Unused Serialized files (Serialized files now loaded: 0)
System memory in use before: 62.8 MB.
System memory in use after: 62.9 MB.

Unloading 4 unused Assets to reduce memory usage. Loaded Objects now: 1705.
Total: 2.594663 ms (FindLiveObjects: 0.295081 ms CreateObjectMapping: 0.061069 ms MarkObjects: 2.215420 ms  DeleteObjects: 0.021041 ms)

========================================================================
Received Prepare
Default GameObject BitMask: Water already registered
0x00007ff77a328c8c (Unity) StackWalker::GetCurrentCallstack
0x00007ff77a331069 (Unity) StackWalker::ShowCallstack
0x00007ff77b80564c (Unity) GetStacktrace
0x00007ff77c8c4803 (Unity) DebugStringToFile
0x00007ff77931f9e1 (Unity) TagManager::RegisterLayer
0x00007ff7793117f4 (Unity) TagManager::Transfer<YAMLRead>
0x00007ff77932b11a (Unity) TagManager::VirtualRedirectTransfer
0x00007ff77a28314d (Unity) SerializedFile::ReadObject
0x00007ff77a247da4 (Unity) PersistentManager::ReloadFromDisk
0x00007ff77b93ce36 (Unity) ReloadSerializedSingletons
0x00007ff77b937e9a (Unity) <lambda_7a4e346ad56c093be607e8c3dc54f69c>::operator()
0x00007ff77ba020d2 (Unity) asio::detail::completion_handler<core::mutable_function<void __cdecl(void)> >::do_complete
0x00007ff77ba04230 (Unity) asio::detail::win_iocp_io_service::do_one
0x00007ff77ba079be (Unity) asio::io_service::run
0x00007ff77b97dd50 (Unity) RunAssetImportWorkerClientV2
0x00007ff77b97dda0 (Unity) RunAssetImporterV2
0x00007ff77ae9d73b (Unity) Application::InitializeProject
0x00007ff77b812be2 (Unity) WinMain
0x00007ff77d658fc6 (Unity) __scrt_common_main_seh
0x00007ffddc7c13d2 (KERNEL32) BaseThreadInitThunk
0x00007ffddcb354f4 (ntdll) RtlUserThreadStart

Registering precompiled user dll's ...
Registered in 0.000646 seconds.
Begin MonoManager ReloadAssembly
Native extension for WindowsStandalone target not found
Native extension for WebGL target not found
Refreshing native plugins compatible for Editor in 0.33 ms, found 0 plugins.
Preloading 0 native plugins for Editor in 0.00 ms.
Invoked RoslynAnalysisRunner static constructor.
RoslynAnalysisRunner will not be running.
RoslynAnalysisRunner has terminated.
Mono: successfully reloaded assembly
- Completed reload, in  1.674 seconds
Platform modules already initialized, skipping
Refreshing native plugins compatible for Editor in 15.40 ms, found 0 plugins.
Preloading 0 native plugins for Editor in 0.00 ms.
Unloading 1132 Unused Serialized files (Serialized files now loaded: 0)
System memory in use before: 62.9 MB.
System memory in use after: 63.0 MB.

Unloading 4 unused Assets to reduce memory usage. Loaded Objects now: 1708.
Total: 3.987961 ms (FindLiveObjects: 0.936049 ms CreateObjectMapping: 0.440313 ms MarkObjects: 2.579781 ms  DeleteObjects: 0.025659 ms)

========================================================================
Received Prepare
Default GameObject BitMask: Water already registered
0x00007ff77a328c8c (Unity) StackWalker::GetCurrentCallstack
0x00007ff77a331069 (Unity) StackWalker::ShowCallstack
0x00007ff77b80564c (Unity) GetStacktrace
0x00007ff77c8c4803 (Unity) DebugStringToFile
0x00007ff77931f9e1 (Unity) TagManager::RegisterLayer
0x00007ff7793117f4 (Unity) TagManager::Transfer<YAMLRead>
0x00007ff77932b11a (Unity) TagManager::VirtualRedirectTransfer
0x00007ff77a28314d (Unity) SerializedFile::ReadObject
0x00007ff77a247da4 (Unity) PersistentManager::ReloadFromDisk
0x00007ff77b93ce36 (Unity) ReloadSerializedSingletons
0x00007ff77b937e9a (Unity) <lambda_7a4e346ad56c093be607e8c3dc54f69c>::operator()
0x00007ff77ba020d2 (Unity) asio::detail::completion_handler<core::mutable_function<void __cdecl(void)> >::do_complete
0x00007ff77ba04230 (Unity) asio::detail::win_iocp_io_service::do_one
0x00007ff77ba079be (Unity) asio::io_service::run
0x00007ff77b97dd50 (Unity) RunAssetImportWorkerClientV2
0x00007ff77b97dda0 (Unity) RunAssetImporterV2
0x00007ff77ae9d73b (Unity) Application::InitializeProject
0x00007ff77b812be2 (Unity) WinMain
0x00007ff77d658fc6 (Unity) __scrt_common_main_seh
0x00007ffddc7c13d2 (KERNEL32) BaseThreadInitThunk
0x00007ffddcb354f4 (ntdll) RtlUserThreadStart

Registering precompiled user dll's ...
Registered in 0.000956 seconds.
Begin MonoManager ReloadAssembly
Native extension for WindowsStandalone target not found
Native extension for WebGL target not found
Refreshing native plugins compatible for Editor in 0.32 ms, found 0 plugins.
Preloading 0 native plugins for Editor in 0.00 ms.
Invoked RoslynAnalysisRunner static constructor.
RoslynAnalysisRunner will not be running.
RoslynAnalysisRunner has terminated.
Mono: successfully reloaded assembly
- Completed reload, in  1.477 seconds
Platform modules already initialized, skipping
Refreshing native plugins compatible for Editor in 0.50 ms, found 0 plugins.
Preloading 0 native plugins for Editor in 0.00 ms.
Unloading 1132 Unused Serialized files (Serialized files now loaded: 0)
System memory in use before: 63.0 MB.
System memory in use after: 63.1 MB.

Unloading 4 unused Assets to reduce memory usage. Loaded Objects now: 1711.
Total: 2.608519 ms (FindLiveObjects: 0.254540 ms CreateObjectMapping: 0.087755 ms MarkObjects: 2.243645 ms  DeleteObjects: 0.020014 ms)

========================================================================
Received Prepare
Default GameObject BitMask: Water already registered
0x00007ff77a328c8c (Unity) StackWalker::GetCurrentCallstack
0x00007ff77a331069 (Unity) StackWalker::ShowCallstack
0x00007ff77b80564c (Unity) GetStacktrace
0x00007ff77c8c4803 (Unity) DebugStringToFile
0x00007ff77931f9e1 (Unity) TagManager::RegisterLayer
0x00007ff7793117f4 (Unity) TagManager::Transfer<YAMLRead>
0x00007ff77932b11a (Unity) TagManager::VirtualRedirectTransfer
0x00007ff77a28314d (Unity) SerializedFile::ReadObject
0x00007ff77a247da4 (Unity) PersistentManager::ReloadFromDisk
0x00007ff77b93ce36 (Unity) ReloadSerializedSingletons
0x00007ff77b937e9a (Unity) <lambda_7a4e346ad56c093be607e8c3dc54f69c>::operator()
0x00007ff77ba020d2 (Unity) asio::detail::completion_handler<core::mutable_function<void __cdecl(void)> >::do_complete
0x00007ff77ba04230 (Unity) asio::detail::win_iocp_io_service::do_one
0x00007ff77ba079be (Unity) asio::io_service::run
0x00007ff77b97dd50 (Unity) RunAssetImportWorkerClientV2
0x00007ff77b97dda0 (Unity) RunAssetImporterV2
0x00007ff77ae9d73b (Unity) Application::InitializeProject
0x00007ff77b812be2 (Unity) WinMain
0x00007ff77d658fc6 (Unity) __scrt_common_main_seh
0x00007ffddc7c13d2 (KERNEL32) BaseThreadInitThunk
0x00007ffddcb354f4 (ntdll) RtlUserThreadStart

Registering precompiled user dll's ...
Registered in 0.000639 seconds.
Begin MonoManager ReloadAssembly
Native extension for WindowsStandalone target not found
Native extension for WebGL target not found
Refreshing native plugins compatible for Editor in 0.31 ms, found 0 plugins.
Preloading 0 native plugins for Editor in 0.00 ms.
Invoked RoslynAnalysisRunner static constructor.
RoslynAnalysisRunner will not be running.
RoslynAnalysisRunner has terminated.
Mono: successfully reloaded assembly
- Completed reload, in  1.378 seconds
Platform modules already initialized, skipping
Refreshing native plugins compatible for Editor in 0.52 ms, found 0 plugins.
Preloading 0 native plugins for Editor in 0.00 ms.
Unloading 1132 Unused Serialized files (Serialized files now loaded: 0)
System memory in use before: 63.1 MB.
System memory in use after: 63.2 MB.

Unloading 4 unused Assets to reduce memory usage. Loaded Objects now: 1714.
Total: 2.424286 ms (FindLiveObjects: 0.209893 ms CreateObjectMapping: 0.054911 ms MarkObjects: 2.135876 ms  DeleteObjects: 0.021041 ms)

========================================================================
Received Prepare
Default GameObject BitMask: Water already registered
0x00007ff77a328c8c (Unity) StackWalker::GetCurrentCallstack
0x00007ff77a331069 (Unity) StackWalker::ShowCallstack
0x00007ff77b80564c (Unity) GetStacktrace
0x00007ff77c8c4803 (Unity) DebugStringToFile
0x00007ff77931f9e1 (Unity) TagManager::RegisterLayer
0x00007ff7793117f4 (Unity) TagManager::Transfer<YAMLRead>
0x00007ff77932b11a (Unity) TagManager::VirtualRedirectTransfer
0x00007ff77a28314d (Unity) SerializedFile::ReadObject
0x00007ff77a247da4 (Unity) PersistentManager::ReloadFromDisk
0x00007ff77b93ce36 (Unity) ReloadSerializedSingletons
0x00007ff77b937e9a (Unity) <lambda_7a4e346ad56c093be607e8c3dc54f69c>::operator()
0x00007ff77ba020d2 (Unity) asio::detail::completion_handler<core::mutable_function<void __cdecl(void)> >::do_complete
0x00007ff77ba04230 (Unity) asio::detail::win_iocp_io_service::do_one
0x00007ff77ba079be (Unity) asio::io_service::run
0x00007ff77b97dd50 (Unity) RunAssetImportWorkerClientV2
0x00007ff77b97dda0 (Unity) RunAssetImporterV2
0x00007ff77ae9d73b (Unity) Application::InitializeProject
0x00007ff77b812be2 (Unity) WinMain
0x00007ff77d658fc6 (Unity) __scrt_common_main_seh
0x00007ffddc7c13d2 (KERNEL32) BaseThreadInitThunk
0x00007ffddcb354f4 (ntdll) RtlUserThreadStart

Registering precompiled user dll's ...
Registered in 0.000629 seconds.
Begin MonoManager ReloadAssembly
Native extension for WindowsStandalone target not found
Native extension for WebGL target not found
Refreshing native plugins compatible for Editor in 0.31 ms, found 0 plugins.
Preloading 0 native plugins for Editor in 0.00 ms.
Invoked RoslynAnalysisRunner static constructor.
RoslynAnalysisRunner will not be running.
RoslynAnalysisRunner has terminated.
Mono: successfully reloaded assembly
- Completed reload, in  1.423 seconds
Platform modules already initialized, skipping
Refreshing native plugins compatible for Editor in 0.51 ms, found 0 plugins.
Preloading 0 native plugins for Editor in 0.00 ms.
Unloading 1132 Unused Serialized files (Serialized files now loaded: 0)
System memory in use before: 63.2 MB.
System memory in use after: 63.3 MB.

Unloading 4 unused Assets to reduce memory usage. Loaded Objects now: 1717.
Total: 3.848888 ms (FindLiveObjects: 0.414653 ms CreateObjectMapping: 0.166785 ms MarkObjects: 3.186879 ms  DeleteObjects: 0.074925 ms)

========================================================================
Received Prepare
Default GameObject BitMask: Water already registered
0x00007ff77a328c8c (Unity) StackWalker::GetCurrentCallstack
0x00007ff77a331069 (Unity) StackWalker::ShowCallstack
0x00007ff77b80564c (Unity) GetStacktrace
0x00007ff77c8c4803 (Unity) DebugStringToFile
0x00007ff77931f9e1 (Unity) TagManager::RegisterLayer
0x00007ff7793117f4 (Unity) TagManager::Transfer<YAMLRead>
0x00007ff77932b11a (Unity) TagManager::VirtualRedirectTransfer
0x00007ff77a28314d (Unity) SerializedFile::ReadObject
0x00007ff77a247da4 (Unity) PersistentManager::ReloadFromDisk
0x00007ff77b93ce36 (Unity) ReloadSerializedSingletons
0x00007ff77b937e9a (Unity) <lambda_7a4e346ad56c093be607e8c3dc54f69c>::operator()
0x00007ff77ba020d2 (Unity) asio::detail::completion_handler<core::mutable_function<void __cdecl(void)> >::do_complete
0x00007ff77ba04230 (Unity) asio::detail::win_iocp_io_service::do_one
0x00007ff77ba079be (Unity) asio::io_service::run
0x00007ff77b97dd50 (Unity) RunAssetImportWorkerClientV2
0x00007ff77b97dda0 (Unity) RunAssetImporterV2
0x00007ff77ae9d73b (Unity) Application::InitializeProject
0x00007ff77b812be2 (Unity) WinMain
0x00007ff77d658fc6 (Unity) __scrt_common_main_seh
0x00007ffddc7c13d2 (KERNEL32) BaseThreadInitThunk
0x00007ffddcb354f4 (ntdll) RtlUserThreadStart

Registering precompiled user dll's ...
Registered in 0.000696 seconds.
Begin MonoManager ReloadAssembly
Native extension for WindowsStandalone target not found
Native extension for WebGL target not found
Refreshing native plugins compatible for Editor in 0.49 ms, found 0 plugins.
Preloading 0 native plugins for Editor in 0.00 ms.
Invoked RoslynAnalysisRunner static constructor.
RoslynAnalysisRunner will not be running.
RoslynAnalysisRunner has terminated.
Mono: successfully reloaded assembly
- Completed reload, in  1.383 seconds
Platform modules already initialized, skipping
Refreshing native plugins compatible for Editor in 0.61 ms, found 0 plugins.
Preloading 0 native plugins for Editor in 0.00 ms.
Unloading 1132 Unused Serialized files (Serialized files now loaded: 0)
System memory in use before: 62.3 MB.
System memory in use after: 62.4 MB.

Unloading 4 unused Assets to reduce memory usage. Loaded Objects now: 1720.
Total: 6.400957 ms (FindLiveObjects: 0.307398 ms CreateObjectMapping: 0.096479 ms MarkObjects: 5.962697 ms  DeleteObjects: 0.030791 ms)

========================================================================
Received Import Request.
  Time since last request: 2123.592116 seconds.
  path: Assets/Scenes
  artifactKey: Guid(bbbc74fad6ed1d243aee6102298f428b) Importer(815301076,1909f56bfc062723c751e8b465ee728b)
Start importing Assets/Scenes using Guid(bbbc74fad6ed1d243aee6102298f428b) Importer(815301076,1909f56bfc062723c751e8b465ee728b)  -> (artifact id: 'bfd9a64a71c7da1a95e3fc88b666e179') in 0.009689 seconds
  Import took 0.014438 seconds .

========================================================================
Received Import Request.
  Time since last request: 130.789863 seconds.
  path: Assets/Scenes/level_4.unity
  artifactKey: Guid(5deb879933815ae41a649535c3bc750d) Importer(815301076,1909f56bfc062723c751e8b465ee728b)
Start importing Assets/Scenes/level_4.unity using Guid(5deb879933815ae41a649535c3bc750d) Importer(815301076,1909f56bfc062723c751e8b465ee728b)  -> (artifact id: '02de98b056c61f715579a639056d23e5') in 0.862811 seconds
  Import took 0.866990 seconds .

========================================================================
Received Import Request.
  Time since last request: 9.727870 seconds.
  path: Assets/Scenes/level_4.unity
  artifactKey: Guid(5deb879933815ae41a649535c3bc750d) Importer(815301076,1909f56bfc062723c751e8b465ee728b)
Start importing Assets/Scenes/level_4.unity using Guid(5deb879933815ae41a649535c3bc750d) Importer(815301076,1909f56bfc062723c751e8b465ee728b)  -> (artifact id: '6e52ed0380aa66bc81dc3734e19a1f2f') in 0.006453 seconds
  Import took 0.011255 seconds .

========================================================================
Received Import Request.
  Time since last request: 8.444124 seconds.
  path: Assets/Scenes/level_3.unity
  artifactKey: Guid(c595f3ff1d8d2d14c8bb56d26ac29ddc) Importer(815301076,1909f56bfc062723c751e8b465ee728b)
Start importing Assets/Scenes/level_3.unity using Guid(c595f3ff1d8d2d14c8bb56d26ac29ddc) Importer(815301076,1909f56bfc062723c751e8b465ee728b)  -> (artifact id: '3ad0bbcb995261541c8e2fd35f361057') in 0.005738 seconds
  Import took 0.010282 seconds .

========================================================================
Received Import Request.
  Time since last request: 11.141785 seconds.
  path: Assets/Scenes/level_2.unity
  artifactKey: Guid(2a9c08cbd56b61a498efcdfab677d494) Importer(815301076,1909f56bfc062723c751e8b465ee728b)
Start importing Assets/Scenes/level_2.unity using Guid(2a9c08cbd56b61a498efcdfab677d494) Importer(815301076,1909f56bfc062723c751e8b465ee728b)  -> (artifact id: 'b62afc587a0f2d49376e977e9a681520') in 0.006826 seconds
  Import took 0.010775 seconds .

========================================================================
Received Import Request.
  Time since last request: 23.349059 seconds.
  path: Assets/Scenes/level_1.unity
  artifactKey: Guid(284619b37b8d0c646ba242b8cf99b5b2) Importer(815301076,1909f56bfc062723c751e8b465ee728b)
Start importing Assets/Scenes/level_1.unity using Guid(284619b37b8d0c646ba242b8cf99b5b2) Importer(815301076,1909f56bfc062723c751e8b465ee728b)  -> (artifact id: 'e3521b91e9946db237b4c89b8425c178') in 0.007271 seconds
  Import took 0.012113 seconds .

========================================================================
Received Import Request.
  Time since last request: 8.526315 seconds.
  path: Assets/Scenes/bonus_1.unity
  artifactKey: Guid(3844105b311d529668b780733e8fa6ce) Importer(815301076,1909f56bfc062723c751e8b465ee728b)
Start importing Assets/Scenes/bonus_1.unity using Guid(3844105b311d529668b780733e8fa6ce) Importer(815301076,1909f56bfc062723c751e8b465ee728b)  -> (artifact id: '10197a1acf28437b800c77739a19b486') in 0.006728 seconds
  Import took 0.010616 seconds .

========================================================================
Received Import Request.
  Time since last request: 1.103424 seconds.
  path: Assets/Scenes/level_s.unity
  artifactKey: Guid(897086133ac6e3e409130287d62819f7) Importer(815301076,1909f56bfc062723c751e8b465ee728b)
Start importing Assets/Scenes/level_s.unity using Guid(897086133ac6e3e409130287d62819f7) Importer(815301076,1909f56bfc062723c751e8b465ee728b)  -> (artifact id: '1dc440d9473fbf2ab4612ef70e48e472') in 0.010243 seconds
  Import took 0.014000 seconds .

========================================================================
Received Import Request.
  Time since last request: 1.816730 seconds.
  path: Assets/Scenes/level_debug.unity
  artifactKey: Guid(c593e494ce6fc6d4689a545f6226ca20) Importer(815301076,1909f56bfc062723c751e8b465ee728b)
Start importing Assets/Scenes/level_debug.unity using Guid(c593e494ce6fc6d4689a545f6226ca20) Importer(815301076,1909f56bfc062723c751e8b465ee728b)  -> (artifact id: 'b68729457902b63f0e8a6466e5bc33bc') in 0.007712 seconds
  Import took 0.011662 seconds .

