Using pre-set license
Built from '2020.2/staging' branch; Version is '2020.2.7f1 (c53830e277f1) revision 12924976'; Using compiler version '192528614'; Build Type 'Release'
OS: 'Windows 8.1  (6.3.0) 64bit' Language: 'ru' Physical Memory: 3942 MB
BatchMode: 1, IsHumanControllingUs: 0, StartBugReporterOnCrash: 0, Is64bit: 1, IsPro: 0

 COMMAND LINE ARGUMENTS:
C:\Program Files\Unity\2020.2.7f1\Editor\Unity.exe
-adb2
-batchMode
-noUpm
-name
AssetImportWorker1
-projectPath
C:/Program Files/Unity/Projects/Balloform
-logFile
Logs/AssetImportWorker1.log
-srvPort
5831
Successfully changed project path to: C:/Program Files/Unity/Projects/Balloform
C:/Program Files/Unity/Projects/Balloform
Using Asset Import Pipeline V2.
Default GameObject BitMask: Water already registered

Refreshing native plugins compatible for Editor in 95.91 ms, found 0 plugins.
Preloading 0 native plugins for Editor in 0.00 ms.
Initialize engine version: 2020.2.7f1 (c53830e277f1)
[Subsystems] Discovering subsystems at path C:/Program Files/Unity/2020.2.7f1/Editor/Data/Resources/UnitySubsystems
[Subsystems] Discovering subsystems at path C:/Program Files/Unity/Projects/Balloform/Assets
GfxDevice: creating device client; threaded=0
d3d11: QueryInterface(IDXGIFactory5) failed (80004002).
Direct3D:
    Version:  Direct3D 11.0 [level 11.1]
    Renderer: Intel(R) HD Graphics (ID=0x22b1)
    Vendor:   
    VRAM:     1760 MB
    Driver:   20.19.15.4835
Initialize mono
Mono path[0] = 'C:/Program Files/Unity/2020.2.7f1/Editor/Data/Managed'
Mono path[1] = 'C:/Program Files/Unity/2020.2.7f1/Editor/Data/MonoBleedingEdge/lib/mono/unityjit'
Mono config path = 'C:/Program Files/Unity/2020.2.7f1/Editor/Data/MonoBleedingEdge/etc'
Using monoOptions --debugger-agent=transport=dt_socket,embedding=1,server=y,suspend=n,address=127.0.0.1:56700
Begin MonoManager ReloadAssembly
Registering precompiled unity dll's ...
Register platform support module: C:/Program Files/Unity/2020.2.7f1/Editor/Data/PlaybackEngines/WebGLSupport/UnityEditor.WebGL.Extensions.dll
Register platform support module: C:/Program Files/Unity/2020.2.7f1/Editor/Data/PlaybackEngines/WindowsStandaloneSupport/UnityEditor.WindowsStandalone.Extensions.dll
Registered in 0.006204 seconds.
Native extension for WindowsStandalone target not found
Native extension for WebGL target not found
Refreshing native plugins compatible for Editor in 96.52 ms, found 0 plugins.
Preloading 0 native plugins for Editor in 0.00 ms.
Invoked RoslynAnalysisRunner static constructor.
RoslynAnalysisRunner will not be running.
RoslynAnalysisRunner has terminated.
Mono: successfully reloaded assembly
- Completed reload, in  6.635 seconds
Platform modules already initialized, skipping
Registering precompiled user dll's ...
Registered in 0.002732 seconds.
Begin MonoManager ReloadAssembly
Native extension for WindowsStandalone target not found
Native extension for WebGL target not found
Refreshing native plugins compatible for Editor in 0.69 ms, found 0 plugins.
Preloading 0 native plugins for Editor in 0.00 ms.
Invoked RoslynAnalysisRunner static constructor.
RoslynAnalysisRunner will not be running.
RoslynAnalysisRunner has terminated.
Mono: successfully reloaded assembly
- Completed reload, in  3.154 seconds
Platform modules already initialized, skipping
========================================================================
Worker process is ready to serve import requests
Default GameObject BitMask: Water already registered
0x00007ff6d7df44ec (Unity) StackWalker::GetCurrentCallstack
0x00007ff6d7dfc8c9 (Unity) StackWalker::ShowCallstack
0x00007ff6d92cc75c (Unity) GetStacktrace
0x00007ff6da3b58b3 (Unity) DebugStringToFile
0x00007ff6d6deccb7 (Unity) TagManager::RegisterLayer
0x00007ff6d6ddeb04 (Unity) TagManager::Transfer<YAMLRead>
0x00007ff6d6df81da (Unity) TagManager::VirtualRedirectTransfer
0x00007ff6d7d4dffd (Unity) SerializedFile::ReadObject
0x00007ff6d7d12d33 (Unity) PersistentManager::ReloadFromDisk
0x00007ff6d9405236 (Unity) ReloadSerializedSingletons
0x00007ff6d9401d54 (Unity) core::mutable_function<void __cdecl(void)>::DispatchT<<lambda_49602865df1b2360de2e510115da6397> >::Dispatch
0x00007ff6d94cb812 (Unity) asio::detail::completion_handler<core::mutable_function<void __cdecl(void)> >::do_complete
0x00007ff6d94cd970 (Unity) asio::detail::win_iocp_io_service::do_one
0x00007ff6d94d10d6 (Unity) asio::io_service::run
0x00007ff6d9447220 (Unity) RunAssetImportWorkerClientV2
0x00007ff6d9447270 (Unity) RunAssetImporterV2
0x00007ff6d895faa6 (Unity) Application::InitializeProject
0x00007ff6d92d9d32 (Unity) WinMain
0x00007ff6db149576 (Unity) __scrt_common_main_seh
0x00007ffbbb1813f2 (KERNEL32) BaseThreadInitThunk
0x00007ffbbba254f4 (ntdll) RtlUserThreadStart

Launched and connected shader compiler UnityShaderCompiler.exe after 0.10 seconds
Refreshing native plugins compatible for Editor in 0.73 ms, found 0 plugins.
Preloading 0 native plugins for Editor in 0.00 ms.
Unloading 1139 Unused Serialized files (Serialized files now loaded: 0)
System memory in use before: 57.7 MB.
System memory in use after: 57.8 MB.

Unloading 9 unused Assets to reduce memory usage. Loaded Objects now: 1581.
Total: 6.122448 ms (FindLiveObjects: 0.530578 ms CreateObjectMapping: 0.126724 ms MarkObjects: 5.244338 ms  DeleteObjects: 0.217607 ms)

========================================================================
Received Prepare
Default GameObject BitMask: Water already registered
0x00007ff6d7df44ec (Unity) StackWalker::GetCurrentCallstack
0x00007ff6d7dfc8c9 (Unity) StackWalker::ShowCallstack
0x00007ff6d92cc75c (Unity) GetStacktrace
0x00007ff6da3b58b3 (Unity) DebugStringToFile
0x00007ff6d6deccb7 (Unity) TagManager::RegisterLayer
0x00007ff6d6ddeb04 (Unity) TagManager::Transfer<YAMLRead>
0x00007ff6d6df81da (Unity) TagManager::VirtualRedirectTransfer
0x00007ff6d7d4dffd (Unity) SerializedFile::ReadObject
0x00007ff6d7d12d33 (Unity) PersistentManager::ReloadFromDisk
0x00007ff6d9405236 (Unity) ReloadSerializedSingletons
0x00007ff6d9400226 (Unity) <lambda_79a3ebc38cb5166d44d10a16a21fca24>::operator()
0x00007ff6d94cb812 (Unity) asio::detail::completion_handler<core::mutable_function<void __cdecl(void)> >::do_complete
0x00007ff6d94cd970 (Unity) asio::detail::win_iocp_io_service::do_one
0x00007ff6d94d10fe (Unity) asio::io_service::run
0x00007ff6d9447220 (Unity) RunAssetImportWorkerClientV2
0x00007ff6d9447270 (Unity) RunAssetImporterV2
0x00007ff6d895faa6 (Unity) Application::InitializeProject
0x00007ff6d92d9d32 (Unity) WinMain
0x00007ff6db149576 (Unity) __scrt_common_main_seh
0x00007ffbbb1813f2 (KERNEL32) BaseThreadInitThunk
0x00007ffbbba254f4 (ntdll) RtlUserThreadStart

Registering precompiled user dll's ...
Registered in 0.002216 seconds.
Begin MonoManager ReloadAssembly
Native extension for WindowsStandalone target not found
Native extension for WebGL target not found
Refreshing native plugins compatible for Editor in 0.77 ms, found 0 plugins.
Preloading 0 native plugins for Editor in 0.00 ms.
Invoked RoslynAnalysisRunner static constructor.
RoslynAnalysisRunner will not be running.
RoslynAnalysisRunner has terminated.
Mono: successfully reloaded assembly
- Completed reload, in  3.196 seconds
Platform modules already initialized, skipping
Refreshing native plugins compatible for Editor in 1.04 ms, found 0 plugins.
Preloading 0 native plugins for Editor in 0.00 ms.
Unloading 1133 Unused Serialized files (Serialized files now loaded: 0)
System memory in use before: 57.6 MB.
System memory in use after: 57.7 MB.

Unloading 4 unused Assets to reduce memory usage. Loaded Objects now: 1584.
Total: 6.521181 ms (FindLiveObjects: 0.756506 ms CreateObjectMapping: 0.142085 ms MarkObjects: 5.527227 ms  DeleteObjects: 0.089603 ms)

========================================================================
Received Prepare
Default GameObject BitMask: Water already registered
0x00007ff6d7df44ec (Unity) StackWalker::GetCurrentCallstack
0x00007ff6d7dfc8c9 (Unity) StackWalker::ShowCallstack
0x00007ff6d92cc75c (Unity) GetStacktrace
0x00007ff6da3b58b3 (Unity) DebugStringToFile
0x00007ff6d6deccb7 (Unity) TagManager::RegisterLayer
0x00007ff6d6ddeb04 (Unity) TagManager::Transfer<YAMLRead>
0x00007ff6d6df81da (Unity) TagManager::VirtualRedirectTransfer
0x00007ff6d7d4dffd (Unity) SerializedFile::ReadObject
0x00007ff6d7d12d33 (Unity) PersistentManager::ReloadFromDisk
0x00007ff6d9405236 (Unity) ReloadSerializedSingletons
0x00007ff6d9400226 (Unity) <lambda_79a3ebc38cb5166d44d10a16a21fca24>::operator()
0x00007ff6d94cb812 (Unity) asio::detail::completion_handler<core::mutable_function<void __cdecl(void)> >::do_complete
0x00007ff6d94cd970 (Unity) asio::detail::win_iocp_io_service::do_one
0x00007ff6d94d10fe (Unity) asio::io_service::run
0x00007ff6d9447220 (Unity) RunAssetImportWorkerClientV2
0x00007ff6d9447270 (Unity) RunAssetImporterV2
0x00007ff6d895faa6 (Unity) Application::InitializeProject
0x00007ff6d92d9d32 (Unity) WinMain
0x00007ff6db149576 (Unity) __scrt_common_main_seh
0x00007ffbbb1813f2 (KERNEL32) BaseThreadInitThunk
0x00007ffbbba254f4 (ntdll) RtlUserThreadStart

Registering precompiled user dll's ...
Registered in 0.019192 seconds.
Begin MonoManager ReloadAssembly
Native extension for WindowsStandalone target not found
Native extension for WebGL target not found
Refreshing native plugins compatible for Editor in 0.71 ms, found 0 plugins.
Preloading 0 native plugins for Editor in 0.00 ms.
Invoked RoslynAnalysisRunner static constructor.
RoslynAnalysisRunner will not be running.
RoslynAnalysisRunner has terminated.
Mono: successfully reloaded assembly
- Completed reload, in  2.917 seconds
Platform modules already initialized, skipping
Refreshing native plugins compatible for Editor in 0.81 ms, found 0 plugins.
Preloading 0 native plugins for Editor in 0.00 ms.
Unloading 1133 Unused Serialized files (Serialized files now loaded: 0)
System memory in use before: 57.6 MB.
System memory in use after: 57.7 MB.

Unloading 4 unused Assets to reduce memory usage. Loaded Objects now: 1587.
Total: 5.346101 ms (FindLiveObjects: 0.470416 ms CreateObjectMapping: 0.104324 ms MarkObjects: 4.698399 ms  DeleteObjects: 0.069122 ms)

========================================================================
Received Prepare
Default GameObject BitMask: Water already registered
0x00007ff6d7df44ec (Unity) StackWalker::GetCurrentCallstack
0x00007ff6d7dfc8c9 (Unity) StackWalker::ShowCallstack
0x00007ff6d92cc75c (Unity) GetStacktrace
0x00007ff6da3b58b3 (Unity) DebugStringToFile
0x00007ff6d6deccb7 (Unity) TagManager::RegisterLayer
0x00007ff6d6ddeb04 (Unity) TagManager::Transfer<YAMLRead>
0x00007ff6d6df81da (Unity) TagManager::VirtualRedirectTransfer
0x00007ff6d7d4dffd (Unity) SerializedFile::ReadObject
0x00007ff6d7d12d33 (Unity) PersistentManager::ReloadFromDisk
0x00007ff6d9405236 (Unity) ReloadSerializedSingletons
0x00007ff6d9400226 (Unity) <lambda_79a3ebc38cb5166d44d10a16a21fca24>::operator()
0x00007ff6d94cb812 (Unity) asio::detail::completion_handler<core::mutable_function<void __cdecl(void)> >::do_complete
0x00007ff6d94cd970 (Unity) asio::detail::win_iocp_io_service::do_one
0x00007ff6d94d10fe (Unity) asio::io_service::run
0x00007ff6d9447220 (Unity) RunAssetImportWorkerClientV2
0x00007ff6d9447270 (Unity) RunAssetImporterV2
0x00007ff6d895faa6 (Unity) Application::InitializeProject
0x00007ff6d92d9d32 (Unity) WinMain
0x00007ff6db149576 (Unity) __scrt_common_main_seh
0x00007ffbbb1813f2 (KERNEL32) BaseThreadInitThunk
0x00007ffbbba254f4 (ntdll) RtlUserThreadStart

Registering precompiled user dll's ...
Registered in 0.002335 seconds.
Begin MonoManager ReloadAssembly
Native extension for WindowsStandalone target not found
Native extension for WebGL target not found
Refreshing native plugins compatible for Editor in 0.73 ms, found 0 plugins.
Preloading 0 native plugins for Editor in 0.00 ms.
Invoked RoslynAnalysisRunner static constructor.
RoslynAnalysisRunner will not be running.
RoslynAnalysisRunner has terminated.
Mono: successfully reloaded assembly
- Completed reload, in  3.134 seconds
Platform modules already initialized, skipping
Refreshing native plugins compatible for Editor in 0.74 ms, found 0 plugins.
Preloading 0 native plugins for Editor in 0.00 ms.
Unloading 1133 Unused Serialized files (Serialized files now loaded: 0)
System memory in use before: 57.6 MB.
System memory in use after: 57.7 MB.

Unloading 4 unused Assets to reduce memory usage. Loaded Objects now: 1590.
Total: 5.390903 ms (FindLiveObjects: 0.481936 ms CreateObjectMapping: 0.106244 ms MarkObjects: 4.731680 ms  DeleteObjects: 0.068482 ms)

========================================================================
Received Prepare
Default GameObject BitMask: Water already registered
0x00007ff6d7df44ec (Unity) StackWalker::GetCurrentCallstack
0x00007ff6d7dfc8c9 (Unity) StackWalker::ShowCallstack
0x00007ff6d92cc75c (Unity) GetStacktrace
0x00007ff6da3b58b3 (Unity) DebugStringToFile
0x00007ff6d6deccb7 (Unity) TagManager::RegisterLayer
0x00007ff6d6ddeb04 (Unity) TagManager::Transfer<YAMLRead>
0x00007ff6d6df81da (Unity) TagManager::VirtualRedirectTransfer
0x00007ff6d7d4dffd (Unity) SerializedFile::ReadObject
0x00007ff6d7d12d33 (Unity) PersistentManager::ReloadFromDisk
0x00007ff6d9405236 (Unity) ReloadSerializedSingletons
0x00007ff6d9400226 (Unity) <lambda_79a3ebc38cb5166d44d10a16a21fca24>::operator()
0x00007ff6d94cb812 (Unity) asio::detail::completion_handler<core::mutable_function<void __cdecl(void)> >::do_complete
0x00007ff6d94cd970 (Unity) asio::detail::win_iocp_io_service::do_one
0x00007ff6d94d10fe (Unity) asio::io_service::run
0x00007ff6d9447220 (Unity) RunAssetImportWorkerClientV2
0x00007ff6d9447270 (Unity) RunAssetImporterV2
0x00007ff6d895faa6 (Unity) Application::InitializeProject
0x00007ff6d92d9d32 (Unity) WinMain
0x00007ff6db149576 (Unity) __scrt_common_main_seh
0x00007ffbbb1813f2 (KERNEL32) BaseThreadInitThunk
0x00007ffbbba254f4 (ntdll) RtlUserThreadStart

Refreshing native plugins compatible for Editor in 3.43 ms, found 0 plugins.
Preloading 0 native plugins for Editor in 0.00 ms.
Unloading 2 Unused Serialized files (Serialized files now loaded: 0)
System memory in use before: 35.2 MB.
System memory in use after: 35.3 MB.

Unloading 2 unused Assets to reduce memory usage. Loaded Objects now: 1590.
Total: 9.574725 ms (FindLiveObjects: 0.718104 ms CreateObjectMapping: 0.228488 ms MarkObjects: 8.528289 ms  DeleteObjects: 0.086403 ms)

========================================================================
Received Prepare
Default GameObject BitMask: Water already registered
0x00007ff6d7df44ec (Unity) StackWalker::GetCurrentCallstack
0x00007ff6d7dfc8c9 (Unity) StackWalker::ShowCallstack
0x00007ff6d92cc75c (Unity) GetStacktrace
0x00007ff6da3b58b3 (Unity) DebugStringToFile
0x00007ff6d6deccb7 (Unity) TagManager::RegisterLayer
0x00007ff6d6ddeb04 (Unity) TagManager::Transfer<YAMLRead>
0x00007ff6d6df81da (Unity) TagManager::VirtualRedirectTransfer
0x00007ff6d7d4dffd (Unity) SerializedFile::ReadObject
0x00007ff6d7d12d33 (Unity) PersistentManager::ReloadFromDisk
0x00007ff6d9405236 (Unity) ReloadSerializedSingletons
0x00007ff6d9400226 (Unity) <lambda_79a3ebc38cb5166d44d10a16a21fca24>::operator()
0x00007ff6d94cb812 (Unity) asio::detail::completion_handler<core::mutable_function<void __cdecl(void)> >::do_complete
0x00007ff6d94cd970 (Unity) asio::detail::win_iocp_io_service::do_one
0x00007ff6d94d10fe (Unity) asio::io_service::run
0x00007ff6d9447220 (Unity) RunAssetImportWorkerClientV2
0x00007ff6d9447270 (Unity) RunAssetImporterV2
0x00007ff6d895faa6 (Unity) Application::InitializeProject
0x00007ff6d92d9d32 (Unity) WinMain
0x00007ff6db149576 (Unity) __scrt_common_main_seh
0x00007ffbbb1813f2 (KERNEL32) BaseThreadInitThunk
0x00007ffbbba254f4 (ntdll) RtlUserThreadStart

Registering precompiled user dll's ...
Registered in 0.004478 seconds.
Begin MonoManager ReloadAssembly
Native extension for WindowsStandalone target not found
Native extension for WebGL target not found
Refreshing native plugins compatible for Editor in 1.00 ms, found 0 plugins.
Preloading 0 native plugins for Editor in 0.00 ms.
Invoked RoslynAnalysisRunner static constructor.
RoslynAnalysisRunner will not be running.
RoslynAnalysisRunner has terminated.
Mono: successfully reloaded assembly
- Completed reload, in  4.127 seconds
Platform modules already initialized, skipping
Refreshing native plugins compatible for Editor in 0.78 ms, found 0 plugins.
Preloading 0 native plugins for Editor in 0.00 ms.
Unloading 1133 Unused Serialized files (Serialized files now loaded: 0)
System memory in use before: 57.7 MB.
System memory in use after: 57.8 MB.

Unloading 4 unused Assets to reduce memory usage. Loaded Objects now: 1593.
Total: 7.088880 ms (FindLiveObjects: 0.812188 ms CreateObjectMapping: 0.194567 ms MarkObjects: 6.002764 ms  DeleteObjects: 0.073602 ms)

========================================================================
Received Prepare
Default GameObject BitMask: Water already registered
0x00007ff6d7df44ec (Unity) StackWalker::GetCurrentCallstack
0x00007ff6d7dfc8c9 (Unity) StackWalker::ShowCallstack
0x00007ff6d92cc75c (Unity) GetStacktrace
0x00007ff6da3b58b3 (Unity) DebugStringToFile
0x00007ff6d6deccb7 (Unity) TagManager::RegisterLayer
0x00007ff6d6ddeb04 (Unity) TagManager::Transfer<YAMLRead>
0x00007ff6d6df81da (Unity) TagManager::VirtualRedirectTransfer
0x00007ff6d7d4dffd (Unity) SerializedFile::ReadObject
0x00007ff6d7d12d33 (Unity) PersistentManager::ReloadFromDisk
0x00007ff6d9405236 (Unity) ReloadSerializedSingletons
0x00007ff6d9400226 (Unity) <lambda_79a3ebc38cb5166d44d10a16a21fca24>::operator()
0x00007ff6d94cb812 (Unity) asio::detail::completion_handler<core::mutable_function<void __cdecl(void)> >::do_complete
0x00007ff6d94cd970 (Unity) asio::detail::win_iocp_io_service::do_one
0x00007ff6d94d10fe (Unity) asio::io_service::run
0x00007ff6d9447220 (Unity) RunAssetImportWorkerClientV2
0x00007ff6d9447270 (Unity) RunAssetImporterV2
0x00007ff6d895faa6 (Unity) Application::InitializeProject
0x00007ff6d92d9d32 (Unity) WinMain
0x00007ff6db149576 (Unity) __scrt_common_main_seh
0x00007ffbbb1813f2 (KERNEL32) BaseThreadInitThunk
0x00007ffbbba254f4 (ntdll) RtlUserThreadStart

Registering precompiled user dll's ...
Registered in 0.002654 seconds.
Begin MonoManager ReloadAssembly
Native extension for WindowsStandalone target not found
Native extension for WebGL target not found
Refreshing native plugins compatible for Editor in 0.79 ms, found 0 plugins.
Preloading 0 native plugins for Editor in 0.00 ms.
Invoked RoslynAnalysisRunner static constructor.
RoslynAnalysisRunner will not be running.
RoslynAnalysisRunner has terminated.
Mono: successfully reloaded assembly
- Completed reload, in  3.001 seconds
Platform modules already initialized, skipping
Refreshing native plugins compatible for Editor in 0.75 ms, found 0 plugins.
Preloading 0 native plugins for Editor in 0.00 ms.
Unloading 1133 Unused Serialized files (Serialized files now loaded: 0)
System memory in use before: 57.7 MB.
System memory in use after: 57.8 MB.

Unloading 4 unused Assets to reduce memory usage. Loaded Objects now: 1596.
Total: 5.644991 ms (FindLiveObjects: 0.546579 ms CreateObjectMapping: 0.144645 ms MarkObjects: 4.897446 ms  DeleteObjects: 0.052482 ms)

========================================================================
Received Prepare
Default GameObject BitMask: Water already registered
0x00007ff6d7df44ec (Unity) StackWalker::GetCurrentCallstack
0x00007ff6d7dfc8c9 (Unity) StackWalker::ShowCallstack
0x00007ff6d92cc75c (Unity) GetStacktrace
0x00007ff6da3b58b3 (Unity) DebugStringToFile
0x00007ff6d6deccb7 (Unity) TagManager::RegisterLayer
0x00007ff6d6ddeb04 (Unity) TagManager::Transfer<YAMLRead>
0x00007ff6d6df81da (Unity) TagManager::VirtualRedirectTransfer
0x00007ff6d7d4dffd (Unity) SerializedFile::ReadObject
0x00007ff6d7d12d33 (Unity) PersistentManager::ReloadFromDisk
0x00007ff6d9405236 (Unity) ReloadSerializedSingletons
0x00007ff6d9400226 (Unity) <lambda_79a3ebc38cb5166d44d10a16a21fca24>::operator()
0x00007ff6d94cb812 (Unity) asio::detail::completion_handler<core::mutable_function<void __cdecl(void)> >::do_complete
0x00007ff6d94cd970 (Unity) asio::detail::win_iocp_io_service::do_one
0x00007ff6d94d10fe (Unity) asio::io_service::run
0x00007ff6d9447220 (Unity) RunAssetImportWorkerClientV2
0x00007ff6d9447270 (Unity) RunAssetImporterV2
0x00007ff6d895faa6 (Unity) Application::InitializeProject
0x00007ff6d92d9d32 (Unity) WinMain
0x00007ff6db149576 (Unity) __scrt_common_main_seh
0x00007ffbbb1813f2 (KERNEL32) BaseThreadInitThunk
0x00007ffbbba254f4 (ntdll) RtlUserThreadStart

Registering precompiled user dll's ...
Registered in 0.002753 seconds.
Begin MonoManager ReloadAssembly
Native extension for WindowsStandalone target not found
Native extension for WebGL target not found
Refreshing native plugins compatible for Editor in 0.72 ms, found 0 plugins.
Preloading 0 native plugins for Editor in 0.00 ms.
Invoked RoslynAnalysisRunner static constructor.
RoslynAnalysisRunner will not be running.
RoslynAnalysisRunner has terminated.
Mono: successfully reloaded assembly
- Completed reload, in  3.036 seconds
Platform modules already initialized, skipping
Refreshing native plugins compatible for Editor in 0.76 ms, found 0 plugins.
Preloading 0 native plugins for Editor in 0.00 ms.
Unloading 1133 Unused Serialized files (Serialized files now loaded: 0)
System memory in use before: 57.7 MB.
System memory in use after: 57.8 MB.

Unloading 4 unused Assets to reduce memory usage. Loaded Objects now: 1599.
Total: 5.336501 ms (FindLiveObjects: 0.552979 ms CreateObjectMapping: 0.117124 ms MarkObjects: 4.611996 ms  DeleteObjects: 0.051842 ms)

========================================================================
Received Prepare
Default GameObject BitMask: Water already registered
0x00007ff6d7df44ec (Unity) StackWalker::GetCurrentCallstack
0x00007ff6d7dfc8c9 (Unity) StackWalker::ShowCallstack
0x00007ff6d92cc75c (Unity) GetStacktrace
0x00007ff6da3b58b3 (Unity) DebugStringToFile
0x00007ff6d6deccb7 (Unity) TagManager::RegisterLayer
0x00007ff6d6ddeb04 (Unity) TagManager::Transfer<YAMLRead>
0x00007ff6d6df81da (Unity) TagManager::VirtualRedirectTransfer
0x00007ff6d7d4dffd (Unity) SerializedFile::ReadObject
0x00007ff6d7d12d33 (Unity) PersistentManager::ReloadFromDisk
0x00007ff6d9405236 (Unity) ReloadSerializedSingletons
0x00007ff6d9400226 (Unity) <lambda_79a3ebc38cb5166d44d10a16a21fca24>::operator()
0x00007ff6d94cb812 (Unity) asio::detail::completion_handler<core::mutable_function<void __cdecl(void)> >::do_complete
0x00007ff6d94cd970 (Unity) asio::detail::win_iocp_io_service::do_one
0x00007ff6d94d10fe (Unity) asio::io_service::run
0x00007ff6d9447220 (Unity) RunAssetImportWorkerClientV2
0x00007ff6d9447270 (Unity) RunAssetImporterV2
0x00007ff6d895faa6 (Unity) Application::InitializeProject
0x00007ff6d92d9d32 (Unity) WinMain
0x00007ff6db149576 (Unity) __scrt_common_main_seh
0x00007ffbbb1813f2 (KERNEL32) BaseThreadInitThunk
0x00007ffbbba254f4 (ntdll) RtlUserThreadStart

Registering precompiled user dll's ...
Registered in 0.002286 seconds.
Begin MonoManager ReloadAssembly
Native extension for WindowsStandalone target not found
Native extension for WebGL target not found
Refreshing native plugins compatible for Editor in 0.71 ms, found 0 plugins.
Preloading 0 native plugins for Editor in 0.00 ms.
Invoked RoslynAnalysisRunner static constructor.
RoslynAnalysisRunner will not be running.
RoslynAnalysisRunner has terminated.
Mono: successfully reloaded assembly
- Completed reload, in  2.854 seconds
Platform modules already initialized, skipping
Refreshing native plugins compatible for Editor in 0.78 ms, found 0 plugins.
Preloading 0 native plugins for Editor in 0.00 ms.
Unloading 1133 Unused Serialized files (Serialized files now loaded: 0)
System memory in use before: 57.7 MB.
System memory in use after: 57.8 MB.

Unloading 4 unused Assets to reduce memory usage. Loaded Objects now: 1602.
Total: 5.515707 ms (FindLiveObjects: 0.542098 ms CreateObjectMapping: 0.099843 ms MarkObjects: 4.817443 ms  DeleteObjects: 0.051842 ms)

========================================================================
Received Prepare
Default GameObject BitMask: Water already registered
0x00007ff6d7df44ec (Unity) StackWalker::GetCurrentCallstack
0x00007ff6d7dfc8c9 (Unity) StackWalker::ShowCallstack
0x00007ff6d92cc75c (Unity) GetStacktrace
0x00007ff6da3b58b3 (Unity) DebugStringToFile
0x00007ff6d6deccb7 (Unity) TagManager::RegisterLayer
0x00007ff6d6ddeb04 (Unity) TagManager::Transfer<YAMLRead>
0x00007ff6d6df81da (Unity) TagManager::VirtualRedirectTransfer
0x00007ff6d7d4dffd (Unity) SerializedFile::ReadObject
0x00007ff6d7d12d33 (Unity) PersistentManager::ReloadFromDisk
0x00007ff6d9405236 (Unity) ReloadSerializedSingletons
0x00007ff6d9400226 (Unity) <lambda_79a3ebc38cb5166d44d10a16a21fca24>::operator()
0x00007ff6d94cb812 (Unity) asio::detail::completion_handler<core::mutable_function<void __cdecl(void)> >::do_complete
0x00007ff6d94cd970 (Unity) asio::detail::win_iocp_io_service::do_one
0x00007ff6d94d10fe (Unity) asio::io_service::run
0x00007ff6d9447220 (Unity) RunAssetImportWorkerClientV2
0x00007ff6d9447270 (Unity) RunAssetImporterV2
0x00007ff6d895faa6 (Unity) Application::InitializeProject
0x00007ff6d92d9d32 (Unity) WinMain
0x00007ff6db149576 (Unity) __scrt_common_main_seh
0x00007ffbbb1813f2 (KERNEL32) BaseThreadInitThunk
0x00007ffbbba254f4 (ntdll) RtlUserThreadStart

Refreshing native plugins compatible for Editor in 2.75 ms, found 0 plugins.
Preloading 0 native plugins for Editor in 0.00 ms.
Unloading 2 Unused Serialized files (Serialized files now loaded: 0)
System memory in use before: 35.3 MB.
System memory in use after: 35.4 MB.

Unloading 2 unused Assets to reduce memory usage. Loaded Objects now: 1602.
Total: 6.129488 ms (FindLiveObjects: 0.496017 ms CreateObjectMapping: 0.181766 ms MarkObjects: 5.391543 ms  DeleteObjects: 0.053762 ms)

========================================================================
Received Prepare
Default GameObject BitMask: Water already registered
0x00007ff6d7df44ec (Unity) StackWalker::GetCurrentCallstack
0x00007ff6d7dfc8c9 (Unity) StackWalker::ShowCallstack
0x00007ff6d92cc75c (Unity) GetStacktrace
0x00007ff6da3b58b3 (Unity) DebugStringToFile
0x00007ff6d6deccb7 (Unity) TagManager::RegisterLayer
0x00007ff6d6ddeb04 (Unity) TagManager::Transfer<YAMLRead>
0x00007ff6d6df81da (Unity) TagManager::VirtualRedirectTransfer
0x00007ff6d7d4dffd (Unity) SerializedFile::ReadObject
0x00007ff6d7d12d33 (Unity) PersistentManager::ReloadFromDisk
0x00007ff6d9405236 (Unity) ReloadSerializedSingletons
0x00007ff6d9400226 (Unity) <lambda_79a3ebc38cb5166d44d10a16a21fca24>::operator()
0x00007ff6d94cb812 (Unity) asio::detail::completion_handler<core::mutable_function<void __cdecl(void)> >::do_complete
0x00007ff6d94cd970 (Unity) asio::detail::win_iocp_io_service::do_one
0x00007ff6d94d10fe (Unity) asio::io_service::run
0x00007ff6d9447220 (Unity) RunAssetImportWorkerClientV2
0x00007ff6d9447270 (Unity) RunAssetImporterV2
0x00007ff6d895faa6 (Unity) Application::InitializeProject
0x00007ff6d92d9d32 (Unity) WinMain
0x00007ff6db149576 (Unity) __scrt_common_main_seh
0x00007ffbbb1813f2 (KERNEL32) BaseThreadInitThunk
0x00007ffbbba254f4 (ntdll) RtlUserThreadStart

Registering precompiled user dll's ...
Registered in 0.004506 seconds.
Begin MonoManager ReloadAssembly
Native extension for WindowsStandalone target not found
Native extension for WebGL target not found
Refreshing native plugins compatible for Editor in 1.28 ms, found 0 plugins.
Preloading 0 native plugins for Editor in 0.00 ms.
Invoked RoslynAnalysisRunner static constructor.
RoslynAnalysisRunner will not be running.
RoslynAnalysisRunner has terminated.
Mono: successfully reloaded assembly
- Completed reload, in  5.305 seconds
Platform modules already initialized, skipping
Refreshing native plugins compatible for Editor in 1.07 ms, found 0 plugins.
Preloading 0 native plugins for Editor in 0.00 ms.
Unloading 1133 Unused Serialized files (Serialized files now loaded: 0)
System memory in use before: 57.7 MB.
System memory in use after: 57.8 MB.

Unloading 4 unused Assets to reduce memory usage. Loaded Objects now: 1605.
Total: 9.554884 ms (FindLiveObjects: 0.728985 ms CreateObjectMapping: 0.172166 ms MarkObjects: 8.549410 ms  DeleteObjects: 0.098563 ms)

========================================================================
Received Prepare
Default GameObject BitMask: Water already registered
0x00007ff6d7df44ec (Unity) StackWalker::GetCurrentCallstack
0x00007ff6d7dfc8c9 (Unity) StackWalker::ShowCallstack
0x00007ff6d92cc75c (Unity) GetStacktrace
0x00007ff6da3b58b3 (Unity) DebugStringToFile
0x00007ff6d6deccb7 (Unity) TagManager::RegisterLayer
0x00007ff6d6ddeb04 (Unity) TagManager::Transfer<YAMLRead>
0x00007ff6d6df81da (Unity) TagManager::VirtualRedirectTransfer
0x00007ff6d7d4dffd (Unity) SerializedFile::ReadObject
0x00007ff6d7d12d33 (Unity) PersistentManager::ReloadFromDisk
0x00007ff6d9405236 (Unity) ReloadSerializedSingletons
0x00007ff6d9400226 (Unity) <lambda_79a3ebc38cb5166d44d10a16a21fca24>::operator()
0x00007ff6d94cb812 (Unity) asio::detail::completion_handler<core::mutable_function<void __cdecl(void)> >::do_complete
0x00007ff6d94cd970 (Unity) asio::detail::win_iocp_io_service::do_one
0x00007ff6d94d10fe (Unity) asio::io_service::run
0x00007ff6d9447220 (Unity) RunAssetImportWorkerClientV2
0x00007ff6d9447270 (Unity) RunAssetImporterV2
0x00007ff6d895faa6 (Unity) Application::InitializeProject
0x00007ff6d92d9d32 (Unity) WinMain
0x00007ff6db149576 (Unity) __scrt_common_main_seh
0x00007ffbbb1813f2 (KERNEL32) BaseThreadInitThunk
0x00007ffbbba254f4 (ntdll) RtlUserThreadStart

Registering precompiled user dll's ...
Registered in 0.003348 seconds.
Begin MonoManager ReloadAssembly
Native extension for WindowsStandalone target not found
Native extension for WebGL target not found
Refreshing native plugins compatible for Editor in 0.99 ms, found 0 plugins.
Preloading 0 native plugins for Editor in 0.00 ms.
Invoked RoslynAnalysisRunner static constructor.
RoslynAnalysisRunner will not be running.
RoslynAnalysisRunner has terminated.
Mono: successfully reloaded assembly
- Completed reload, in  4.956 seconds
Platform modules already initialized, skipping
Refreshing native plugins compatible for Editor in 1.00 ms, found 0 plugins.
Preloading 0 native plugins for Editor in 0.00 ms.
Unloading 1133 Unused Serialized files (Serialized files now loaded: 0)
System memory in use before: 57.7 MB.
System memory in use after: 57.8 MB.

Unloading 4 unused Assets to reduce memory usage. Loaded Objects now: 1608.
Total: 7.753863 ms (FindLiveObjects: 0.711704 ms CreateObjectMapping: 0.169606 ms MarkObjects: 6.801511 ms  DeleteObjects: 0.066562 ms)

========================================================================
Received Prepare
Default GameObject BitMask: Water already registered
0x00007ff6d7df44ec (Unity) StackWalker::GetCurrentCallstack
0x00007ff6d7dfc8c9 (Unity) StackWalker::ShowCallstack
0x00007ff6d92cc75c (Unity) GetStacktrace
0x00007ff6da3b58b3 (Unity) DebugStringToFile
0x00007ff6d6deccb7 (Unity) TagManager::RegisterLayer
0x00007ff6d6ddeb04 (Unity) TagManager::Transfer<YAMLRead>
0x00007ff6d6df81da (Unity) TagManager::VirtualRedirectTransfer
0x00007ff6d7d4dffd (Unity) SerializedFile::ReadObject
0x00007ff6d7d12d33 (Unity) PersistentManager::ReloadFromDisk
0x00007ff6d9405236 (Unity) ReloadSerializedSingletons
0x00007ff6d9400226 (Unity) <lambda_79a3ebc38cb5166d44d10a16a21fca24>::operator()
0x00007ff6d94cb812 (Unity) asio::detail::completion_handler<core::mutable_function<void __cdecl(void)> >::do_complete
0x00007ff6d94cd970 (Unity) asio::detail::win_iocp_io_service::do_one
0x00007ff6d94d10fe (Unity) asio::io_service::run
0x00007ff6d9447220 (Unity) RunAssetImportWorkerClientV2
0x00007ff6d9447270 (Unity) RunAssetImporterV2
0x00007ff6d895faa6 (Unity) Application::InitializeProject
0x00007ff6d92d9d32 (Unity) WinMain
0x00007ff6db149576 (Unity) __scrt_common_main_seh
0x00007ffbbb1813f2 (KERNEL32) BaseThreadInitThunk
0x00007ffbbba254f4 (ntdll) RtlUserThreadStart

Registering precompiled user dll's ...
Registered in 0.003481 seconds.
Begin MonoManager ReloadAssembly
Native extension for WindowsStandalone target not found
Native extension for WebGL target not found
Refreshing native plugins compatible for Editor in 0.98 ms, found 0 plugins.
Preloading 0 native plugins for Editor in 0.00 ms.
Invoked RoslynAnalysisRunner static constructor.
RoslynAnalysisRunner will not be running.
RoslynAnalysisRunner has terminated.
Mono: successfully reloaded assembly
- Completed reload, in  5.067 seconds
Platform modules already initialized, skipping
Refreshing native plugins compatible for Editor in 1.04 ms, found 0 plugins.
Preloading 0 native plugins for Editor in 0.00 ms.
Unloading 1133 Unused Serialized files (Serialized files now loaded: 0)
System memory in use before: 57.7 MB.
System memory in use after: 57.8 MB.

Unloading 4 unused Assets to reduce memory usage. Loaded Objects now: 1611.
Total: 8.265240 ms (FindLiveObjects: 0.718104 ms CreateObjectMapping: 0.165126 ms MarkObjects: 7.303288 ms  DeleteObjects: 0.072962 ms)

========================================================================
Received Prepare
Default GameObject BitMask: Water already registered
0x00007ff6d7df44ec (Unity) StackWalker::GetCurrentCallstack
0x00007ff6d7dfc8c9 (Unity) StackWalker::ShowCallstack
0x00007ff6d92cc75c (Unity) GetStacktrace
0x00007ff6da3b58b3 (Unity) DebugStringToFile
0x00007ff6d6deccb7 (Unity) TagManager::RegisterLayer
0x00007ff6d6ddeb04 (Unity) TagManager::Transfer<YAMLRead>
0x00007ff6d6df81da (Unity) TagManager::VirtualRedirectTransfer
0x00007ff6d7d4dffd (Unity) SerializedFile::ReadObject
0x00007ff6d7d12d33 (Unity) PersistentManager::ReloadFromDisk
0x00007ff6d9405236 (Unity) ReloadSerializedSingletons
0x00007ff6d9400226 (Unity) <lambda_79a3ebc38cb5166d44d10a16a21fca24>::operator()
0x00007ff6d94cb812 (Unity) asio::detail::completion_handler<core::mutable_function<void __cdecl(void)> >::do_complete
0x00007ff6d94cd970 (Unity) asio::detail::win_iocp_io_service::do_one
0x00007ff6d94d10fe (Unity) asio::io_service::run
0x00007ff6d9447220 (Unity) RunAssetImportWorkerClientV2
0x00007ff6d9447270 (Unity) RunAssetImporterV2
0x00007ff6d895faa6 (Unity) Application::InitializeProject
0x00007ff6d92d9d32 (Unity) WinMain
0x00007ff6db149576 (Unity) __scrt_common_main_seh
0x00007ffbbb1813f2 (KERNEL32) BaseThreadInitThunk
0x00007ffbbba254f4 (ntdll) RtlUserThreadStart

Registering precompiled user dll's ...
Registered in 0.003508 seconds.
Begin MonoManager ReloadAssembly
Native extension for WindowsStandalone target not found
Native extension for WebGL target not found
Refreshing native plugins compatible for Editor in 1.03 ms, found 0 plugins.
Preloading 0 native plugins for Editor in 0.00 ms.
Invoked RoslynAnalysisRunner static constructor.
RoslynAnalysisRunner will not be running.
RoslynAnalysisRunner has terminated.
Mono: successfully reloaded assembly
- Completed reload, in  6.425 seconds
Platform modules already initialized, skipping
Refreshing native plugins compatible for Editor in 1.04 ms, found 0 plugins.
Preloading 0 native plugins for Editor in 0.00 ms.
Unloading 1133 Unused Serialized files (Serialized files now loaded: 0)
System memory in use before: 57.7 MB.
System memory in use after: 57.8 MB.

Unloading 4 unused Assets to reduce memory usage. Loaded Objects now: 1614.
Total: 9.033906 ms (FindLiveObjects: 1.040035 ms CreateObjectMapping: 0.305290 ms MarkObjects: 7.611138 ms  DeleteObjects: 0.071682 ms)

========================================================================
Received Import Request.
  path: Assets/Scripts/systemSettings.cs
  artifactKey: Guid(cad07bf6e24d63e469b55aca19544030) Importer(815301076,1909f56bfc062723c751e8b465ee728b)
Start importing Assets/Scripts/systemSettings.cs using Guid(cad07bf6e24d63e469b55aca19544030) Importer(815301076,1909f56bfc062723c751e8b465ee728b)  -> (artifact id: '74e0db7be65c50117919d6d4862c31be') in 0.139724 seconds
  Import took 0.162944 seconds .

========================================================================
Received Prepare
Default GameObject BitMask: Water already registered
0x00007ff6d7df44ec (Unity) StackWalker::GetCurrentCallstack
0x00007ff6d7dfc8c9 (Unity) StackWalker::ShowCallstack
0x00007ff6d92cc75c (Unity) GetStacktrace
0x00007ff6da3b58b3 (Unity) DebugStringToFile
0x00007ff6d6deccb7 (Unity) TagManager::RegisterLayer
0x00007ff6d6ddeb04 (Unity) TagManager::Transfer<YAMLRead>
0x00007ff6d6df81da (Unity) TagManager::VirtualRedirectTransfer
0x00007ff6d7d4dffd (Unity) SerializedFile::ReadObject
0x00007ff6d7d12d33 (Unity) PersistentManager::ReloadFromDisk
0x00007ff6d9405236 (Unity) ReloadSerializedSingletons
0x00007ff6d9400226 (Unity) <lambda_79a3ebc38cb5166d44d10a16a21fca24>::operator()
0x00007ff6d94cb812 (Unity) asio::detail::completion_handler<core::mutable_function<void __cdecl(void)> >::do_complete
0x00007ff6d94cd970 (Unity) asio::detail::win_iocp_io_service::do_one
0x00007ff6d94d10fe (Unity) asio::io_service::run
0x00007ff6d9447220 (Unity) RunAssetImportWorkerClientV2
0x00007ff6d9447270 (Unity) RunAssetImporterV2
0x00007ff6d895faa6 (Unity) Application::InitializeProject
0x00007ff6d92d9d32 (Unity) WinMain
0x00007ff6db149576 (Unity) __scrt_common_main_seh
0x00007ffbbb1813f2 (KERNEL32) BaseThreadInitThunk
0x00007ffbbba254f4 (ntdll) RtlUserThreadStart

Registering precompiled user dll's ...
Registered in 0.003960 seconds.
Begin MonoManager ReloadAssembly
Native extension for WindowsStandalone target not found
Native extension for WebGL target not found
Refreshing native plugins compatible for Editor in 0.99 ms, found 0 plugins.
Preloading 0 native plugins for Editor in 0.00 ms.
Invoked RoslynAnalysisRunner static constructor.
RoslynAnalysisRunner will not be running.
RoslynAnalysisRunner has terminated.
Mono: successfully reloaded assembly
- Completed reload, in  5.380 seconds
Platform modules already initialized, skipping
Refreshing native plugins compatible for Editor in 1.11 ms, found 0 plugins.
Preloading 0 native plugins for Editor in 0.00 ms.
Unloading 1133 Unused Serialized files (Serialized files now loaded: 0)
System memory in use before: 57.7 MB.
System memory in use after: 57.8 MB.

Unloading 4 unused Assets to reduce memory usage. Loaded Objects now: 1617.
Total: 8.163477 ms (FindLiveObjects: 0.759706 ms CreateObjectMapping: 0.176646 ms MarkObjects: 7.152243 ms  DeleteObjects: 0.070402 ms)

========================================================================
Received Import Request.
  Time since last request: 40.760504 seconds.
  path: Assets/Scripts/systemSettings.cs
  artifactKey: Guid(cad07bf6e24d63e469b55aca19544030) Importer(815301076,1909f56bfc062723c751e8b465ee728b)
Start importing Assets/Scripts/systemSettings.cs using Guid(cad07bf6e24d63e469b55aca19544030) Importer(815301076,1909f56bfc062723c751e8b465ee728b)  -> (artifact id: '4a023b5858c81fd4028505426c0aff90') in 0.035002 seconds
  Import took 0.044291 seconds .

========================================================================
Received Import Request.
  Time since last request: 0.004386 seconds.
  path: Assets/Scripts/systemSettings.cs
  artifactKey: Guid(cad07bf6e24d63e469b55aca19544030) Importer(815301076,1909f56bfc062723c751e8b465ee728b)
Start importing Assets/Scripts/systemSettings.cs using Guid(cad07bf6e24d63e469b55aca19544030) Importer(815301076,1909f56bfc062723c751e8b465ee728b)  -> (artifact id: '4a023b5858c81fd4028505426c0aff90') in 0.026478 seconds
  Import took 0.037356 seconds .

========================================================================
Received Prepare
Default GameObject BitMask: Water already registered
0x00007ff6d7df44ec (Unity) StackWalker::GetCurrentCallstack
0x00007ff6d7dfc8c9 (Unity) StackWalker::ShowCallstack
0x00007ff6d92cc75c (Unity) GetStacktrace
0x00007ff6da3b58b3 (Unity) DebugStringToFile
0x00007ff6d6deccb7 (Unity) TagManager::RegisterLayer
0x00007ff6d6ddeb04 (Unity) TagManager::Transfer<YAMLRead>
0x00007ff6d6df81da (Unity) TagManager::VirtualRedirectTransfer
0x00007ff6d7d4dffd (Unity) SerializedFile::ReadObject
0x00007ff6d7d12d33 (Unity) PersistentManager::ReloadFromDisk
0x00007ff6d9405236 (Unity) ReloadSerializedSingletons
0x00007ff6d9400226 (Unity) <lambda_79a3ebc38cb5166d44d10a16a21fca24>::operator()
0x00007ff6d94cb812 (Unity) asio::detail::completion_handler<core::mutable_function<void __cdecl(void)> >::do_complete
0x00007ff6d94cd970 (Unity) asio::detail::win_iocp_io_service::do_one
0x00007ff6d94d10fe (Unity) asio::io_service::run
0x00007ff6d9447220 (Unity) RunAssetImportWorkerClientV2
0x00007ff6d9447270 (Unity) RunAssetImporterV2
0x00007ff6d895faa6 (Unity) Application::InitializeProject
0x00007ff6d92d9d32 (Unity) WinMain
0x00007ff6db149576 (Unity) __scrt_common_main_seh
0x00007ffbbb1813f2 (KERNEL32) BaseThreadInitThunk
0x00007ffbbba254f4 (ntdll) RtlUserThreadStart

Registering precompiled user dll's ...
Registered in 0.004157 seconds.
Begin MonoManager ReloadAssembly
Native extension for WindowsStandalone target not found
Native extension for WebGL target not found
Refreshing native plugins compatible for Editor in 1.13 ms, found 0 plugins.
Preloading 0 native plugins for Editor in 0.00 ms.
Invoked RoslynAnalysisRunner static constructor.
RoslynAnalysisRunner will not be running.
RoslynAnalysisRunner has terminated.
Mono: successfully reloaded assembly
- Completed reload, in  5.631 seconds
Platform modules already initialized, skipping
Refreshing native plugins compatible for Editor in 1.10 ms, found 0 plugins.
Preloading 0 native plugins for Editor in 0.00 ms.
Unloading 1133 Unused Serialized files (Serialized files now loaded: 0)
System memory in use before: 57.8 MB.
System memory in use after: 57.9 MB.

Unloading 4 unused Assets to reduce memory usage. Loaded Objects now: 1620.
Total: 9.145270 ms (FindLiveObjects: 0.846749 ms CreateObjectMapping: 0.288650 ms MarkObjects: 7.930509 ms  DeleteObjects: 0.073602 ms)

========================================================================
Received Prepare
Default GameObject BitMask: Water already registered
0x00007ff6d7df44ec (Unity) StackWalker::GetCurrentCallstack
0x00007ff6d7dfc8c9 (Unity) StackWalker::ShowCallstack
0x00007ff6d92cc75c (Unity) GetStacktrace
0x00007ff6da3b58b3 (Unity) DebugStringToFile
0x00007ff6d6deccb7 (Unity) TagManager::RegisterLayer
0x00007ff6d6ddeb04 (Unity) TagManager::Transfer<YAMLRead>
0x00007ff6d6df81da (Unity) TagManager::VirtualRedirectTransfer
0x00007ff6d7d4dffd (Unity) SerializedFile::ReadObject
0x00007ff6d7d12d33 (Unity) PersistentManager::ReloadFromDisk
0x00007ff6d9405236 (Unity) ReloadSerializedSingletons
0x00007ff6d9400226 (Unity) <lambda_79a3ebc38cb5166d44d10a16a21fca24>::operator()
0x00007ff6d94cb812 (Unity) asio::detail::completion_handler<core::mutable_function<void __cdecl(void)> >::do_complete
0x00007ff6d94cd970 (Unity) asio::detail::win_iocp_io_service::do_one
0x00007ff6d94d10fe (Unity) asio::io_service::run
0x00007ff6d9447220 (Unity) RunAssetImportWorkerClientV2
0x00007ff6d9447270 (Unity) RunAssetImporterV2
0x00007ff6d895faa6 (Unity) Application::InitializeProject
0x00007ff6d92d9d32 (Unity) WinMain
0x00007ff6db149576 (Unity) __scrt_common_main_seh
0x00007ffbbb1813f2 (KERNEL32) BaseThreadInitThunk
0x00007ffbbba254f4 (ntdll) RtlUserThreadStart

Registering precompiled user dll's ...
Registered in 0.005613 seconds.
Begin MonoManager ReloadAssembly
Native extension for WindowsStandalone target not found
Native extension for WebGL target not found
Refreshing native plugins compatible for Editor in 1.03 ms, found 0 plugins.
Preloading 0 native plugins for Editor in 0.00 ms.
Invoked RoslynAnalysisRunner static constructor.
RoslynAnalysisRunner will not be running.
RoslynAnalysisRunner has terminated.
Mono: successfully reloaded assembly
- Completed reload, in  6.092 seconds
Platform modules already initialized, skipping
Refreshing native plugins compatible for Editor in 1.11 ms, found 0 plugins.
Preloading 0 native plugins for Editor in 0.00 ms.
Unloading 1133 Unused Serialized files (Serialized files now loaded: 0)
System memory in use before: 57.8 MB.
System memory in use after: 57.9 MB.

Unloading 4 unused Assets to reduce memory usage. Loaded Objects now: 1623.
Total: 8.586531 ms (FindLiveObjects: 0.680983 ms CreateObjectMapping: 0.183686 ms MarkObjects: 7.645059 ms  DeleteObjects: 0.072322 ms)

========================================================================
Received Prepare
Default GameObject BitMask: Water already registered
0x00007ff6d7df44ec (Unity) StackWalker::GetCurrentCallstack
0x00007ff6d7dfc8c9 (Unity) StackWalker::ShowCallstack
0x00007ff6d92cc75c (Unity) GetStacktrace
0x00007ff6da3b58b3 (Unity) DebugStringToFile
0x00007ff6d6deccb7 (Unity) TagManager::RegisterLayer
0x00007ff6d6ddeb04 (Unity) TagManager::Transfer<YAMLRead>
0x00007ff6d6df81da (Unity) TagManager::VirtualRedirectTransfer
0x00007ff6d7d4dffd (Unity) SerializedFile::ReadObject
0x00007ff6d7d12d33 (Unity) PersistentManager::ReloadFromDisk
0x00007ff6d9405236 (Unity) ReloadSerializedSingletons
0x00007ff6d9400226 (Unity) <lambda_79a3ebc38cb5166d44d10a16a21fca24>::operator()
0x00007ff6d94cb812 (Unity) asio::detail::completion_handler<core::mutable_function<void __cdecl(void)> >::do_complete
0x00007ff6d94cd970 (Unity) asio::detail::win_iocp_io_service::do_one
0x00007ff6d94d10fe (Unity) asio::io_service::run
0x00007ff6d9447220 (Unity) RunAssetImportWorkerClientV2
0x00007ff6d9447270 (Unity) RunAssetImporterV2
0x00007ff6d895faa6 (Unity) Application::InitializeProject
0x00007ff6d92d9d32 (Unity) WinMain
0x00007ff6db149576 (Unity) __scrt_common_main_seh
0x00007ffbbb1813f2 (KERNEL32) BaseThreadInitThunk
0x00007ffbbba254f4 (ntdll) RtlUserThreadStart

Registering precompiled user dll's ...
Registered in 0.004306 seconds.
Begin MonoManager ReloadAssembly
Native extension for WindowsStandalone target not found
Native extension for WebGL target not found
Refreshing native plugins compatible for Editor in 3.04 ms, found 0 plugins.
Preloading 0 native plugins for Editor in 0.00 ms.
Invoked RoslynAnalysisRunner static constructor.
RoslynAnalysisRunner will not be running.
RoslynAnalysisRunner has terminated.
Mono: successfully reloaded assembly
- Completed reload, in  7.794 seconds
Platform modules already initialized, skipping
Refreshing native plugins compatible for Editor in 1.14 ms, found 0 plugins.
Preloading 0 native plugins for Editor in 0.00 ms.
Unloading 1133 Unused Serialized files (Serialized files now loaded: 0)
System memory in use before: 57.8 MB.
System memory in use after: 57.9 MB.

Unloading 4 unused Assets to reduce memory usage. Loaded Objects now: 1626.
Total: 17.023297 ms (FindLiveObjects: 1.839422 ms CreateObjectMapping: 0.509457 ms MarkObjects: 14.387688 ms  DeleteObjects: 0.280970 ms)

